#
# There is insufficient memory for the Java Runtime Environment to continue.
# Native memory allocation (mmap) failed to map 1146880 bytes for G1 virtual space
# Possible reasons:
#   The system is out of physical RAM or swap space
#   The process is running with CompressedOops enabled, and the Java Heap may be blocking the growth of the native heap
# Possible solutions:
#   Reduce memory load on the system
#   Increase physical memory or swap space
#   Check if swap backing store is full
#   Decrease Java heap size (-Xmx/-Xms)
#   Decrease number of Java threads
#   Decrease Java thread stack sizes (-Xss)
#   Set larger code cache with -XX:ReservedCodeCacheSize=
#   JVM is running with Unscaled Compressed Oops mode in which the Java heap is
#     placed in the first 4GB address space. The Java Heap base address is the
#     maximum limit for the native heap growth. Please use -XX:HeapBaseMinAddress
#     to set the Java Heap base and to place the Java Heap above 4GB virtual address.
# This output file may be truncated or incomplete.
#
#  Out of Memory Error (os_windows.cpp:3530), pid=4296, tid=10756
#
# JRE version: Java(TM) SE Runtime Environment (18.0.1+10) (build 18.0.1+10-24)
# Java VM: Java HotSpot(TM) 64-Bit Server VM (18.0.1+10-24, mixed mode, sharing, tiered, compressed oops, compressed class ptrs, g1 gc, windows-amd64)
# No core dump will be written. Minidumps are not enabled by default on client versions of Windows
#

---------------  S U M M A R Y ------------

Command Line: -javaagent:C:\Program Files\JetBrains\IntelliJ IDEA 2022.1\lib\idea_rt.jar=57945:C:\Program Files\JetBrains\IntelliJ IDEA 2022.1\bin -Dfile.encoding=UTF-8 com.training.rest.webservices.restfulwebservices.RestfulWebServicesApplication

Host: Intel(R) Core(TM) i5-3210M CPU @ 2.50GHz, 4 cores, 7G,  Windows 10 , 64 bit Build 19041 (10.0.19041.1566)
Time: Tue May  3 12:13:09 2022 India Standard Time elapsed time: 17.760674 seconds (0d 0h 0m 17s)

---------------  T H R E A D  ---------------

Current thread (0x0000029860881d70):  VMThread "VM Thread" [stack: 0x000000fc24100000,0x000000fc24200000] [id=10756]

Stack: [0x000000fc24100000,0x000000fc24200000]
Native frames: (J=compiled Java code, j=interpreted, Vv=VM code, C=native code)
V  [jvm.dll+0x69887a]
V  [jvm.dll+0x7f38bd]
V  [jvm.dll+0x7f51ce]
V  [jvm.dll+0x7f5883]
V  [jvm.dll+0x25ca3f]
V  [jvm.dll+0x6957c9]
V  [jvm.dll+0x68a2fa]
V  [jvm.dll+0x321efb]
V  [jvm.dll+0x3298d6]
V  [jvm.dll+0x37e4a8]
V  [jvm.dll+0x37e6af]
V  [jvm.dll+0x2f9c7a]
V  [jvm.dll+0x2f9d27]
V  [jvm.dll+0x33e262]
V  [jvm.dll+0x33c804]
V  [jvm.dll+0x2f9450]
V  [jvm.dll+0x33bddb]
V  [jvm.dll+0x7fa66b]
V  [jvm.dll+0x7fb404]
V  [jvm.dll+0x7fb93c]
V  [jvm.dll+0x7fbd94]
V  [jvm.dll+0x7fbe57]
V  [jvm.dll+0x7a03ea]
V  [jvm.dll+0x697725]
C  [ucrtbase.dll+0x21bb2]
C  [KERNEL32.DLL+0x17034]
C  [ntdll.dll+0x52651]

VM_Operation (0x000000fc255fc1d0): G1CollectForAllocation, mode: safepoint, requested by thread 0x000002986555c020


---------------  P R O C E S S  ---------------

Threads class SMR info:
_java_thread_list=0x000002986878e1b0, length=20, elements={
0x000002984104ee20, 0x0000029860886430, 0x0000029860886fa0, 0x00000298608a26e0,
0x00000298608a2f90, 0x00000298608a3840, 0x00000298608a40f0, 0x00000298608a4cd0,
0x00000298608a55c0, 0x000002986091cd90, 0x0000029864c105f0, 0x0000029864ec3980,
0x000002986511f700, 0x0000029865415890, 0x000002986555c020, 0x00000298657ca030,
0x0000029865a1fa30, 0x0000029865a20d70, 0x0000029865a21710, 0x0000029865a220b0
}

Java Threads: ( => current thread )
  0x000002984104ee20 JavaThread "main" [_thread_blocked, id=3748, stack(0x000000fc23b00000,0x000000fc23c00000)]
  0x0000029860886430 JavaThread "Reference Handler" daemon [_thread_blocked, id=9108, stack(0x000000fc24200000,0x000000fc24300000)]
  0x0000029860886fa0 JavaThread "Finalizer" daemon [_thread_blocked, id=5924, stack(0x000000fc24300000,0x000000fc24400000)]
  0x00000298608a26e0 JavaThread "Signal Dispatcher" daemon [_thread_blocked, id=11564, stack(0x000000fc24400000,0x000000fc24500000)]
  0x00000298608a2f90 JavaThread "Attach Listener" daemon [_thread_blocked, id=3716, stack(0x000000fc24500000,0x000000fc24600000)]
  0x00000298608a3840 JavaThread "Service Thread" daemon [_thread_blocked, id=2072, stack(0x000000fc24600000,0x000000fc24700000)]
  0x00000298608a40f0 JavaThread "Monitor Deflation Thread" daemon [_thread_blocked, id=17844, stack(0x000000fc24700000,0x000000fc24800000)]
  0x00000298608a4cd0 JavaThread "C2 CompilerThread0" daemon [_thread_blocked, id=12308, stack(0x000000fc24800000,0x000000fc24900000)]
  0x00000298608a55c0 JavaThread "C1 CompilerThread0" daemon [_thread_blocked, id=13652, stack(0x000000fc24900000,0x000000fc24a00000)]
  0x000002986091cd90 JavaThread "Sweeper thread" daemon [_thread_blocked, id=11172, stack(0x000000fc24a00000,0x000000fc24b00000)]
  0x0000029864c105f0 JavaThread "Common-Cleaner" daemon [_thread_blocked, id=7556, stack(0x000000fc24b00000,0x000000fc24c00000)]
  0x0000029864ec3980 JavaThread "Monitor Ctrl-Break" daemon [_thread_in_native, id=14060, stack(0x000000fc24c00000,0x000000fc24d00000)]
  0x000002986511f700 JavaThread "Notification Thread" daemon [_thread_blocked, id=7632, stack(0x000000fc24d00000,0x000000fc24e00000)]
  0x0000029865415890 JavaThread "Thread-0" [_thread_blocked, id=10796, stack(0x000000fc25400000,0x000000fc25500000)]
  0x000002986555c020 JavaThread "restartedMain" [_thread_blocked, id=14660, stack(0x000000fc25500000,0x000000fc25600000)]
  0x00000298657ca030 JavaThread "C2 CompilerThread1" daemon [_thread_blocked, id=9556, stack(0x000000fc24f00000,0x000000fc25000000)]
  0x0000029865a1fa30 JavaThread "HikariPool-1 housekeeper" daemon [_thread_blocked, id=7128, stack(0x000000fc25600000,0x000000fc25700000)]
  0x0000029865a20d70 JavaThread "Catalina-utility-1" [_thread_blocked, id=992, stack(0x000000fc25800000,0x000000fc25900000)]
  0x0000029865a21710 JavaThread "Catalina-utility-2" [_thread_blocked, id=8412, stack(0x000000fc25900000,0x000000fc25a00000)]
  0x0000029865a220b0 JavaThread "container-0" [_thread_blocked, id=17808, stack(0x000000fc25a00000,0x000000fc25b00000)]

Other Threads:
=>0x0000029860881d70 VMThread "VM Thread" [stack: 0x000000fc24100000,0x000000fc24200000] [id=10756]
  0x0000029864deac90 WatcherThread "VM Periodic Task Thread" [stack: 0x000000fc24e00000,0x000000fc24f00000] [id=11220]
  0x00000298410ad9d0 WorkerThread "GC Thread#0" [stack: 0x000000fc23c00000,0x000000fc23d00000] [id=11512]
  0x00000298653e19b0 WorkerThread "GC Thread#1" [stack: 0x000000fc25000000,0x000000fc25100000] [id=11832]
  0x00000298653e1c50 WorkerThread "GC Thread#2" [stack: 0x000000fc25100000,0x000000fc25200000] [id=16176]
  0x00000298653eec40 WorkerThread "GC Thread#3" [stack: 0x000000fc25200000,0x000000fc25300000] [id=5740]
  0x00000298410c0470 ConcurrentGCThread "G1 Main Marker" [stack: 0x000000fc23d00000,0x000000fc23e00000] [id=10860]
  0x00000298410c0d70 WorkerThread "G1 Conc#0" [stack: 0x000000fc23e00000,0x000000fc23f00000] [id=8368]
  0x00000298410fe720 ConcurrentGCThread "G1 Refine#0" [stack: 0x000000fc23f00000,0x000000fc24000000] [id=12608]
  0x0000029865333020 ConcurrentGCThread "G1 Refine#1" [stack: 0x000000fc25300000,0x000000fc25400000] [id=2764]
  0x00000298410fef40 ConcurrentGCThread "G1 Service" [stack: 0x000000fc24000000,0x000000fc24100000] [id=8672]

Threads with active compile tasks:
C2 CompilerThread0    17897 6397       4       org.springframework.core.ResolvableType::as (86 bytes)
C2 CompilerThread1    17897 6326       4       java.beans.MethodRef::set (58 bytes)

VM state: at safepoint (normal execution)

VM Mutex/Monitor currently owned by a thread:  ([mutex/lock_event])
[0x000002984104afd0] Threads_lock - owner thread: 0x0000029860881d70
[0x000002984104a880] Heap_lock - owner thread: 0x000002986555c020

Heap address: 0x0000000081e00000, size: 2018 MB, Compressed Oops mode: 32-bit

CDS archive(s) mapped at: [0x0000000800000000-0x0000000800ba0000-0x0000000800ba0000), size 12189696, SharedBaseAddress: 0x0000000800000000, ArchiveRelocationMode: 0.
Compressed class space mapped at: 0x0000000800c00000-0x0000000840c00000, reserved size: 1073741824
Narrow klass base: 0x0000000800000000, Narrow klass shift: 0, Narrow klass range: 0x100000000

GC Precious Log:
 CardTable entry size: 512
 Card Set container configuration: InlinePtr #cards 5 size 8 Array Of Cards #cards 12 size 40 Howl #buckets 4 coarsen threshold 1843 Howl Bitmap #cards 512 size 80 coarsen threshold 460 Card regions per heap region 1 cards per card region 2048
 CPUs: 4 total, 4 available
 Memory: 8067M
 Large Page Support: Disabled
 NUMA Support: Disabled
 Compressed Oops: Enabled (32-bit)
 Heap Region Size: 1M
 Heap Min Capacity: 8M
 Heap Initial Capacity: 128M
 Heap Max Capacity: 2018M
 Pre-touch: Disabled
 Parallel Workers: 4
 Concurrent Workers: 1
 Concurrent Refinement Workers: 4
 Periodic GC: Disabled

Heap:
 garbage-first heap   total 133120K, used 60640K [0x0000000081e00000, 0x0000000100000000)
  region size 1024K, 3 young (3072K), 3 survivors (3072K)
 Metaspace       used 62353K, committed 62976K, reserved 1114112K
  class space    used 8284K, committed 8576K, reserved 1048576K

Heap Regions: E=young(eden), S=young(survivor), O=old, HS=humongous(starts), HC=humongous(continues), CS=collection set, F=free, OA=open archive, CA=closed archive, TAMS=top-at-mark-start (previous, next)
|   0|0x0000000081e00000, 0x0000000081f00000, 0x0000000081f00000|100%|HS|  |TAMS 0x0000000081f00000, 0x0000000081f00000| Complete 
|   1|0x0000000081f00000, 0x0000000082000000, 0x0000000082000000|100%| O|  |TAMS 0x0000000082000000, 0x0000000082000000| Untracked 
|   2|0x0000000082000000, 0x0000000082100000, 0x0000000082100000|100%| O|  |TAMS 0x0000000082100000, 0x0000000082100000| Untracked 
|   3|0x0000000082100000, 0x0000000082200000, 0x0000000082200000|100%| O|  |TAMS 0x0000000082200000, 0x0000000082200000| Untracked 
|   4|0x0000000082200000, 0x0000000082300000, 0x0000000082300000|100%| O|  |TAMS 0x0000000082300000, 0x0000000082300000| Untracked 
|   5|0x0000000082300000, 0x0000000082400000, 0x0000000082400000|100%| O|  |TAMS 0x0000000082400000, 0x0000000082400000| Untracked 
|   6|0x0000000082400000, 0x0000000082500000, 0x0000000082500000|100%| O|  |TAMS 0x0000000082500000, 0x0000000082500000| Untracked 
|   7|0x0000000082500000, 0x0000000082600000, 0x0000000082600000|100%| O|  |TAMS 0x0000000082600000, 0x0000000082600000| Untracked 
|   8|0x0000000082600000, 0x0000000082700000, 0x0000000082700000|100%| O|  |TAMS 0x0000000082700000, 0x0000000082700000| Untracked 
|   9|0x0000000082700000, 0x0000000082800000, 0x0000000082800000|100%| O|  |TAMS 0x0000000082800000, 0x0000000082800000| Untracked 
|  10|0x0000000082800000, 0x0000000082900000, 0x0000000082900000|100%| O|  |TAMS 0x0000000082900000, 0x0000000082900000| Untracked 
|  11|0x0000000082900000, 0x0000000082a00000, 0x0000000082a00000|100%| O|  |TAMS 0x0000000082a00000, 0x0000000082a00000| Untracked 
|  12|0x0000000082a00000, 0x0000000082b00000, 0x0000000082b00000|100%| O|  |TAMS 0x0000000082b00000, 0x0000000082b00000| Untracked 
|  13|0x0000000082b00000, 0x0000000082c00000, 0x0000000082c00000|100%| O|  |TAMS 0x0000000082c00000, 0x0000000082c00000| Untracked 
|  14|0x0000000082c00000, 0x0000000082d00000, 0x0000000082d00000|100%| O|  |TAMS 0x0000000082d00000, 0x0000000082d00000| Untracked 
|  15|0x0000000082d00000, 0x0000000082e00000, 0x0000000082e00000|100%| O|  |TAMS 0x0000000082e00000, 0x0000000082e00000| Untracked 
|  16|0x0000000082e00000, 0x0000000082f00000, 0x0000000082f00000|100%| O|  |TAMS 0x0000000082f00000, 0x0000000082f00000| Untracked 
|  17|0x0000000082f00000, 0x0000000083000000, 0x0000000083000000|100%| O|  |TAMS 0x0000000083000000, 0x0000000083000000| Untracked 
|  18|0x0000000083000000, 0x0000000083100000, 0x0000000083100000|100%| O|  |TAMS 0x0000000083100000, 0x0000000083100000| Untracked 
|  19|0x0000000083100000, 0x0000000083200000, 0x0000000083200000|100%| O|  |TAMS 0x0000000083200000, 0x0000000083200000| Untracked 
|  20|0x0000000083200000, 0x0000000083300000, 0x0000000083300000|100%| O|  |TAMS 0x0000000083300000, 0x0000000083300000| Untracked 
|  21|0x0000000083300000, 0x0000000083400000, 0x0000000083400000|100%| O|  |TAMS 0x0000000083400000, 0x0000000083400000| Untracked 
|  22|0x0000000083400000, 0x0000000083500000, 0x0000000083500000|100%| O|  |TAMS 0x0000000083500000, 0x0000000083500000| Untracked 
|  23|0x0000000083500000, 0x0000000083600000, 0x0000000083600000|100%| O|  |TAMS 0x0000000083600000, 0x0000000083600000| Untracked 
|  24|0x0000000083600000, 0x0000000083700000, 0x0000000083700000|100%| O|  |TAMS 0x0000000083700000, 0x0000000083700000| Untracked 
|  25|0x0000000083700000, 0x0000000083800000, 0x0000000083800000|100%| O|  |TAMS 0x0000000083800000, 0x0000000083800000| Untracked 
|  26|0x0000000083800000, 0x0000000083900000, 0x0000000083900000|100%| O|  |TAMS 0x0000000083900000, 0x0000000083900000| Untracked 
|  27|0x0000000083900000, 0x0000000083a00000, 0x0000000083a00000|100%| O|  |TAMS 0x0000000083a00000, 0x0000000083a00000| Untracked 
|  28|0x0000000083a00000, 0x0000000083b00000, 0x0000000083b00000|100%| O|  |TAMS 0x0000000083b00000, 0x0000000083b00000| Untracked 
|  29|0x0000000083b00000, 0x0000000083c00000, 0x0000000083c00000|100%| O|  |TAMS 0x0000000083c00000, 0x0000000083c00000| Untracked 
|  30|0x0000000083c00000, 0x0000000083d00000, 0x0000000083d00000|100%| O|  |TAMS 0x0000000083d00000, 0x0000000083d00000| Untracked 
|  31|0x0000000083d00000, 0x0000000083e00000, 0x0000000083e00000|100%| O|  |TAMS 0x0000000083e00000, 0x0000000083e00000| Untracked 
|  32|0x0000000083e00000, 0x0000000083f00000, 0x0000000083f00000|100%| O|  |TAMS 0x0000000083f00000, 0x0000000083f00000| Untracked 
|  33|0x0000000083f00000, 0x0000000084000000, 0x0000000084000000|100%| O|  |TAMS 0x0000000083f00000, 0x0000000083f00000| Untracked 
|  34|0x0000000084000000, 0x0000000084100000, 0x0000000084100000|100%| O|  |TAMS 0x0000000084100000, 0x0000000084100000| Untracked 
|  35|0x0000000084100000, 0x0000000084200000, 0x0000000084200000|100%| O|  |TAMS 0x0000000084100000, 0x0000000084100000| Untracked 
|  36|0x0000000084200000, 0x0000000084300000, 0x0000000084300000|100%| O|  |TAMS 0x0000000084200000, 0x0000000084300000| Untracked 
|  37|0x0000000084300000, 0x0000000084338200, 0x0000000084400000| 21%| O|  |TAMS 0x0000000084300000, 0x0000000084300000| Untracked 
|  38|0x0000000084400000, 0x0000000084400000, 0x0000000084500000|  0%| F|  |TAMS 0x0000000084400000, 0x0000000084400000| Untracked 
|  39|0x0000000084500000, 0x0000000084600000, 0x0000000084600000|100%| O|  |TAMS 0x0000000084600000, 0x0000000084600000| Untracked 
|  40|0x0000000084600000, 0x0000000084700000, 0x0000000084700000|100%| O|  |TAMS 0x0000000084600000, 0x0000000084700000| Untracked 
|  41|0x0000000084700000, 0x0000000084700000, 0x0000000084800000|  0%| F|  |TAMS 0x0000000084700000, 0x0000000084700000| Untracked 
|  42|0x0000000084800000, 0x0000000084800000, 0x0000000084900000|  0%| F|  |TAMS 0x0000000084800000, 0x0000000084800000| Untracked 
|  43|0x0000000084900000, 0x0000000084a00000, 0x0000000084a00000|100%| O|  |TAMS 0x0000000084a00000, 0x0000000084a00000| Untracked 
|  44|0x0000000084a00000, 0x0000000084b00000, 0x0000000084b00000|100%| O|  |TAMS 0x0000000084b00000, 0x0000000084b00000| Untracked 
|  45|0x0000000084b00000, 0x0000000084c00000, 0x0000000084c00000|100%| O|  |TAMS 0x0000000084b81a00, 0x0000000084c00000| Untracked 
|  46|0x0000000084c00000, 0x0000000084d00000, 0x0000000084d00000|100%| O|  |TAMS 0x0000000084c00000, 0x0000000084d00000| Untracked 
|  47|0x0000000084d00000, 0x0000000084e00000, 0x0000000084e00000|100%| O|  |TAMS 0x0000000084d00000, 0x0000000084e00000| Untracked 
|  48|0x0000000084e00000, 0x0000000084f00000, 0x0000000084f00000|100%| O|  |TAMS 0x0000000084e00000, 0x0000000084f00000| Untracked 
|  49|0x0000000084f00000, 0x0000000085000000, 0x0000000085000000|100%| O|  |TAMS 0x0000000084f00000, 0x0000000085000000| Untracked 
|  50|0x0000000085000000, 0x0000000085100000, 0x0000000085100000|100%| O|  |TAMS 0x0000000085000000, 0x0000000085100000| Untracked 
|  51|0x0000000085100000, 0x0000000085200000, 0x0000000085200000|100%| O|  |TAMS 0x0000000085100000, 0x0000000085200000| Untracked 
|  52|0x0000000085200000, 0x0000000085300000, 0x0000000085300000|100%| O|  |TAMS 0x0000000085200000, 0x0000000085300000| Untracked 
|  53|0x0000000085300000, 0x0000000085400000, 0x0000000085400000|100%| O|  |TAMS 0x0000000085300000, 0x0000000085400000| Untracked 
|  54|0x0000000085400000, 0x0000000085500000, 0x0000000085500000|100%| O|  |TAMS 0x0000000085400000, 0x0000000085500000| Untracked 
|  55|0x0000000085500000, 0x0000000085600000, 0x0000000085600000|100%| O|  |TAMS 0x0000000085500000, 0x0000000085600000| Untracked 
|  56|0x0000000085600000, 0x0000000085700000, 0x0000000085700000|100%| O|  |TAMS 0x0000000085600000, 0x0000000085700000| Untracked 
|  57|0x0000000085700000, 0x0000000085800000, 0x0000000085800000|100%| O|  |TAMS 0x0000000085700000, 0x0000000085781c00| Untracked 
|  58|0x0000000085800000, 0x0000000085800000, 0x0000000085900000|  0%| F|  |TAMS 0x0000000085800000, 0x0000000085800000| Untracked 
|  59|0x0000000085900000, 0x0000000085900000, 0x0000000085a00000|  0%| F|  |TAMS 0x0000000085900000, 0x0000000085900000| Untracked 
|  60|0x0000000085a00000, 0x0000000085a00000, 0x0000000085b00000|  0%| F|  |TAMS 0x0000000085a00000, 0x0000000085a00000| Untracked 
|  61|0x0000000085b00000, 0x0000000085b00000, 0x0000000085c00000|  0%| F|  |TAMS 0x0000000085b00000, 0x0000000085b00000| Untracked 
|  62|0x0000000085c00000, 0x0000000085c00000, 0x0000000085d00000|  0%| F|  |TAMS 0x0000000085c00000, 0x0000000085c00000| Untracked 
|  63|0x0000000085d00000, 0x0000000085d00000, 0x0000000085e00000|  0%| F|  |TAMS 0x0000000085d00000, 0x0000000085d00000| Untracked 
|  64|0x0000000085e00000, 0x0000000085e00000, 0x0000000085f00000|  0%| F|  |TAMS 0x0000000085e00000, 0x0000000085e00000| Untracked 
|  65|0x0000000085f00000, 0x0000000085f00000, 0x0000000086000000|  0%| F|  |TAMS 0x0000000085f00000, 0x0000000085f00000| Untracked 
|  66|0x0000000086000000, 0x0000000086000000, 0x0000000086100000|  0%| F|  |TAMS 0x0000000086000000, 0x0000000086000000| Untracked 
|  67|0x0000000086100000, 0x0000000086100000, 0x0000000086200000|  0%| F|  |TAMS 0x0000000086100000, 0x0000000086100000| Untracked 
|  68|0x0000000086200000, 0x0000000086200000, 0x0000000086300000|  0%| F|  |TAMS 0x0000000086200000, 0x0000000086200000| Untracked 
|  69|0x0000000086300000, 0x0000000086300000, 0x0000000086400000|  0%| F|  |TAMS 0x0000000086300000, 0x0000000086300000| Untracked 
|  70|0x0000000086400000, 0x0000000086400000, 0x0000000086500000|  0%| F|  |TAMS 0x0000000086400000, 0x0000000086400000| Untracked 
|  71|0x0000000086500000, 0x0000000086500000, 0x0000000086600000|  0%| F|  |TAMS 0x0000000086500000, 0x0000000086500000| Untracked 
|  72|0x0000000086600000, 0x0000000086700000, 0x0000000086700000|100%| S|CS|TAMS 0x0000000086600000, 0x0000000086600000| Complete 
|  73|0x0000000086700000, 0x0000000086800000, 0x0000000086800000|100%| S|CS|TAMS 0x0000000086700000, 0x0000000086700000| Complete 
|  74|0x0000000086800000, 0x0000000086900000, 0x0000000086900000|100%| S|CS|TAMS 0x0000000086800000, 0x0000000086800000| Complete 
|  75|0x0000000086900000, 0x0000000086900000, 0x0000000086a00000|  0%| F|  |TAMS 0x0000000086900000, 0x0000000086900000| Untracked 
|  76|0x0000000086a00000, 0x0000000086a00000, 0x0000000086b00000|  0%| F|  |TAMS 0x0000000086a00000, 0x0000000086a00000| Untracked 
|  77|0x0000000086b00000, 0x0000000086b00000, 0x0000000086c00000|  0%| F|  |TAMS 0x0000000086b00000, 0x0000000086b00000| Untracked 
|  78|0x0000000086c00000, 0x0000000086c00000, 0x0000000086d00000|  0%| F|  |TAMS 0x0000000086c00000, 0x0000000086c00000| Untracked 
|  79|0x0000000086d00000, 0x0000000086d00000, 0x0000000086e00000|  0%| F|  |TAMS 0x0000000086d00000, 0x0000000086d00000| Untracked 
|  80|0x0000000086e00000, 0x0000000086e00000, 0x0000000086f00000|  0%| F|  |TAMS 0x0000000086e00000, 0x0000000086e00000| Untracked 
|  81|0x0000000086f00000, 0x0000000086f00000, 0x0000000087000000|  0%| F|  |TAMS 0x0000000086f00000, 0x0000000086f00000| Untracked 
|  82|0x0000000087000000, 0x0000000087000000, 0x0000000087100000|  0%| F|  |TAMS 0x0000000087000000, 0x0000000087000000| Untracked 
|  83|0x0000000087100000, 0x0000000087100000, 0x0000000087200000|  0%| F|  |TAMS 0x0000000087100000, 0x0000000087100000| Untracked 
|  84|0x0000000087200000, 0x0000000087200000, 0x0000000087300000|  0%| F|  |TAMS 0x0000000087200000, 0x0000000087200000| Untracked 
|  85|0x0000000087300000, 0x0000000087300000, 0x0000000087400000|  0%| F|  |TAMS 0x0000000087300000, 0x0000000087300000| Untracked 
|  86|0x0000000087400000, 0x0000000087400000, 0x0000000087500000|  0%| F|  |TAMS 0x0000000087400000, 0x0000000087400000| Untracked 
|  87|0x0000000087500000, 0x0000000087500000, 0x0000000087600000|  0%| F|  |TAMS 0x0000000087500000, 0x0000000087500000| Untracked 
|  88|0x0000000087600000, 0x0000000087600000, 0x0000000087700000|  0%| F|  |TAMS 0x0000000087600000, 0x0000000087600000| Untracked 
|  89|0x0000000087700000, 0x0000000087700000, 0x0000000087800000|  0%| F|  |TAMS 0x0000000087700000, 0x0000000087700000| Untracked 
|  90|0x0000000087800000, 0x0000000087800000, 0x0000000087900000|  0%| F|  |TAMS 0x0000000087800000, 0x0000000087800000| Untracked 
|  91|0x0000000087900000, 0x0000000087900000, 0x0000000087a00000|  0%| F|  |TAMS 0x0000000087900000, 0x0000000087900000| Untracked 
|  92|0x0000000087a00000, 0x0000000087a00000, 0x0000000087b00000|  0%| F|  |TAMS 0x0000000087a00000, 0x0000000087a00000| Untracked 
|  93|0x0000000087b00000, 0x0000000087b00000, 0x0000000087c00000|  0%| F|  |TAMS 0x0000000087b00000, 0x0000000087b00000| Untracked 
|  94|0x0000000087c00000, 0x0000000087c00000, 0x0000000087d00000|  0%| F|  |TAMS 0x0000000087c00000, 0x0000000087c00000| Untracked 
|  95|0x0000000087d00000, 0x0000000087d00000, 0x0000000087e00000|  0%| F|  |TAMS 0x0000000087d00000, 0x0000000087d00000| Untracked 
|  96|0x0000000087e00000, 0x0000000087e00000, 0x0000000087f00000|  0%| F|  |TAMS 0x0000000087e00000, 0x0000000087e00000| Untracked 
|  97|0x0000000087f00000, 0x0000000087f00000, 0x0000000088000000|  0%| F|  |TAMS 0x0000000087f00000, 0x0000000087f00000| Untracked 
|  98|0x0000000088000000, 0x0000000088000000, 0x0000000088100000|  0%| F|  |TAMS 0x0000000088000000, 0x0000000088000000| Untracked 
|  99|0x0000000088100000, 0x0000000088100000, 0x0000000088200000|  0%| F|  |TAMS 0x0000000088100000, 0x0000000088100000| Untracked 
| 100|0x0000000088200000, 0x0000000088200000, 0x0000000088300000|  0%| F|  |TAMS 0x0000000088200000, 0x0000000088200000| Untracked 
| 101|0x0000000088300000, 0x0000000088300000, 0x0000000088400000|  0%| F|  |TAMS 0x0000000088300000, 0x0000000088300000| Untracked 
| 102|0x0000000088400000, 0x0000000088400000, 0x0000000088500000|  0%| F|  |TAMS 0x0000000088400000, 0x0000000088400000| Untracked 
| 103|0x0000000088500000, 0x0000000088500000, 0x0000000088600000|  0%| F|  |TAMS 0x0000000088500000, 0x0000000088500000| Untracked 
| 104|0x0000000088600000, 0x0000000088600000, 0x0000000088700000|  0%| F|  |TAMS 0x0000000088600000, 0x0000000088600000| Untracked 
| 105|0x0000000088700000, 0x0000000088700000, 0x0000000088800000|  0%| F|  |TAMS 0x0000000088700000, 0x0000000088700000| Untracked 
| 106|0x0000000088800000, 0x0000000088800000, 0x0000000088900000|  0%| F|  |TAMS 0x0000000088800000, 0x0000000088800000| Untracked 
| 107|0x0000000088900000, 0x0000000088900000, 0x0000000088a00000|  0%| F|  |TAMS 0x0000000088900000, 0x0000000088900000| Untracked 
| 108|0x0000000088a00000, 0x0000000088a00000, 0x0000000088b00000|  0%| F|  |TAMS 0x0000000088a00000, 0x0000000088a00000| Untracked 
| 109|0x0000000088b00000, 0x0000000088b00000, 0x0000000088c00000|  0%| F|  |TAMS 0x0000000088b00000, 0x0000000088b00000| Untracked 
| 110|0x0000000088c00000, 0x0000000088c00000, 0x0000000088d00000|  0%| F|  |TAMS 0x0000000088c00000, 0x0000000088c00000| Untracked 
| 111|0x0000000088d00000, 0x0000000088d00000, 0x0000000088e00000|  0%| F|  |TAMS 0x0000000088d00000, 0x0000000088d00000| Untracked 
| 112|0x0000000088e00000, 0x0000000088e00000, 0x0000000088f00000|  0%| F|  |TAMS 0x0000000088e00000, 0x0000000088e00000| Untracked 
| 113|0x0000000088f00000, 0x0000000088f00000, 0x0000000089000000|  0%| F|  |TAMS 0x0000000088f00000, 0x0000000088f00000| Untracked 
| 114|0x0000000089000000, 0x0000000089000000, 0x0000000089100000|  0%| F|  |TAMS 0x0000000089000000, 0x0000000089000000| Untracked 
| 115|0x0000000089100000, 0x0000000089100000, 0x0000000089200000|  0%| F|  |TAMS 0x0000000089100000, 0x0000000089100000| Untracked 
| 116|0x0000000089200000, 0x0000000089200000, 0x0000000089300000|  0%| F|  |TAMS 0x0000000089200000, 0x0000000089200000| Untracked 
| 117|0x0000000089300000, 0x0000000089300000, 0x0000000089400000|  0%| F|  |TAMS 0x0000000089300000, 0x0000000089300000| Untracked 
| 118|0x0000000089400000, 0x0000000089400000, 0x0000000089500000|  0%| F|  |TAMS 0x0000000089400000, 0x0000000089400000| Untracked 
| 119|0x0000000089500000, 0x0000000089500000, 0x0000000089600000|  0%| F|  |TAMS 0x0000000089500000, 0x0000000089500000| Untracked 
| 120|0x0000000089600000, 0x0000000089600000, 0x0000000089700000|  0%| F|  |TAMS 0x0000000089600000, 0x0000000089600000| Untracked 
| 121|0x0000000089700000, 0x0000000089700000, 0x0000000089800000|  0%| F|  |TAMS 0x0000000089700000, 0x0000000089700000| Untracked 
| 122|0x0000000089800000, 0x0000000089800000, 0x0000000089900000|  0%| F|  |TAMS 0x0000000089800000, 0x0000000089800000| Untracked 
| 123|0x0000000089900000, 0x0000000089900000, 0x0000000089a00000|  0%| F|  |TAMS 0x0000000089900000, 0x0000000089900000| Untracked 
| 124|0x0000000089a00000, 0x0000000089a00000, 0x0000000089b00000|  0%| F|  |TAMS 0x0000000089a00000, 0x0000000089a00000| Untracked 
| 125|0x0000000089b00000, 0x0000000089b00000, 0x0000000089c00000|  0%| F|  |TAMS 0x0000000089b00000, 0x0000000089b00000| Untracked 
| 126|0x0000000089c00000, 0x0000000089c00000, 0x0000000089d00000|  0%| F|  |TAMS 0x0000000089c00000, 0x0000000089c00000| Untracked 
| 127|0x0000000089d00000, 0x0000000089d00000, 0x0000000089e00000|  0%| F|  |TAMS 0x0000000089d00000, 0x0000000089d00000| Untracked 
|2016|0x00000000ffe00000, 0x00000000fff00000, 0x00000000fff00000|100%| O|  |TAMS 0x00000000fff00000, 0x00000000fff00000| Untracked 
|2017|0x00000000fff00000, 0x0000000100000000, 0x0000000100000000|100%| O|  |TAMS 0x0000000100000000, 0x0000000100000000| Untracked 

Card table byte_map: [0x0000029859ba0000,0x0000029859fa0000] _byte_map_base: 0x0000029859791000

Marking Bits (Prev, Next): (CMBitMap*) 0x00000298410aff40, (CMBitMap*) 0x00000298410aff00
 Prev Bits: [0x000002985c330000, 0x000002985e2b8000)
 Next Bits: [0x000002985a3a0000, 0x000002985c328000)

Polling page: 0x0000029840f00000

Metaspace:

Usage:
  Non-class:     52.80 MB used.
      Class:      8.09 MB used.
       Both:     60.89 MB used.

Virtual space:
  Non-class space:       64.00 MB reserved,      53.12 MB ( 83%) committed,  1 nodes.
      Class space:        1.00 GB reserved,       8.38 MB ( <1%) committed,  1 nodes.
             Both:        1.06 GB reserved,      61.50 MB (  6%) committed. 

Chunk freelists:
   Non-Class:  2.88 MB
       Class:  3.45 MB
        Both:  6.33 MB

MaxMetaspaceSize: unlimited
CompressedClassSpaceSize: 1.00 GB
Initial GC threshold: 21.00 MB
Current GC threshold: 100.56 MB
CDS: on
MetaspaceReclaimPolicy: balanced
 - commit_granule_bytes: 65536.
 - commit_granule_words: 8192.
 - virtual_space_node_default_size: 8388608.
 - enlarge_chunks_in_place: 1.
 - new_chunks_are_fully_committed: 0.
 - uncommit_free_chunks: 1.
 - use_allocation_guard: 0.


Internal statistics:

num_allocs_failed_limit: 6.
num_arena_births: 928.
num_arena_deaths: 0.
num_vsnodes_births: 2.
num_vsnodes_deaths: 0.
num_space_committed: 984.
num_space_uncommitted: 0.
num_chunks_returned_to_freelist: 6.
num_chunks_taken_from_freelist: 3223.
num_chunk_merges: 6.
num_chunk_splits: 2291.
num_chunks_enlarged: 1832.
num_inconsistent_stats: 0.

CodeHeap 'non-profiled nmethods': size=120000Kb used=3818Kb max_used=3818Kb free=116181Kb
 bounds [0x0000029851c50000, 0x0000029852010000, 0x0000029859180000]
CodeHeap 'profiled nmethods': size=120000Kb used=13426Kb max_used=13426Kb free=106573Kb
 bounds [0x000002984a720000, 0x000002984b440000, 0x0000029851c50000]
CodeHeap 'non-nmethods': size=5760Kb used=1311Kb max_used=1390Kb free=4448Kb
 bounds [0x000002984a180000, 0x000002984a3f0000, 0x000002984a720000]
 total_blobs=6314 nmethods=5684 adapters=542
 compilation: enabled
              stopped_count=0, restarted_count=0
 full_count=0

Compilation events (20 events):
Event: 17.565 Thread 0x00000298608a55c0 6427   !   3       org.springframework.context.expression.StandardBeanExpressionResolver::evaluate (227 bytes)
Event: 17.571 Thread 0x00000298608a55c0 nmethod 6427 0x000002984b42b410 code [0x000002984b42b9c0, 0x000002984b42ee38]
Event: 17.571 Thread 0x00000298608a55c0 6428   !   3       org.springframework.beans.factory.support.AbstractAutowireCapableBeanFactory::applyPropertyValues (534 bytes)
Event: 17.579 Thread 0x00000298608a55c0 nmethod 6428 0x000002984b430590 code [0x000002984b430d00, 0x000002984b4364d8]
Event: 17.579 Thread 0x00000298608a55c0 6429       3       org.springframework.beans.factory.support.AbstractAutowireCapableBeanFactory::filterPropertyDescriptorsForDependencyCheck (64 bytes)
Event: 17.580 Thread 0x00000298608a55c0 nmethod 6429 0x000002984b438310 code [0x000002984b438560, 0x000002984b4392c8]
Event: 17.590 Thread 0x00000298608a55c0 6431       2       org.springframework.util.ClassUtils::getAllInterfacesForClassAsSet (106 bytes)
Event: 17.591 Thread 0x00000298608a55c0 nmethod 6431 0x000002984b439710 code [0x000002984b439980, 0x000002984b43a118]
Event: 17.611 Thread 0x00000298608a55c0 6433       2       org.springframework.beans.factory.config.BeanExpressionContext::equals (49 bytes)
Event: 17.611 Thread 0x00000298608a55c0 nmethod 6433 0x000002984b43a610 code [0x000002984b43a7c0, 0x000002984b43a9f8]
Event: 17.623 Thread 0x00000298608a55c0 6434       2       jdk.proxy1.$Proxy0::<init> (6 bytes)
Event: 17.624 Thread 0x00000298608a55c0 nmethod 6434 0x000002984b43ab10 code [0x000002984b43acc0, 0x000002984b43aee8]
Event: 17.634 Thread 0x00000298608a55c0 6435   !   2       java.util.regex.Pattern::<init> (144 bytes)
Event: 17.636 Thread 0x00000298608a55c0 nmethod 6435 0x000002984b43b010 code [0x000002984b43b260, 0x000002984b43b9f8]
Event: 17.647 Thread 0x00000298608a55c0 6437       2       java.util.Arrays::sort (37 bytes)
Event: 17.648 Thread 0x00000298608a55c0 nmethod 6437 0x000002984b43bd10 code [0x000002984b43bec0, 0x000002984b43c038]
Event: 17.649 Thread 0x00000298608a55c0 6438       2       java.lang.invoke.BoundMethodHandle$Species_LL::copyWithExtendL (25 bytes)
Event: 17.649 Thread 0x00000298608a55c0 nmethod 6438 0x000002984b43c110 code [0x000002984b43c2c0, 0x000002984b43c488]
Event: 17.672 Thread 0x00000298608a55c0 6441       2       java.lang.invoke.LambdaForm$NamedFunction::<init> (95 bytes)
Event: 17.673 Thread 0x00000298608a55c0 nmethod 6441 0x000002984b43c590 code [0x000002984b43c760, 0x000002984b43ca38]

GC Heap History (20 events):
Event: 14.811 GC heap after
{Heap after GC invocations=20 (full 0):
 garbage-first heap   total 57344K, used 34288K [0x0000000081e00000, 0x0000000100000000)
  region size 1024K, 2 young (2048K), 2 survivors (2048K)
 Metaspace       used 58707K, committed 59264K, reserved 1114112K
  class space    used 7882K, committed 8128K, reserved 1048576K
}
Event: 15.350 GC heap before
{Heap before GC invocations=21 (full 0):
 garbage-first heap   total 61440K, used 46576K [0x0000000081e00000, 0x0000000100000000)
  region size 1024K, 14 young (14336K), 2 survivors (2048K)
 Metaspace       used 59945K, committed 60544K, reserved 1114112K
  class space    used 8032K, committed 8320K, reserved 1048576K
}
Event: 15.360 GC heap after
{Heap after GC invocations=22 (full 0):
 garbage-first heap   total 61440K, used 35754K [0x0000000081e00000, 0x0000000100000000)
  region size 1024K, 2 young (2048K), 2 survivors (2048K)
 Metaspace       used 59945K, committed 60544K, reserved 1114112K
  class space    used 8032K, committed 8320K, reserved 1048576K
}
Event: 15.764 GC heap before
{Heap before GC invocations=22 (full 0):
 garbage-first heap   total 61440K, used 48042K [0x0000000081e00000, 0x0000000100000000)
  region size 1024K, 15 young (15360K), 2 survivors (2048K)
 Metaspace       used 61000K, committed 61568K, reserved 1114112K
  class space    used 8143K, committed 8384K, reserved 1048576K
}
Event: 15.770 GC heap after
{Heap after GC invocations=23 (full 0):
 garbage-first heap   total 61440K, used 37888K [0x0000000081e00000, 0x0000000100000000)
  region size 1024K, 2 young (2048K), 2 survivors (2048K)
 Metaspace       used 61000K, committed 61568K, reserved 1114112K
  class space    used 8143K, committed 8384K, reserved 1048576K
}
Event: 16.027 GC heap before
{Heap before GC invocations=24 (full 0):
 garbage-first heap   total 73728K, used 50176K [0x0000000081e00000, 0x0000000100000000)
  region size 1024K, 14 young (14336K), 2 survivors (2048K)
 Metaspace       used 61046K, committed 61568K, reserved 1114112K
  class space    used 8143K, committed 8384K, reserved 1048576K
}
Event: 16.032 GC heap after
{Heap after GC invocations=25 (full 0):
 garbage-first heap   total 73728K, used 40753K [0x0000000081e00000, 0x0000000100000000)
  region size 1024K, 2 young (2048K), 2 survivors (2048K)
 Metaspace       used 61046K, committed 61568K, reserved 1114112K
  class space    used 8143K, committed 8384K, reserved 1048576K
}
Event: 16.240 GC heap before
{Heap before GC invocations=25 (full 0):
 garbage-first heap   total 73728K, used 56113K [0x0000000081e00000, 0x0000000100000000)
  region size 1024K, 18 young (18432K), 2 survivors (2048K)
 Metaspace       used 61187K, committed 61696K, reserved 1114112K
  class space    used 8155K, committed 8384K, reserved 1048576K
}
Event: 16.250 GC heap after
{Heap after GC invocations=26 (full 0):
 garbage-first heap   total 89088K, used 45818K [0x0000000081e00000, 0x0000000100000000)
  region size 1024K, 3 young (3072K), 3 survivors (3072K)
 Metaspace       used 61187K, committed 61696K, reserved 1114112K
  class space    used 8155K, committed 8384K, reserved 1048576K
}
Event: 16.516 GC heap before
{Heap before GC invocations=27 (full 0):
 garbage-first heap   total 89088K, used 67322K [0x0000000081e00000, 0x0000000100000000)
  region size 1024K, 24 young (24576K), 3 survivors (3072K)
 Metaspace       used 61242K, committed 61824K, reserved 1114112K
  class space    used 8155K, committed 8384K, reserved 1048576K
}
Event: 16.524 GC heap after
{Heap after GC invocations=28 (full 0):
 garbage-first heap   total 89088K, used 50694K [0x0000000081e00000, 0x0000000100000000)
  region size 1024K, 3 young (3072K), 3 survivors (3072K)
 Metaspace       used 61242K, committed 61824K, reserved 1114112K
  class space    used 8155K, committed 8384K, reserved 1048576K
}
Event: 16.670 GC heap before
{Heap before GC invocations=28 (full 0):
 garbage-first heap   total 89088K, used 64006K [0x0000000081e00000, 0x0000000100000000)
  region size 1024K, 18 young (18432K), 3 survivors (3072K)
 Metaspace       used 61296K, committed 61888K, reserved 1114112K
  class space    used 8159K, committed 8448K, reserved 1048576K
}
Event: 16.681 GC heap after
{Heap after GC invocations=29 (full 0):
 garbage-first heap   total 89088K, used 55507K [0x0000000081e00000, 0x0000000100000000)
  region size 1024K, 3 young (3072K), 3 survivors (3072K)
 Metaspace       used 61296K, committed 61888K, reserved 1114112K
  class space    used 8159K, committed 8448K, reserved 1048576K
}
Event: 16.789 GC heap before
{Heap before GC invocations=29 (full 0):
 garbage-first heap   total 89088K, used 68819K [0x0000000081e00000, 0x0000000100000000)
  region size 1024K, 16 young (16384K), 3 survivors (3072K)
 Metaspace       used 61297K, committed 61888K, reserved 1114112K
  class space    used 8159K, committed 8448K, reserved 1048576K
}
Event: 16.796 GC heap after
{Heap after GC invocations=30 (full 0):
 garbage-first heap   total 89088K, used 59240K [0x0000000081e00000, 0x0000000100000000)
  region size 1024K, 2 young (2048K), 2 survivors (2048K)
 Metaspace       used 61297K, committed 61888K, reserved 1114112K
  class space    used 8159K, committed 8448K, reserved 1048576K
}
Event: 16.979 GC heap before
{Heap before GC invocations=31 (full 0):
 garbage-first heap   total 102400K, used 69480K [0x0000000081e00000, 0x0000000100000000)
  region size 1024K, 13 young (13312K), 2 survivors (2048K)
 Metaspace       used 61348K, committed 61952K, reserved 1114112K
  class space    used 8159K, committed 8448K, reserved 1048576K
}
Event: 16.984 GC heap after
{Heap after GC invocations=32 (full 0):
 garbage-first heap   total 102400K, used 60628K [0x0000000081e00000, 0x0000000100000000)
  region size 1024K, 2 young (2048K), 2 survivors (2048K)
 Metaspace       used 61348K, committed 61952K, reserved 1114112K
  class space    used 8159K, committed 8448K, reserved 1048576K
}
Event: 16.995 GC heap before
{Heap before GC invocations=32 (full 0):
 garbage-first heap   total 102400K, used 63700K [0x0000000081e00000, 0x0000000100000000)
  region size 1024K, 5 young (5120K), 2 survivors (2048K)
 Metaspace       used 61351K, committed 61952K, reserved 1114112K
  class space    used 8159K, committed 8448K, reserved 1048576K
}
Event: 16.999 GC heap after
{Heap after GC invocations=33 (full 0):
 garbage-first heap   total 102400K, used 55815K [0x0000000081e00000, 0x0000000100000000)
  region size 1024K, 1 young (1024K), 1 survivors (1024K)
 Metaspace       used 61351K, committed 61952K, reserved 1114112K
  class space    used 8159K, committed 8448K, reserved 1048576K
}
Event: 17.697 GC heap before
{Heap before GC invocations=33 (full 0):
 garbage-first heap   total 102400K, used 78343K [0x0000000081e00000, 0x0000000100000000)
  region size 1024K, 23 young (23552K), 1 survivors (1024K)
 Metaspace       used 62353K, committed 62976K, reserved 1114112K
  class space    used 8284K, committed 8576K, reserved 1048576K
}

Deoptimization events (20 events):
Event: 17.207 Thread 0x000002986555c020 Uncommon trap: trap_request=0xffffffbe fr.pc=0x0000029851f7ce54 relative=0x0000000000000334
Event: 17.207 Thread 0x000002986555c020 Uncommon trap: reason=profile_predicate action=maybe_recompile pc=0x0000029851f7ce54 method=java.util.HashMap.valuesToArray([Ljava/lang/Object;)[Ljava/lang/Object; @ 32 c2
Event: 17.207 Thread 0x000002986555c020 DEOPT PACKING pc=0x0000029851f7ce54 sp=0x000000fc255fdb30
Event: 17.207 Thread 0x000002986555c020 DEOPT UNPACKING pc=0x000002984a1d23a3 sp=0x000000fc255fdae0 mode 2
Event: 17.321 Thread 0x000002986555c020 Uncommon trap: trap_request=0xffffff76 fr.pc=0x0000029851ff9d2c relative=0x000000000000020c
Event: 17.321 Thread 0x000002986555c020 Uncommon trap: reason=predicate action=maybe_recompile pc=0x0000029851ff9d2c method=java.util.HashMap.valuesToArray([Ljava/lang/Object;)[Ljava/lang/Object; @ 48 c2
Event: 17.321 Thread 0x000002986555c020 DEOPT PACKING pc=0x0000029851ff9d2c sp=0x000000fc255fdb10
Event: 17.321 Thread 0x000002986555c020 DEOPT UNPACKING pc=0x000002984a1d23a3 sp=0x000000fc255fdab8 mode 2
Event: 17.330 Thread 0x000002986555c020 Uncommon trap: trap_request=0xffffff76 fr.pc=0x0000029851ff46e0 relative=0x0000000000000440
Event: 17.330 Thread 0x000002986555c020 Uncommon trap: reason=predicate action=maybe_recompile pc=0x0000029851ff46e0 method=java.util.HashMap.valuesToArray([Ljava/lang/Object;)[Ljava/lang/Object; @ 46 c2
Event: 17.330 Thread 0x000002986555c020 DEOPT PACKING pc=0x0000029851ff46e0 sp=0x000000fc255fdc00
Event: 17.330 Thread 0x000002986555c020 DEOPT UNPACKING pc=0x000002984a1d23a3 sp=0x000000fc255fdbb0 mode 2
Event: 17.340 Thread 0x000002986555c020 Uncommon trap: trap_request=0xffffffbe fr.pc=0x0000029851ffb548 relative=0x0000000000000228
Event: 17.340 Thread 0x000002986555c020 Uncommon trap: reason=profile_predicate action=maybe_recompile pc=0x0000029851ffb548 method=java.util.HashMap.valuesToArray([Ljava/lang/Object;)[Ljava/lang/Object; @ 48 c2
Event: 17.340 Thread 0x000002986555c020 DEOPT PACKING pc=0x0000029851ffb548 sp=0x000000fc255fc860
Event: 17.340 Thread 0x000002986555c020 DEOPT UNPACKING pc=0x000002984a1d23a3 sp=0x000000fc255fc7f8 mode 2
Event: 17.341 Thread 0x000002986555c020 Uncommon trap: trap_request=0xffffffbe fr.pc=0x0000029851ffb548 relative=0x0000000000000228
Event: 17.341 Thread 0x000002986555c020 Uncommon trap: reason=profile_predicate action=maybe_recompile pc=0x0000029851ffb548 method=java.util.HashMap.valuesToArray([Ljava/lang/Object;)[Ljava/lang/Object; @ 48 c2
Event: 17.341 Thread 0x000002986555c020 DEOPT PACKING pc=0x0000029851ffb548 sp=0x000000fc255fc950
Event: 17.341 Thread 0x000002986555c020 DEOPT UNPACKING pc=0x000002984a1d23a3 sp=0x000000fc255fc8e8 mode 2

Classes loaded (20 events):
Event: 17.659 Loading class java/lang/ObjectCustomizer
Event: 17.659 Loading class java/lang/ObjectCustomizer done
Event: 17.659 Loading class java/lang/ObjectCustomizer
Event: 17.659 Loading class java/lang/ObjectCustomizer done
Event: 17.675 Loading class java/lang/ObjectCustomizer
Event: 17.675 Loading class java/lang/ObjectCustomizer done
Event: 17.676 Loading class java/lang/ObjectCustomizer
Event: 17.676 Loading class java/lang/ObjectCustomizer done
Event: 17.684 Loading class java/lang/ObjectCustomizer
Event: 17.684 Loading class java/lang/ObjectCustomizer done
Event: 17.684 Loading class java/lang/ObjectCustomizer
Event: 17.684 Loading class java/lang/ObjectCustomizer done
Event: 17.688 Loading class java/lang/ObjectCustomizer
Event: 17.688 Loading class java/lang/ObjectCustomizer done
Event: 17.688 Loading class java/lang/ObjectCustomizer
Event: 17.688 Loading class java/lang/ObjectCustomizer done
Event: 17.694 Loading class java/lang/ObjectCustomizer
Event: 17.694 Loading class java/lang/ObjectCustomizer done
Event: 17.695 Loading class java/lang/ObjectCustomizer
Event: 17.695 Loading class java/lang/ObjectCustomizer done

Classes unloaded (0 events):
No events

Classes redefined (0 events):
No events

Internal exceptions (20 events):
Event: 17.646 Thread 0x000002986555c020 Exception <a 'java/lang/ClassNotFoundException'{0x0000000086aa4158}: org/springframework/boot/actuate/autoconfigure/health/HealthEndpointPropertiesCustomizer> (0x0000000086aa4158) 
thrown [s\open\src\hotspot\share\classfile\systemDictionary.cpp, line 255]
Event: 17.653 Thread 0x000002986555c020 Exception <a 'java/lang/ClassNotFoundException'{0x0000000086af0458}: java/lang/ObjectCustomizer> (0x0000000086af0458) 
thrown [s\open\src\hotspot\share\classfile\systemDictionary.cpp, line 255]
Event: 17.655 Thread 0x000002986555c020 Exception <a 'java/lang/ClassNotFoundException'{0x0000000086af7840}: org/springframework/boot/actuate/health/SimpleStatusAggregatorCustomizer> (0x0000000086af7840) 
thrown [s\open\src\hotspot\share\classfile\systemDictionary.cpp, line 255]
Event: 17.656 Thread 0x000002986555c020 Exception <a 'java/lang/ClassNotFoundException'{0x0000000086afe6a0}: org/springframework/boot/actuate/health/StatusAggregatorCustomizer> (0x0000000086afe6a0) 
thrown [s\open\src\hotspot\share\classfile\systemDictionary.cpp, line 255]
Event: 17.659 Thread 0x000002986555c020 Exception <a 'java/lang/ClassNotFoundException'{0x000000008690e568}: java/lang/ObjectCustomizer> (0x000000008690e568) 
thrown [s\open\src\hotspot\share\classfile\systemDictionary.cpp, line 255]
Event: 17.660 Thread 0x000002986555c020 Exception <a 'java/lang/ClassNotFoundException'{0x0000000086915a28}: org/springframework/boot/actuate/health/SimpleHttpCodeStatusMapperCustomizer> (0x0000000086915a28) 
thrown [s\open\src\hotspot\share\classfile\systemDictionary.cpp, line 255]
Event: 17.661 Thread 0x000002986555c020 Exception <a 'java/lang/ClassNotFoundException'{0x000000008691bc40}: org/springframework/boot/actuate/health/HttpCodeStatusMapperCustomizer> (0x000000008691bc40) 
thrown [s\open\src\hotspot\share\classfile\systemDictionary.cpp, line 255]
Event: 17.672 Thread 0x000002986555c020 Exception <a 'java/lang/NoSuchMethodError'{0x000000008695b498}: 'java.lang.Object java.lang.invoke.DirectMethodHandle$Holder.newInvokeSpecial(java.lang.Object, java.lang.Object, java.lang.Object, java.lang.Object, java.lang.Object, java.lang.Object, java.lang.Object, java.lang.Object, java.lang.Object)'> (0x000000008695b498) 
thrown [s\open\src\hotspot\share\interpreter\linkResolver.cpp, line 766]
Event: 17.672 Thread 0x000002986555c020 Exception <a 'java/lang/NoSuchMethodError'{0x00000000869603f0}: 'java.lang.Object java.lang.invoke.Invokers$Holder.linkToTargetMethod(java.lang.Object, java.lang.Object, java.lang.Object, java.lang.Object, java.lang.Object, java.lang.Object, java.lang.Object, java.lang.Object, java.lang.Object)'> (0x00000000869603f0) 
thrown [s\open\src\hotspot\share\interpreter\linkResolver.cpp, line 766]
Event: 17.676 Thread 0x000002986555c020 Exception <a 'java/lang/ClassNotFoundException'{0x000000008696f948}: java/lang/ObjectCustomizer> (0x000000008696f948) 
thrown [s\open\src\hotspot\share\classfile\systemDictionary.cpp, line 255]
Event: 17.677 Thread 0x000002986555c020 Exception <a 'java/lang/ClassNotFoundException'{0x0000000086977490}: org/springframework/boot/actuate/autoconfigure/health/AutoConfiguredHealthEndpointGroupsCustomizer> (0x0000000086977490) 
thrown [s\open\src\hotspot\share\classfile\systemDictionary.cpp, line 255]
Event: 17.678 Thread 0x000002986555c020 Exception <a 'java/lang/ClassNotFoundException'{0x0000000086981ee8}: org/springframework/boot/actuate/health/HealthEndpointGroupsCustomizer> (0x0000000086981ee8) 
thrown [s\open\src\hotspot\share\classfile\systemDictionary.cpp, line 255]
Event: 17.684 Thread 0x000002986555c020 Exception <a 'java/lang/ClassNotFoundException'{0x00000000869a25d8}: java/lang/ObjectCustomizer> (0x00000000869a25d8) 
thrown [s\open\src\hotspot\share\classfile\systemDictionary.cpp, line 255]
Event: 17.685 Thread 0x000002986555c020 Exception <a 'java/lang/ClassNotFoundException'{0x00000000869aad10}: org/springframework/boot/actuate/autoconfigure/system/DiskSpaceHealthContributorAutoConfigurationCustomizer> (0x00000000869aad10) 
thrown [s\open\src\hotspot\share\classfile\systemDictionary.cpp, line 255]
Event: 17.688 Thread 0x000002986555c020 Exception <a 'java/lang/ClassNotFoundException'{0x00000000869b7a08}: java/lang/ObjectCustomizer> (0x00000000869b7a08) 
thrown [s\open\src\hotspot\share\classfile\systemDictionary.cpp, line 255]
Event: 17.689 Thread 0x000002986555c020 Exception <a 'java/lang/ClassNotFoundException'{0x00000000869bff50}: org/springframework/boot/actuate/autoconfigure/system/DiskSpaceHealthIndicatorPropertiesCustomizer> (0x00000000869bff50) 
thrown [s\open\src\hotspot\share\classfile\systemDictionary.cpp, line 255]
Event: 17.695 Thread 0x000002986555c020 Exception <a 'java/lang/ClassNotFoundException'{0x00000000869e8778}: java/lang/ObjectCustomizer> (0x00000000869e8778) 
thrown [s\open\src\hotspot\share\classfile\systemDictionary.cpp, line 255]
Event: 17.695 Thread 0x000002986555c020 Exception <a 'java/lang/ClassNotFoundException'{0x00000000869efbc0}: org/springframework/boot/actuate/health/AbstractHealthIndicatorCustomizer> (0x00000000869efbc0) 
thrown [s\open\src\hotspot\share\classfile\systemDictionary.cpp, line 255]
Event: 17.696 Thread 0x000002986555c020 Exception <a 'java/lang/ClassNotFoundException'{0x00000000869f5468}: org/springframework/boot/actuate/system/DiskSpaceHealthIndicatorCustomizer> (0x00000000869f5468) 
thrown [s\open\src\hotspot\share\classfile\systemDictionary.cpp, line 255]
Event: 17.696 Thread 0x000002986555c020 Exception <a 'java/lang/ClassNotFoundException'{0x00000000869fb0c8}: org/springframework/boot/actuate/health/HealthIndicatorCustomizer> (0x00000000869fb0c8) 
thrown [s\open\src\hotspot\share\classfile\systemDictionary.cpp, line 255]

VM Operations (20 events):
Event: 16.263 Executing VM operation: G1CollectForAllocation done
Event: 16.384 Executing VM operation: G1Concurrent
Event: 16.389 Executing VM operation: G1Concurrent done
Event: 16.444 Executing VM operation: G1Concurrent
Event: 16.445 Executing VM operation: G1Concurrent done
Event: 16.515 Executing VM operation: G1CollectForAllocation
Event: 16.524 Executing VM operation: G1CollectForAllocation done
Event: 16.669 Executing VM operation: G1TryInitiateConcMark
Event: 16.683 Executing VM operation: G1TryInitiateConcMark done
Event: 16.789 Executing VM operation: G1CollectForAllocation
Event: 16.799 Executing VM operation: G1CollectForAllocation done
Event: 16.822 Executing VM operation: G1Concurrent
Event: 16.829 Executing VM operation: G1Concurrent done
Event: 16.889 Executing VM operation: G1Concurrent
Event: 16.889 Executing VM operation: G1Concurrent done
Event: 16.979 Executing VM operation: G1CollectForAllocation
Event: 16.985 Executing VM operation: G1CollectForAllocation done
Event: 16.995 Executing VM operation: G1CollectForAllocation
Event: 17.001 Executing VM operation: G1CollectForAllocation done
Event: 17.697 Executing VM operation: G1CollectForAllocation

Events (20 events):
Event: 17.022 Thread 0x0000029865a1ebc0 Thread exited: 0x0000029865a1ebc0
Event: 17.022 Thread 0x00000298689cd7b0 Thread exited: 0x00000298689cd7b0
Event: 17.022 Thread 0x00000298689cdc80 Thread exited: 0x00000298689cdc80
Event: 17.022 Thread 0x0000029865a203d0 Thread exited: 0x0000029865a203d0
Event: 17.023 Thread 0x0000029865a1ff00 Thread added: 0x0000029865a1ff00
Event: 17.026 Thread 0x0000029865a203d0 Thread added: 0x0000029865a203d0
Event: 17.026 Thread 0x0000029865a1ebc0 Thread added: 0x0000029865a1ebc0
Event: 17.026 Thread 0x0000029865a208a0 Thread added: 0x0000029865a208a0
Event: 17.026 Thread 0x00000298676fffe0 Thread added: 0x00000298676fffe0
Event: 17.026 Thread 0x00000298676f9130 Thread added: 0x00000298676f9130
Event: 17.026 Thread 0x00000298676f9600 Thread added: 0x00000298676f9600
Event: 17.026 Thread 0x00000298676fbc80 Thread added: 0x00000298676fbc80
Event: 17.032 Thread 0x00000298676f9130 Thread exited: 0x00000298676f9130
Event: 17.032 Thread 0x0000029865a203d0 Thread exited: 0x0000029865a203d0
Event: 17.032 Thread 0x00000298676fffe0 Thread exited: 0x00000298676fffe0
Event: 17.032 Thread 0x0000029865a1ebc0 Thread exited: 0x0000029865a1ebc0
Event: 17.032 Thread 0x00000298676f9600 Thread exited: 0x00000298676f9600
Event: 17.032 Thread 0x0000029865a208a0 Thread exited: 0x0000029865a208a0
Event: 17.032 Thread 0x00000298676fbc80 Thread exited: 0x00000298676fbc80
Event: 17.032 Thread 0x0000029865a1ff00 Thread exited: 0x0000029865a1ff00


Dynamic libraries:
0x00007ff76d050000 - 0x00007ff76d060000 	C:\Program Files\Java\jdk-18.0.1\bin\java.exe
0x00007fffe5770000 - 0x00007fffe5965000 	C:\WINDOWS\SYSTEM32\ntdll.dll
0x00007fffe52d0000 - 0x00007fffe538e000 	C:\WINDOWS\System32\KERNEL32.DLL
0x00007fffe33a0000 - 0x00007fffe3668000 	C:\WINDOWS\System32\KERNELBASE.dll
0x00007fffe3040000 - 0x00007fffe3140000 	C:\WINDOWS\System32\ucrtbase.dll
0x00007fffda530000 - 0x00007fffda548000 	C:\Program Files\Java\jdk-18.0.1\bin\jli.dll
0x00007fffe4600000 - 0x00007fffe46ae000 	C:\WINDOWS\System32\ADVAPI32.dll
0x00007fffe5630000 - 0x00007fffe56ce000 	C:\WINDOWS\System32\msvcrt.dll
0x00007fffe4560000 - 0x00007fffe45fc000 	C:\WINDOWS\System32\sechost.dll
0x00007fffe51a0000 - 0x00007fffe52c5000 	C:\WINDOWS\System32\RPCRT4.dll
0x00007fffe3cf0000 - 0x00007fffe3e90000 	C:\WINDOWS\System32\USER32.dll
0x00007fffe32a0000 - 0x00007fffe32c2000 	C:\WINDOWS\System32\win32u.dll
0x00007fffe5520000 - 0x00007fffe554a000 	C:\WINDOWS\System32\GDI32.dll
0x00007fffe3190000 - 0x00007fffe329b000 	C:\WINDOWS\System32\gdi32full.dll
0x00007fffe3300000 - 0x00007fffe339d000 	C:\WINDOWS\System32\msvcp_win.dll
0x00007fffd31e0000 - 0x00007fffd347a000 	C:\WINDOWS\WinSxS\amd64_microsoft.windows.common-controls_6595b64144ccf1df_6.0.19041.1110_none_60b5254171f9507e\COMCTL32.dll
0x00007fffd57e0000 - 0x00007fffd57ea000 	C:\WINDOWS\SYSTEM32\VERSION.dll
0x00007fffd6fd0000 - 0x00007fffd6fea000 	C:\Program Files\Java\jdk-18.0.1\bin\VCRUNTIME140.dll
0x00007fffe47c0000 - 0x00007fffe47f0000 	C:\WINDOWS\System32\IMM32.DLL
0x00007fffdebc0000 - 0x00007fffdebcc000 	C:\Program Files\Java\jdk-18.0.1\bin\vcruntime140_1.dll
0x00007fffc3110000 - 0x00007fffc319d000 	C:\Program Files\Java\jdk-18.0.1\bin\msvcp140.dll
0x00007fffa9200000 - 0x00007fffa9e10000 	C:\Program Files\Java\jdk-18.0.1\bin\server\jvm.dll
0x00007fffe44f0000 - 0x00007fffe44f8000 	C:\WINDOWS\System32\PSAPI.DLL
0x00007fffd4a70000 - 0x00007fffd4a97000 	C:\WINDOWS\SYSTEM32\WINMM.dll
0x00007fffdb860000 - 0x00007fffdb869000 	C:\WINDOWS\SYSTEM32\WSOCK32.dll
0x00007fffe54b0000 - 0x00007fffe551b000 	C:\WINDOWS\System32\WS2_32.dll
0x00007fffe0db0000 - 0x00007fffe0dc2000 	C:\WINDOWS\SYSTEM32\kernel.appcore.dll
0x00007fffde620000 - 0x00007fffde62a000 	C:\Program Files\Java\jdk-18.0.1\bin\jimage.dll
0x00007fffd1670000 - 0x00007fffd1854000 	C:\WINDOWS\SYSTEM32\DBGHELP.DLL
0x00007fffd1640000 - 0x00007fffd166c000 	C:\WINDOWS\SYSTEM32\dbgcore.DLL
0x00007fffe2e90000 - 0x00007fffe2f12000 	C:\WINDOWS\System32\bcryptPrimitives.dll
0x00007fffdc1c0000 - 0x00007fffdc1ce000 	C:\Program Files\Java\jdk-18.0.1\bin\instrument.dll
0x00007fffd6f20000 - 0x00007fffd6f45000 	C:\Program Files\Java\jdk-18.0.1\bin\java.dll
0x00007fffbef60000 - 0x00007fffbf036000 	C:\Program Files\Java\jdk-18.0.1\bin\jsvml.dll
0x00007fffe47f0000 - 0x00007fffe4f34000 	C:\WINDOWS\System32\SHELL32.dll
0x00007fffe0fb0000 - 0x00007fffe1744000 	C:\WINDOWS\SYSTEM32\windows.storage.dll
0x00007fffe3e90000 - 0x00007fffe41e4000 	C:\WINDOWS\System32\combase.dll
0x00007fffe2830000 - 0x00007fffe285c000 	C:\WINDOWS\SYSTEM32\Wldp.dll
0x00007fffe37d0000 - 0x00007fffe387d000 	C:\WINDOWS\System32\SHCORE.dll
0x00007fffe4500000 - 0x00007fffe4555000 	C:\WINDOWS\System32\shlwapi.dll
0x00007fffe2dd0000 - 0x00007fffe2def000 	C:\WINDOWS\SYSTEM32\profapi.dll
0x00007fffd5040000 - 0x00007fffd5058000 	C:\Program Files\Java\jdk-18.0.1\bin\zip.dll
0x00007fffd6f00000 - 0x00007fffd6f13000 	C:\Program Files\Java\jdk-18.0.1\bin\net.dll
0x00007fffd7db0000 - 0x00007fffd7eba000 	C:\WINDOWS\SYSTEM32\WINHTTP.dll
0x00007fffe2590000 - 0x00007fffe25fa000 	C:\WINDOWS\system32\mswsock.dll
0x00007fffd6d00000 - 0x00007fffd6d16000 	C:\Program Files\Java\jdk-18.0.1\bin\nio.dll
0x00007fffd28e0000 - 0x00007fffd28fa000 	C:\Program Files\JetBrains\IntelliJ IDEA 2022.1\bin\breakgen64.dll
0x00007fffdb870000 - 0x00007fffdb880000 	C:\Program Files\Java\jdk-18.0.1\bin\verify.dll
0x00007fffd6fc0000 - 0x00007fffd6fc9000 	C:\Program Files\Java\jdk-18.0.1\bin\management.dll
0x00007fffd5370000 - 0x00007fffd537b000 	C:\Program Files\Java\jdk-18.0.1\bin\management_ext.dll
0x00007fffcd2e0000 - 0x00007fffcd2f7000 	C:\WINDOWS\system32\napinsp.dll
0x00007fffccc20000 - 0x00007fffccc3b000 	C:\WINDOWS\system32\pnrpnsp.dll
0x00007fffc8730000 - 0x00007fffc8745000 	C:\WINDOWS\system32\wshbth.dll
0x00007fffde6a0000 - 0x00007fffde6bd000 	C:\WINDOWS\system32\NLAapi.dll
0x00007fffe2280000 - 0x00007fffe22bb000 	C:\WINDOWS\SYSTEM32\IPHLPAPI.DLL
0x00007fffe22c0000 - 0x00007fffe238b000 	C:\WINDOWS\SYSTEM32\DNSAPI.dll
0x00007fffe4350000 - 0x00007fffe4358000 	C:\WINDOWS\System32\NSI.dll
0x00007fffcae70000 - 0x00007fffcae82000 	C:\WINDOWS\System32\winrnr.dll
0x00007fffd6860000 - 0x00007fffd686a000 	C:\Windows\System32\rasadhlp.dll
0x00007fffd6c60000 - 0x00007fffd6cdf000 	C:\WINDOWS\System32\fwpuclnt.dll
0x00007fffe32d0000 - 0x00007fffe32f7000 	C:\WINDOWS\System32\bcrypt.dll
0x00007fffe2790000 - 0x00007fffe27a8000 	C:\WINDOWS\SYSTEM32\CRYPTSP.dll
0x00007fffe1f10000 - 0x00007fffe1f44000 	C:\WINDOWS\system32\rsaenh.dll
0x00007fffe2d90000 - 0x00007fffe2dbe000 	C:\WINDOWS\SYSTEM32\USERENV.dll
0x00007fffe2780000 - 0x00007fffe278c000 	C:\WINDOWS\SYSTEM32\CRYPTBASE.dll
0x00007fffdd070000 - 0x00007fffdd087000 	C:\WINDOWS\SYSTEM32\dhcpcsvc6.DLL
0x00007fffdd790000 - 0x00007fffdd7ad000 	C:\WINDOWS\SYSTEM32\dhcpcsvc.DLL
0x00007fffd35d0000 - 0x00007fffd35de000 	C:\Program Files\Java\jdk-18.0.1\bin\sunmscapi.dll
0x00007fffe3670000 - 0x00007fffe37c6000 	C:\WINDOWS\System32\CRYPT32.dll
0x00007fffe28a0000 - 0x00007fffe28c7000 	C:\WINDOWS\SYSTEM32\ncrypt.dll
0x00007fffe2860000 - 0x00007fffe289b000 	C:\WINDOWS\SYSTEM32\NTASN1.dll

dbghelp: loaded successfully - version: 4.0.5 - missing functions: none
symbol engine: initialized successfully - sym options: 0x614 - pdb path: .;C:\Program Files\Java\jdk-18.0.1\bin;C:\WINDOWS\SYSTEM32;C:\WINDOWS\WinSxS\amd64_microsoft.windows.common-controls_6595b64144ccf1df_6.0.19041.1110_none_60b5254171f9507e;C:\Program Files\Java\jdk-18.0.1\bin\server;C:\Program Files\JetBrains\IntelliJ IDEA 2022.1\bin

VM Arguments:
jvm_args: -javaagent:C:\Program Files\JetBrains\IntelliJ IDEA 2022.1\lib\idea_rt.jar=57945:C:\Program Files\JetBrains\IntelliJ IDEA 2022.1\bin -Dfile.encoding=UTF-8 
java_command: com.training.rest.webservices.restfulwebservices.RestfulWebServicesApplication
java_class_path (initial): C:\Users\nikkie\IdeaProjects\restful-web-services\target\classes;C:\Users\nikkie\.m2\repository\org\springframework\boot\spring-boot-starter-data-jpa\2.6.7\spring-boot-starter-data-jpa-2.6.7.jar;C:\Users\nikkie\.m2\repository\org\springframework\boot\spring-boot-starter-aop\2.6.7\spring-boot-starter-aop-2.6.7.jar;C:\Users\nikkie\.m2\repository\org\springframework\spring-aop\5.3.19\spring-aop-5.3.19.jar;C:\Users\nikkie\.m2\repository\org\aspectj\aspectjweaver\1.9.7\aspectjweaver-1.9.7.jar;C:\Users\nikkie\.m2\repository\org\springframework\boot\spring-boot-starter-jdbc\2.6.7\spring-boot-starter-jdbc-2.6.7.jar;C:\Users\nikkie\.m2\repository\com\zaxxer\HikariCP\4.0.3\HikariCP-4.0.3.jar;C:\Users\nikkie\.m2\repository\org\springframework\spring-jdbc\5.3.19\spring-jdbc-5.3.19.jar;C:\Users\nikkie\.m2\repository\jakarta\transaction\jakarta.transaction-api\1.3.3\jakarta.transaction-api-1.3.3.jar;C:\Users\nikkie\.m2\repository\jakarta\persistence\jakarta.persistence-api\2.2.3\jakarta.persistence-api-2.2.3.jar;C:\Users\nikkie\.m2\repository\org\hibernate\hibernate-core\5.6.8.Final\hibernate-core-5.6.8.Final.jar;C:\Users\nikkie\.m2\repository\org\jboss\logging\jboss-logging\3.4.3.Final\jboss-logging-3.4.3.Final.jar;C:\Users\nikkie\.m2\repository\net\bytebuddy\byte-buddy\1.11.22\byte-buddy-1.11.22.jar;C:\Users\nikkie\.m2\repository\antlr\antlr\2.7.7\antlr-2.7.7.jar;C:\Users\nikkie\.m2\repository\org\jboss\jandex\2.4.2.Final\jandex-2.4.2.Final.jar;C:\Users\nikkie\.m2\repository\com\fasterxml\classmate\1.5.1\classmate-1.5.1.jar;C:\Users\nikkie\.m2\repository\org\hibernate\common\hibernate-commons-annotations\5.1.2.Final\hibernate-commons-annotations-5.1.2.Final.jar;C:\Users\nikkie\.m2\repository\org\glassfish\jaxb\jaxb-runtime\2.3.6\jaxb-runtime-2.3.6.jar;C:\Users\nikkie\.m2\repository\org\glassfish\jaxb\txw2\2.3.6\txw2-2.3.6.jar;C:\Users\nikkie\.m2\repository\com\sun\istack\istack-commons-runtime\3.0.12\istack-commons-runtime-3.0.12.jar;C:\Users\nikkie\.m2\repository\com\sun\activation\jakarta.activation\1.2.2\jakarta.activation-1.2.2.jar;C:\Users\nikkie\.m2\repository\org\springframework\data\spring-data-jpa\2.6.4\spring-data-jpa-2.6.4.jar;C:\Users\nikkie\.m2\repository\org\springframework\data\spring-data-commons\2.6.4\spring-data-commons-2.6.4.jar;C:\Users\nikkie\.m2\repository\org\springframework\spring-orm\5.3.19\spring-orm-5.3.19.jar;C:\Users\nikkie\.m2\repository\org\springframework\spring-context\5.3.19\spring-context-5.3.19.jar;C:\Users\nikkie\.m2\repository\org\springframework\spring-tx\5.3.19\spring-tx-5.3.19.jar;C:\Users\nikkie\.m2\repository\org\springframework\spring-beans\5.3.19\spring-beans-5.3.19.jar;C:\Users\nikkie\.m2\repository\org\springframework\spring-aspects\5.3.19\spring-aspects-5.3.19.jar;C:\Users\nikkie\.m2\repository\com\h2database\h2\1.4.200\h2-1.4.200.jar;C:\Users\nikkie\.m2\repository\org\springframework\boot\spring-boot-starter-web\2.6.7\spring-boot-starter-web-2.6.7.jar;C:\Users\nikkie\.m2\repository\org\springframework\boot\spring-boot-starter\2.6.7\spring-boot-starter-2.6.7.jar;C:\Users\nikkie\.m2\repository\org\springframework\boot\spring-boot-starter-logging\2.6.7\spring-boot-starter-logging-2.6.7.jar;C:\Users\nikkie\.m2\repository\ch\qos\logback\logback-classic\1.2.11\logback-classic-1.2.11.jar;C:\Users\nikkie\.m2\repository\ch\qos\logback\logback-core\1.2.11\logback-core-1.2.11.jar;C:\Users\nikkie\.m2\repository\org\apache\logging\log4j\log4j-to-slf4j\2.17.2\log4j-to-slf4j-2.17.2.jar;C:\Users\nikkie\.m2\repository\org\apache\logging\log4j\log4j-api\2.17.2\log4j-api-2.17.2.jar;C:\Users\nikkie\.m2\repository\org\slf4j\jul-to-slf4j\1.7.36\jul-to-slf4j-1.7.36.jar;C:\Users\nikkie\.m2\repository\jakarta\annotation\jakarta.annotation-api\1.3.5\jakarta.annotation-api-1.3.5.jar;C:\Users\nikkie\.m2\repository\org\yaml\snakeyaml\1.29\snakeyaml-1.29.jar;C:\Users\nikkie\.m2\repository\org\springframework\boot\spring-boot-starter-json\2.6.7\spring-boot-starter-json-2.6.7.jar;C:\Users\nikkie\.m2\repository\com\fasterxml\jackson\core\jackson-databind\2.13.2.1\jackson-databind-2.13.2.1.jar;C:\Users\nikkie\.m2\repository\com\fasterxml\jackson\datatype\jackson-datatype-jdk8\2.13.2\jackson-datatype-jdk8-2.13.2.jar;C:\Users\nikkie\.m2\repository\com\fasterxml\jackson\datatype\jackson-datatype-jsr310\2.13.2\jackson-datatype-jsr310-2.13.2.jar;C:\Users\nikkie\.m2\repository\com\fasterxml\jackson\module\jackson-module-parameter-names\2.13.2\jackson-module-parameter-names-2.13.2.jar;C:\Users\nikkie\.m2\repository\org\springframework\boot\spring-boot-starter-tomcat\2.6.7\spring-boot-starter-tomcat-2.6.7.jar;C:\Users\nikkie\.m2\repository\org\apache\tomcat\embed\tomcat-embed-core\9.0.62\tomcat-embed-core-9.0.62.jar;C:\Users\nikkie\.m2\repository\org\apache\tomcat\embed\tomcat-embed-websocket\9.0.62\tomcat-embed-websocket-9.0.62.jar;C:\Users\nikkie\.m2\repository\org\springframework\spring-web\5.3.19\spring-web-5.3.19.jar;C:\Users\nikkie\.m2\repository\org\springframework\spring-webmvc\5.3.19\spring-webmvc-5.3.19.jar;C:\Users\nikkie\.m2\repository\org\springframework\spring-expression\5.3.19\spring-expression-5.3.19.jar;C:\Users\nikkie\.m2\repository\org\springframework\boot\spring-boot-starter-validation\2.6.7\spring-boot-starter-validation-2.6.7.jar;C:\Users\nikkie\.m2\repository\org\apache\tomcat\embed\tomcat-embed-el\9.0.62\tomcat-embed-el-9.0.62.jar;C:\Users\nikkie\.m2\repository\org\hibernate\validator\hibernate-validator\6.2.3.Final\hibernate-validator-6.2.3.Final.jar;C:\Users\nikkie\.m2\repository\jakarta\validation\jakarta.validation-api\2.0.2\jakarta.validation-api-2.0.2.jar;C:\Users\nikkie\.m2\repository\org\springframework\boot\spring-boot-starter-hateoas\2.6.7\spring-boot-starter-hateoas-2.6.7.jar;C:\Users\nikkie\.m2\repository\org\springframework\hateoas\spring-hateoas\1.4.2\spring-hateoas-1.4.2.jar;C:\Users\nikkie\.m2\repository\org\springframework\plugin\spring-plugin-core\2.0.0.RELEASE\spring-plugin-core-2.0.0.RELEASE.jar;C:\Users\nikkie\.m2\repository\org\springframework\boot\spring-boot-starter-actuator\2.6.7\spring-boot-starter-actuator-2.6.7.jar;C:\Users\nikkie\.m2\repository\org\springframework\boot\spring-boot-actuator-autoconfigure\2.6.7\spring-boot-actuator-autoconfigure-2.6.7.jar;C:\Users\nikkie\.m2\repository\org\springframework\boot\spring-boot-actuator\2.6.7\spring-boot-actuator-2.6.7.jar;C:\Users\nikkie\.m2\repository\io\micrometer\micrometer-core\1.8.5\micrometer-core-1.8.5.jar;C:\Users\nikkie\.m2\repository\org\hdrhistogram\HdrHistogram\2.1.12\HdrHistogram-2.1.12.jar;C:\Users\nikkie\.m2\repository\org\latencyutils\LatencyUtils\2.0.3\LatencyUtils-2.0.3.jar;C:\Users\nikkie\.m2\repository\org\springframework\data\spring-data-rest-hal-explorer\3.6.4\spring-data-rest-hal-explorer-3.6.4.jar;C:\Users\nikkie\.m2\repository\org\springframework\data\spring-data-rest-webmvc\3.6.4\spring-data-rest-webmvc-3.6.4.jar;C:\Users\nikkie\.m2\repository\org\springframework\data\spring-data-rest-core\3.6.4\spring-data-rest-core-3.6.4.jar;C:\Users\nikkie\.m2\repository\org\atteo\evo-inflector\1.3\evo-inflector-1.3.jar;C:\Users\nikkie\.m2\repository\com\fasterxml\jackson\core\jackson-annotations\2.13.2\jackson-annotations-2.13.2.jar;C:\Users\nikkie\.m2\repository\org\slf4j\slf4j-api\1.7.36\slf4j-api-1.7.36.jar;C:\Users\nikkie\.m2\repository\org\springdoc\springdoc-openapi-ui\1.6.8\springdoc-openapi-ui-1.6.8.jar;C:\Users\nikkie\.m2\repository\org\springdoc\springdoc-openapi-webmvc-core\1.6.8\springdoc-openapi-webmvc-core-1.6.8.jar;C:\Users\nikkie\.m2\repository\org\springdoc\springdoc-openapi-common\1.6.8\springdoc-openapi-common-1.6.8.jar;C:\Users\nikkie\.m2\repository\io\swagger\core\v3\swagger-core\2.2.0\swagger-core-2.2.0.jar;C:\Users\nikkie\.m2\repository\org\apache\commons\commons-lang3\3.12.0\commons-lang3-3.12.0.jar;C:\Users\nikkie\.m2\repository\com\fasterxml\jackson\dataformat\jackson-dataformat-yaml\2.13.2\jackson-dataformat-yaml-2.13.2.jar;C:\Users\nikkie\.m2\repository\io\swagger\core\v3\swagger-annotations\2.2.0\swagger-annotations-2.2.0.jar;C:\Users\nikkie\.m2\repository\io\swagger\core\v3\swagger-models\2.2.0\swagger-models-2.2.0.jar;C:\Users\nikkie\.m2\repository\org\webjars\swagger-ui\4.10.3\swagger-ui-4.10.3.jar;C:\Users\nikkie\.m2\repository\org\webjars\webjars-locator-core\0.48\webjars-locator-core-0.48.jar;C:\Users\nikkie\.m2\repository\com\fasterxml\jackson\core\jackson-core\2.13.2\jackson-core-2.13.2.jar;C:\Users\nikkie\.m2\repository\io\github\classgraph\classgraph\4.8.143\classgraph-4.8.143.jar;C:\Users\nikkie\.m2\repository\org\springframework\boot\spring-boot-devtools\2.6.7\spring-boot-devtools-2.6.7.jar;C:\Users\nikkie\.m2\repository\org\springframework\boot\spring-boot\2.6.7\spring-boot-2.6.7.jar;C:\Users\nikkie\.m2\repository\org\springframework\boot\spring-boot-autoconfigure\2.6.7\spring-boot-autoconfigure-2.6.7.jar;C:\Users\nikkie\.m2\repository\com\jayway\jsonpath\json-path\2.6.0\json-path-2.6.0.jar;C:\Users\nikkie\.m2\repository\net\minidev\json-smart\2.4.8\json-smart-2.4.8.jar;C:\Users\nikkie\.m2\repository\net\minidev\accessors-smart\2.4.8\accessors-smart-2.4.8.jar;C:\Users\nikkie\.m2\repository\org\ow2\asm\asm\9.1\asm-9.1.jar;C:\Users\nikkie\.m2\repository\jakarta\xml\bind\jakarta.xml.bind-api\2.3.3\jakarta.xml.bind-api-2.3.3.jar;C:\Users\nikkie\.m2\repository\jakarta\activation\jakarta.activation-api\1.2.2\jakarta.activation-api-1.2.2.jar;C:\Users\nikkie\.m2\repository\org\springframework\spring-core\5.3.19\spring-core-5.3.19.jar;C:\Users\nikkie\.m2\repository\org\springframework\spring-jcl\5.3.19\spring-jcl-5.3.19.jar
Launcher Type: SUN_STANDARD

[Global flags]
     intx CICompilerCount                          = 3                                         {product} {ergonomic}
     uint ConcGCThreads                            = 1                                         {product} {ergonomic}
     uint G1ConcRefinementThreads                  = 4                                         {product} {ergonomic}
   size_t G1HeapRegionSize                         = 1048576                                   {product} {ergonomic}
    uintx GCDrainStackTargetSize                   = 64                                        {product} {ergonomic}
   size_t InitialHeapSize                          = 134217728                                 {product} {ergonomic}
   size_t MarkStackSize                            = 4194304                                   {product} {ergonomic}
   size_t MaxHeapSize                              = 2116026368                                {product} {ergonomic}
   size_t MaxNewSize                               = 1268776960                                {product} {ergonomic}
   size_t MinHeapDeltaBytes                        = 1048576                                   {product} {ergonomic}
   size_t MinHeapSize                              = 8388608                                   {product} {ergonomic}
    uintx NonNMethodCodeHeapSize                   = 5832780                                {pd product} {ergonomic}
    uintx NonProfiledCodeHeapSize                  = 122912730                              {pd product} {ergonomic}
    uintx ProfiledCodeHeapSize                     = 122912730                              {pd product} {ergonomic}
    uintx ReservedCodeCacheSize                    = 251658240                              {pd product} {ergonomic}
     bool SegmentedCodeCache                       = true                                      {product} {ergonomic}
   size_t SoftMaxHeapSize                          = 2116026368                             {manageable} {ergonomic}
     bool UseCompressedClassPointers               = true                           {product lp64_product} {ergonomic}
     bool UseCompressedOops                        = true                           {product lp64_product} {ergonomic}
     bool UseG1GC                                  = true                                      {product} {ergonomic}
     bool UseLargePagesIndividualAllocation        = false                                  {pd product} {ergonomic}

Logging:
Log output configuration:
 #0: stdout all=warning uptime,level,tags foldmultilines=false
 #1: stderr all=off uptime,level,tags foldmultilines=false

Environment Variables:
JAVA_HOME=C:\Program Files\Java\jdk-18.0.1
PATH=E:\maven\apache-maven-3.8.5\bin;C:\Gradle\gradle-7.4.2\bin;C:\Users\nikkie\AppData\Local\Microsoft\WindowsApps;C:\Users\nikkie\AppData\Local\atom\bin;C:\Users\nikkie\AppData\Local\Microsoft\WindowsApps;C:\Users\nikkie\AppData\Local\Programs\Microsoft VS Code\bin;C:\Program Files\Azure Data Studio\bin;C:\Users\nikkie\AppData\Local\GitHubDesktop\bin;C:\Users\nikkie\AppData\Roaming\npm;C:\Program Files\JetBrains\IntelliJ IDEA Community Edition 2022.1\bin;
USERNAME=nikkie
OS=Windows_NT
PROCESSOR_IDENTIFIER=Intel64 Family 6 Model 58 Stepping 9, GenuineIntel



---------------  S Y S T E M  ---------------

OS:
 Windows 10 , 64 bit Build 19041 (10.0.19041.1566)
OS uptime: 10 days 13:02 hours

CPU: total 4 (initial active 4) (2 cores per cpu, 2 threads per core) family 6 model 58 stepping 9 microcode 0x21, cx8, cmov, fxsr, ht, mmx, sse, sse2, sse3, ssse3, sse4.1, sse4.2, popcnt, tsc, tscinvbit, avx, aes, erms, clmul, vzeroupper, clflush

Memory: 4k page, system-wide physical 8067M (746M free)
TotalPageFile size 18307M (AvailPageFile size 6M)
current process WorkingSet (physical memory assigned to process): 284M, peak: 285M
current process commit charge ("private bytes"): 418M, peak: 420M

vm_info: Java HotSpot(TM) 64-Bit Server VM (18.0.1+10-24) for windows-amd64 JRE (18.0.1+10-24), built on Mar  9 2022 22:41:56 by "mach5one" with MS VC++ 16.8 / 16.9 (VS2019)

END.
