#
# There is insufficient memory for the Java Runtime Environment to continue.
# Native memory allocation (malloc) failed to allocate 32744 bytes for Chunk::new
# Possible reasons:
#   The system is out of physical RAM or swap space
#   The process is running with CompressedOops enabled, and the Java Heap may be blocking the growth of the native heap
# Possible solutions:
#   Reduce memory load on the system
#   Increase physical memory or swap space
#   Check if swap backing store is full
#   Decrease Java heap size (-Xmx/-Xms)
#   Decrease number of Java threads
#   Decrease Java thread stack sizes (-Xss)
#   Set larger code cache with -XX:ReservedCodeCacheSize=
#   JVM is running with Unscaled Compressed Oops mode in which the Java heap is
#     placed in the first 4GB address space. The Java Heap base address is the
#     maximum limit for the native heap growth. Please use -XX:HeapBaseMinAddress
#     to set the Java Heap base and to place the Java Heap above 4GB virtual address.
# This output file may be truncated or incomplete.
#
#  Out of Memory Error (arena.cpp:184), pid=13028, tid=6316
#
# JRE version: Java(TM) SE Runtime Environment (18.0.1+10) (build 18.0.1+10-24)
# Java VM: Java HotSpot(TM) 64-Bit Server VM (18.0.1+10-24, mixed mode, emulated-client, sharing, tiered, compressed oops, compressed class ptrs, g1 gc, windows-amd64)
# No core dump will be written. Minidumps are not enabled by default on client versions of Windows
#

---------------  S U M M A R Y ------------

Command Line: -XX:TieredStopAtLevel=1 -Xverify:none -Dspring.output.ansi.enabled=always -Dcom.sun.management.jmxremote -Dspring.jmx.enabled=true -Dspring.liveBeansView.mbeanDomain -Dspring.application.admin.enabled=true -javaagent:C:\Program Files\JetBrains\IntelliJ IDEA 2022.1\lib\idea_rt.jar=53801:C:\Program Files\JetBrains\IntelliJ IDEA 2022.1\bin -Dfile.encoding=UTF-8 com.training.rest.webservices.restfulwebservices.RestfulWebServicesApplication

Host: Intel(R) Core(TM) i5-3210M CPU @ 2.50GHz, 4 cores, 7G,  Windows 10 , 64 bit Build 19041 (10.0.19041.1566)
Time: Sun May  1 14:29:09 2022 India Standard Time elapsed time: 7.205591 seconds (0d 0h 0m 7s)

---------------  T H R E A D  ---------------

Current thread (0x000001811bb370e0):  JavaThread "C1 CompilerThread0" daemon [_thread_in_native, id=6316, stack(0x0000002b7d300000,0x0000002b7d400000)]


Current CompileTask:
C1:   7205  439       1       jdk.internal.org.objectweb.asm.Frame::execute (2305 bytes)

Stack: [0x0000002b7d300000,0x0000002b7d400000]
Native frames: (J=compiled Java code, j=interpreted, Vv=VM code, C=native code)
V  [jvm.dll+0x69887a]
V  [jvm.dll+0x7f38bd]
V  [jvm.dll+0x7f51ce]
V  [jvm.dll+0x7f5883]
V  [jvm.dll+0x25ca3f]
V  [jvm.dll+0xb8c2f]
V  [jvm.dll+0xb8fa5]
V  [jvm.dll+0x18a5da]
V  [jvm.dll+0x18b2a2]
V  [jvm.dll+0x18b35e]
V  [jvm.dll+0x18db45]
V  [jvm.dll+0x18f661]
V  [jvm.dll+0x148df3]
V  [jvm.dll+0x1486cf]
V  [jvm.dll+0x148926]
V  [jvm.dll+0x147d9a]
V  [jvm.dll+0x149a81]
V  [jvm.dll+0x23e8ca]
V  [jvm.dll+0x23cbb5]
V  [jvm.dll+0x7a5fb1]
V  [jvm.dll+0x7a03ea]
V  [jvm.dll+0x697725]
C  [ucrtbase.dll+0x21bb2]
C  [KERNEL32.DLL+0x17034]
C  [ntdll.dll+0x52651]


---------------  P R O C E S S  ---------------

Threads class SMR info:
_java_thread_list=0x0000018120199270, length=12, elements={
0x000001810a371190, 0x000001811bb181a0, 0x000001811bb18e00, 0x000001811bb33790,
0x000001811bb343f0, 0x000001811bb35da0, 0x000001811bb36740, 0x000001811bb370e0,
0x000001811bb37ac0, 0x000001811fd48210, 0x00000181200f8b10, 0x00000181201a14a0
}

Java Threads: ( => current thread )
  0x000001810a371190 JavaThread "main" [_thread_in_Java, id=6940, stack(0x0000002b7c500000,0x0000002b7c600000)]
  0x000001811bb181a0 JavaThread "Reference Handler" daemon [_thread_blocked, id=16240, stack(0x0000002b7cd00000,0x0000002b7ce00000)]
  0x000001811bb18e00 JavaThread "Finalizer" daemon [_thread_blocked, id=7508, stack(0x0000002b7ce00000,0x0000002b7cf00000)]
  0x000001811bb33790 JavaThread "Signal Dispatcher" daemon [_thread_blocked, id=10164, stack(0x0000002b7cf00000,0x0000002b7d000000)]
  0x000001811bb343f0 JavaThread "Attach Listener" daemon [_thread_blocked, id=16992, stack(0x0000002b7d000000,0x0000002b7d100000)]
  0x000001811bb35da0 JavaThread "Service Thread" daemon [_thread_blocked, id=15292, stack(0x0000002b7d100000,0x0000002b7d200000)]
  0x000001811bb36740 JavaThread "Monitor Deflation Thread" daemon [_thread_blocked, id=2548, stack(0x0000002b7d200000,0x0000002b7d300000)]
=>0x000001811bb370e0 JavaThread "C1 CompilerThread0" daemon [_thread_in_native, id=6316, stack(0x0000002b7d300000,0x0000002b7d400000)]
  0x000001811bb37ac0 JavaThread "Sweeper thread" daemon [_thread_blocked, id=16548, stack(0x0000002b7d400000,0x0000002b7d500000)]
  0x000001811fd48210 JavaThread "Common-Cleaner" daemon [_thread_blocked, id=11220, stack(0x0000002b7d500000,0x0000002b7d600000)]
  0x00000181200f8b10 JavaThread "Monitor Ctrl-Break" daemon [_thread_in_native, id=5696, stack(0x0000002b7d600000,0x0000002b7d700000)]
  0x00000181201a14a0 JavaThread "Notification Thread" daemon [_thread_blocked, id=13052, stack(0x0000002b7d700000,0x0000002b7d800000)]

Other Threads:
  0x000001811bb14a00 VMThread "VM Thread" [stack: 0x0000002b7cc00000,0x0000002b7cd00000] [id=14544]
  0x000001810a3d0810 WorkerThread "GC Thread#0" [stack: 0x0000002b7c700000,0x0000002b7c800000] [id=9944]
  0x000001810a3e1380 ConcurrentGCThread "G1 Main Marker" [stack: 0x0000002b7c800000,0x0000002b7c900000] [id=15884]
  0x000001810a3e1d70 WorkerThread "G1 Conc#0" [stack: 0x0000002b7c900000,0x0000002b7ca00000] [id=7248]
  0x000001810a41f760 ConcurrentGCThread "G1 Refine#0" [stack: 0x0000002b7ca00000,0x0000002b7cb00000] [id=736]
  0x000001810a420070 ConcurrentGCThread "G1 Service" [stack: 0x0000002b7cb00000,0x0000002b7cc00000] [id=5140]

Threads with active compile tasks:
C1 CompilerThread0     7856  439       1       jdk.internal.org.objectweb.asm.Frame::execute (2305 bytes)

VM state: not at safepoint (normal execution)

VM Mutex/Monitor currently owned by a thread: None

Heap address: 0x0000000081e00000, size: 2018 MB, Compressed Oops mode: 32-bit

CDS archive(s) mapped at: [0x0000000800000000-0x0000000800ba0000-0x0000000800ba0000), size 12189696, SharedBaseAddress: 0x0000000800000000, ArchiveRelocationMode: 0.
Compressed class space mapped at: 0x0000000800c00000-0x0000000840c00000, reserved size: 1073741824
Narrow klass base: 0x0000000800000000, Narrow klass shift: 0, Narrow klass range: 0x100000000

GC Precious Log:
 CardTable entry size: 512
 Card Set container configuration: InlinePtr #cards 5 size 8 Array Of Cards #cards 12 size 40 Howl #buckets 4 coarsen threshold 1843 Howl Bitmap #cards 512 size 80 coarsen threshold 460 Card regions per heap region 1 cards per card region 2048
 CPUs: 4 total, 4 available
 Memory: 8067M
 Large Page Support: Disabled
 NUMA Support: Disabled
 Compressed Oops: Enabled (32-bit)
 Heap Region Size: 1M
 Heap Min Capacity: 8M
 Heap Initial Capacity: 128M
 Heap Max Capacity: 2018M
 Pre-touch: Disabled
 Parallel Workers: 4
 Concurrent Workers: 1
 Concurrent Refinement Workers: 4
 Periodic GC: Disabled

Heap:
 garbage-first heap   total 131072K, used 8192K [0x0000000081e00000, 0x0000000100000000)
  region size 1024K, 9 young (9216K), 0 survivors (0K)
 Metaspace       used 1568K, committed 1728K, reserved 1114112K
  class space    used 157K, committed 256K, reserved 1048576K

Heap Regions: E=young(eden), S=young(survivor), O=old, HS=humongous(starts), HC=humongous(continues), CS=collection set, F=free, OA=open archive, CA=closed archive, TAMS=top-at-mark-start (previous, next)
|   0|0x0000000081e00000, 0x0000000081f00000, 0x0000000081f00000|100%|HS|  |TAMS 0x0000000081e00000, 0x0000000081e00000| Complete 
|   1|0x0000000081f00000, 0x0000000081f00000, 0x0000000082000000|  0%| F|  |TAMS 0x0000000081f00000, 0x0000000081f00000| Untracked 
|   2|0x0000000082000000, 0x0000000082000000, 0x0000000082100000|  0%| F|  |TAMS 0x0000000082000000, 0x0000000082000000| Untracked 
|   3|0x0000000082100000, 0x0000000082100000, 0x0000000082200000|  0%| F|  |TAMS 0x0000000082100000, 0x0000000082100000| Untracked 
|   4|0x0000000082200000, 0x0000000082200000, 0x0000000082300000|  0%| F|  |TAMS 0x0000000082200000, 0x0000000082200000| Untracked 
|   5|0x0000000082300000, 0x0000000082300000, 0x0000000082400000|  0%| F|  |TAMS 0x0000000082300000, 0x0000000082300000| Untracked 
|   6|0x0000000082400000, 0x0000000082400000, 0x0000000082500000|  0%| F|  |TAMS 0x0000000082400000, 0x0000000082400000| Untracked 
|   7|0x0000000082500000, 0x0000000082500000, 0x0000000082600000|  0%| F|  |TAMS 0x0000000082500000, 0x0000000082500000| Untracked 
|   8|0x0000000082600000, 0x0000000082600000, 0x0000000082700000|  0%| F|  |TAMS 0x0000000082600000, 0x0000000082600000| Untracked 
|   9|0x0000000082700000, 0x0000000082700000, 0x0000000082800000|  0%| F|  |TAMS 0x0000000082700000, 0x0000000082700000| Untracked 
|  10|0x0000000082800000, 0x0000000082800000, 0x0000000082900000|  0%| F|  |TAMS 0x0000000082800000, 0x0000000082800000| Untracked 
|  11|0x0000000082900000, 0x0000000082900000, 0x0000000082a00000|  0%| F|  |TAMS 0x0000000082900000, 0x0000000082900000| Untracked 
|  12|0x0000000082a00000, 0x0000000082a00000, 0x0000000082b00000|  0%| F|  |TAMS 0x0000000082a00000, 0x0000000082a00000| Untracked 
|  13|0x0000000082b00000, 0x0000000082b00000, 0x0000000082c00000|  0%| F|  |TAMS 0x0000000082b00000, 0x0000000082b00000| Untracked 
|  14|0x0000000082c00000, 0x0000000082c00000, 0x0000000082d00000|  0%| F|  |TAMS 0x0000000082c00000, 0x0000000082c00000| Untracked 
|  15|0x0000000082d00000, 0x0000000082d00000, 0x0000000082e00000|  0%| F|  |TAMS 0x0000000082d00000, 0x0000000082d00000| Untracked 
|  16|0x0000000082e00000, 0x0000000082e00000, 0x0000000082f00000|  0%| F|  |TAMS 0x0000000082e00000, 0x0000000082e00000| Untracked 
|  17|0x0000000082f00000, 0x0000000082f00000, 0x0000000083000000|  0%| F|  |TAMS 0x0000000082f00000, 0x0000000082f00000| Untracked 
|  18|0x0000000083000000, 0x0000000083000000, 0x0000000083100000|  0%| F|  |TAMS 0x0000000083000000, 0x0000000083000000| Untracked 
|  19|0x0000000083100000, 0x0000000083100000, 0x0000000083200000|  0%| F|  |TAMS 0x0000000083100000, 0x0000000083100000| Untracked 
|  20|0x0000000083200000, 0x0000000083200000, 0x0000000083300000|  0%| F|  |TAMS 0x0000000083200000, 0x0000000083200000| Untracked 
|  21|0x0000000083300000, 0x0000000083300000, 0x0000000083400000|  0%| F|  |TAMS 0x0000000083300000, 0x0000000083300000| Untracked 
|  22|0x0000000083400000, 0x0000000083400000, 0x0000000083500000|  0%| F|  |TAMS 0x0000000083400000, 0x0000000083400000| Untracked 
|  23|0x0000000083500000, 0x0000000083500000, 0x0000000083600000|  0%| F|  |TAMS 0x0000000083500000, 0x0000000083500000| Untracked 
|  24|0x0000000083600000, 0x0000000083600000, 0x0000000083700000|  0%| F|  |TAMS 0x0000000083600000, 0x0000000083600000| Untracked 
|  25|0x0000000083700000, 0x0000000083700000, 0x0000000083800000|  0%| F|  |TAMS 0x0000000083700000, 0x0000000083700000| Untracked 
|  26|0x0000000083800000, 0x0000000083800000, 0x0000000083900000|  0%| F|  |TAMS 0x0000000083800000, 0x0000000083800000| Untracked 
|  27|0x0000000083900000, 0x0000000083900000, 0x0000000083a00000|  0%| F|  |TAMS 0x0000000083900000, 0x0000000083900000| Untracked 
|  28|0x0000000083a00000, 0x0000000083a00000, 0x0000000083b00000|  0%| F|  |TAMS 0x0000000083a00000, 0x0000000083a00000| Untracked 
|  29|0x0000000083b00000, 0x0000000083b00000, 0x0000000083c00000|  0%| F|  |TAMS 0x0000000083b00000, 0x0000000083b00000| Untracked 
|  30|0x0000000083c00000, 0x0000000083c00000, 0x0000000083d00000|  0%| F|  |TAMS 0x0000000083c00000, 0x0000000083c00000| Untracked 
|  31|0x0000000083d00000, 0x0000000083d00000, 0x0000000083e00000|  0%| F|  |TAMS 0x0000000083d00000, 0x0000000083d00000| Untracked 
|  32|0x0000000083e00000, 0x0000000083e00000, 0x0000000083f00000|  0%| F|  |TAMS 0x0000000083e00000, 0x0000000083e00000| Untracked 
|  33|0x0000000083f00000, 0x0000000083f00000, 0x0000000084000000|  0%| F|  |TAMS 0x0000000083f00000, 0x0000000083f00000| Untracked 
|  34|0x0000000084000000, 0x0000000084000000, 0x0000000084100000|  0%| F|  |TAMS 0x0000000084000000, 0x0000000084000000| Untracked 
|  35|0x0000000084100000, 0x0000000084100000, 0x0000000084200000|  0%| F|  |TAMS 0x0000000084100000, 0x0000000084100000| Untracked 
|  36|0x0000000084200000, 0x0000000084200000, 0x0000000084300000|  0%| F|  |TAMS 0x0000000084200000, 0x0000000084200000| Untracked 
|  37|0x0000000084300000, 0x0000000084300000, 0x0000000084400000|  0%| F|  |TAMS 0x0000000084300000, 0x0000000084300000| Untracked 
|  38|0x0000000084400000, 0x0000000084400000, 0x0000000084500000|  0%| F|  |TAMS 0x0000000084400000, 0x0000000084400000| Untracked 
|  39|0x0000000084500000, 0x0000000084500000, 0x0000000084600000|  0%| F|  |TAMS 0x0000000084500000, 0x0000000084500000| Untracked 
|  40|0x0000000084600000, 0x0000000084600000, 0x0000000084700000|  0%| F|  |TAMS 0x0000000084600000, 0x0000000084600000| Untracked 
|  41|0x0000000084700000, 0x0000000084700000, 0x0000000084800000|  0%| F|  |TAMS 0x0000000084700000, 0x0000000084700000| Untracked 
|  42|0x0000000084800000, 0x0000000084800000, 0x0000000084900000|  0%| F|  |TAMS 0x0000000084800000, 0x0000000084800000| Untracked 
|  43|0x0000000084900000, 0x0000000084900000, 0x0000000084a00000|  0%| F|  |TAMS 0x0000000084900000, 0x0000000084900000| Untracked 
|  44|0x0000000084a00000, 0x0000000084a00000, 0x0000000084b00000|  0%| F|  |TAMS 0x0000000084a00000, 0x0000000084a00000| Untracked 
|  45|0x0000000084b00000, 0x0000000084b00000, 0x0000000084c00000|  0%| F|  |TAMS 0x0000000084b00000, 0x0000000084b00000| Untracked 
|  46|0x0000000084c00000, 0x0000000084c00000, 0x0000000084d00000|  0%| F|  |TAMS 0x0000000084c00000, 0x0000000084c00000| Untracked 
|  47|0x0000000084d00000, 0x0000000084d00000, 0x0000000084e00000|  0%| F|  |TAMS 0x0000000084d00000, 0x0000000084d00000| Untracked 
|  48|0x0000000084e00000, 0x0000000084e00000, 0x0000000084f00000|  0%| F|  |TAMS 0x0000000084e00000, 0x0000000084e00000| Untracked 
|  49|0x0000000084f00000, 0x0000000084f00000, 0x0000000085000000|  0%| F|  |TAMS 0x0000000084f00000, 0x0000000084f00000| Untracked 
|  50|0x0000000085000000, 0x0000000085000000, 0x0000000085100000|  0%| F|  |TAMS 0x0000000085000000, 0x0000000085000000| Untracked 
|  51|0x0000000085100000, 0x0000000085100000, 0x0000000085200000|  0%| F|  |TAMS 0x0000000085100000, 0x0000000085100000| Untracked 
|  52|0x0000000085200000, 0x0000000085200000, 0x0000000085300000|  0%| F|  |TAMS 0x0000000085200000, 0x0000000085200000| Untracked 
|  53|0x0000000085300000, 0x0000000085300000, 0x0000000085400000|  0%| F|  |TAMS 0x0000000085300000, 0x0000000085300000| Untracked 
|  54|0x0000000085400000, 0x0000000085400000, 0x0000000085500000|  0%| F|  |TAMS 0x0000000085400000, 0x0000000085400000| Untracked 
|  55|0x0000000085500000, 0x0000000085500000, 0x0000000085600000|  0%| F|  |TAMS 0x0000000085500000, 0x0000000085500000| Untracked 
|  56|0x0000000085600000, 0x0000000085600000, 0x0000000085700000|  0%| F|  |TAMS 0x0000000085600000, 0x0000000085600000| Untracked 
|  57|0x0000000085700000, 0x0000000085700000, 0x0000000085800000|  0%| F|  |TAMS 0x0000000085700000, 0x0000000085700000| Untracked 
|  58|0x0000000085800000, 0x0000000085800000, 0x0000000085900000|  0%| F|  |TAMS 0x0000000085800000, 0x0000000085800000| Untracked 
|  59|0x0000000085900000, 0x0000000085900000, 0x0000000085a00000|  0%| F|  |TAMS 0x0000000085900000, 0x0000000085900000| Untracked 
|  60|0x0000000085a00000, 0x0000000085a00000, 0x0000000085b00000|  0%| F|  |TAMS 0x0000000085a00000, 0x0000000085a00000| Untracked 
|  61|0x0000000085b00000, 0x0000000085b00000, 0x0000000085c00000|  0%| F|  |TAMS 0x0000000085b00000, 0x0000000085b00000| Untracked 
|  62|0x0000000085c00000, 0x0000000085c00000, 0x0000000085d00000|  0%| F|  |TAMS 0x0000000085c00000, 0x0000000085c00000| Untracked 
|  63|0x0000000085d00000, 0x0000000085d00000, 0x0000000085e00000|  0%| F|  |TAMS 0x0000000085d00000, 0x0000000085d00000| Untracked 
|  64|0x0000000085e00000, 0x0000000085e00000, 0x0000000085f00000|  0%| F|  |TAMS 0x0000000085e00000, 0x0000000085e00000| Untracked 
|  65|0x0000000085f00000, 0x0000000085f00000, 0x0000000086000000|  0%| F|  |TAMS 0x0000000085f00000, 0x0000000085f00000| Untracked 
|  66|0x0000000086000000, 0x0000000086000000, 0x0000000086100000|  0%| F|  |TAMS 0x0000000086000000, 0x0000000086000000| Untracked 
|  67|0x0000000086100000, 0x0000000086100000, 0x0000000086200000|  0%| F|  |TAMS 0x0000000086100000, 0x0000000086100000| Untracked 
|  68|0x0000000086200000, 0x0000000086200000, 0x0000000086300000|  0%| F|  |TAMS 0x0000000086200000, 0x0000000086200000| Untracked 
|  69|0x0000000086300000, 0x0000000086300000, 0x0000000086400000|  0%| F|  |TAMS 0x0000000086300000, 0x0000000086300000| Untracked 
|  70|0x0000000086400000, 0x0000000086400000, 0x0000000086500000|  0%| F|  |TAMS 0x0000000086400000, 0x0000000086400000| Untracked 
|  71|0x0000000086500000, 0x0000000086500000, 0x0000000086600000|  0%| F|  |TAMS 0x0000000086500000, 0x0000000086500000| Untracked 
|  72|0x0000000086600000, 0x0000000086600000, 0x0000000086700000|  0%| F|  |TAMS 0x0000000086600000, 0x0000000086600000| Untracked 
|  73|0x0000000086700000, 0x0000000086700000, 0x0000000086800000|  0%| F|  |TAMS 0x0000000086700000, 0x0000000086700000| Untracked 
|  74|0x0000000086800000, 0x0000000086800000, 0x0000000086900000|  0%| F|  |TAMS 0x0000000086800000, 0x0000000086800000| Untracked 
|  75|0x0000000086900000, 0x0000000086900000, 0x0000000086a00000|  0%| F|  |TAMS 0x0000000086900000, 0x0000000086900000| Untracked 
|  76|0x0000000086a00000, 0x0000000086a00000, 0x0000000086b00000|  0%| F|  |TAMS 0x0000000086a00000, 0x0000000086a00000| Untracked 
|  77|0x0000000086b00000, 0x0000000086b00000, 0x0000000086c00000|  0%| F|  |TAMS 0x0000000086b00000, 0x0000000086b00000| Untracked 
|  78|0x0000000086c00000, 0x0000000086c00000, 0x0000000086d00000|  0%| F|  |TAMS 0x0000000086c00000, 0x0000000086c00000| Untracked 
|  79|0x0000000086d00000, 0x0000000086d00000, 0x0000000086e00000|  0%| F|  |TAMS 0x0000000086d00000, 0x0000000086d00000| Untracked 
|  80|0x0000000086e00000, 0x0000000086e00000, 0x0000000086f00000|  0%| F|  |TAMS 0x0000000086e00000, 0x0000000086e00000| Untracked 
|  81|0x0000000086f00000, 0x0000000086f00000, 0x0000000087000000|  0%| F|  |TAMS 0x0000000086f00000, 0x0000000086f00000| Untracked 
|  82|0x0000000087000000, 0x0000000087000000, 0x0000000087100000|  0%| F|  |TAMS 0x0000000087000000, 0x0000000087000000| Untracked 
|  83|0x0000000087100000, 0x0000000087100000, 0x0000000087200000|  0%| F|  |TAMS 0x0000000087100000, 0x0000000087100000| Untracked 
|  84|0x0000000087200000, 0x0000000087200000, 0x0000000087300000|  0%| F|  |TAMS 0x0000000087200000, 0x0000000087200000| Untracked 
|  85|0x0000000087300000, 0x0000000087300000, 0x0000000087400000|  0%| F|  |TAMS 0x0000000087300000, 0x0000000087300000| Untracked 
|  86|0x0000000087400000, 0x0000000087400000, 0x0000000087500000|  0%| F|  |TAMS 0x0000000087400000, 0x0000000087400000| Untracked 
|  87|0x0000000087500000, 0x0000000087500000, 0x0000000087600000|  0%| F|  |TAMS 0x0000000087500000, 0x0000000087500000| Untracked 
|  88|0x0000000087600000, 0x0000000087600000, 0x0000000087700000|  0%| F|  |TAMS 0x0000000087600000, 0x0000000087600000| Untracked 
|  89|0x0000000087700000, 0x0000000087700000, 0x0000000087800000|  0%| F|  |TAMS 0x0000000087700000, 0x0000000087700000| Untracked 
|  90|0x0000000087800000, 0x0000000087800000, 0x0000000087900000|  0%| F|  |TAMS 0x0000000087800000, 0x0000000087800000| Untracked 
|  91|0x0000000087900000, 0x0000000087900000, 0x0000000087a00000|  0%| F|  |TAMS 0x0000000087900000, 0x0000000087900000| Untracked 
|  92|0x0000000087a00000, 0x0000000087a00000, 0x0000000087b00000|  0%| F|  |TAMS 0x0000000087a00000, 0x0000000087a00000| Untracked 
|  93|0x0000000087b00000, 0x0000000087b00000, 0x0000000087c00000|  0%| F|  |TAMS 0x0000000087b00000, 0x0000000087b00000| Untracked 
|  94|0x0000000087c00000, 0x0000000087c00000, 0x0000000087d00000|  0%| F|  |TAMS 0x0000000087c00000, 0x0000000087c00000| Untracked 
|  95|0x0000000087d00000, 0x0000000087d00000, 0x0000000087e00000|  0%| F|  |TAMS 0x0000000087d00000, 0x0000000087d00000| Untracked 
|  96|0x0000000087e00000, 0x0000000087e00000, 0x0000000087f00000|  0%| F|  |TAMS 0x0000000087e00000, 0x0000000087e00000| Untracked 
|  97|0x0000000087f00000, 0x0000000087f00000, 0x0000000088000000|  0%| F|  |TAMS 0x0000000087f00000, 0x0000000087f00000| Untracked 
|  98|0x0000000088000000, 0x0000000088000000, 0x0000000088100000|  0%| F|  |TAMS 0x0000000088000000, 0x0000000088000000| Untracked 
|  99|0x0000000088100000, 0x0000000088100000, 0x0000000088200000|  0%| F|  |TAMS 0x0000000088100000, 0x0000000088100000| Untracked 
| 100|0x0000000088200000, 0x0000000088200000, 0x0000000088300000|  0%| F|  |TAMS 0x0000000088200000, 0x0000000088200000| Untracked 
| 101|0x0000000088300000, 0x0000000088300000, 0x0000000088400000|  0%| F|  |TAMS 0x0000000088300000, 0x0000000088300000| Untracked 
| 102|0x0000000088400000, 0x0000000088400000, 0x0000000088500000|  0%| F|  |TAMS 0x0000000088400000, 0x0000000088400000| Untracked 
| 103|0x0000000088500000, 0x0000000088500000, 0x0000000088600000|  0%| F|  |TAMS 0x0000000088500000, 0x0000000088500000| Untracked 
| 104|0x0000000088600000, 0x0000000088600000, 0x0000000088700000|  0%| F|  |TAMS 0x0000000088600000, 0x0000000088600000| Untracked 
| 105|0x0000000088700000, 0x0000000088700000, 0x0000000088800000|  0%| F|  |TAMS 0x0000000088700000, 0x0000000088700000| Untracked 
| 106|0x0000000088800000, 0x0000000088800000, 0x0000000088900000|  0%| F|  |TAMS 0x0000000088800000, 0x0000000088800000| Untracked 
| 107|0x0000000088900000, 0x0000000088900000, 0x0000000088a00000|  0%| F|  |TAMS 0x0000000088900000, 0x0000000088900000| Untracked 
| 108|0x0000000088a00000, 0x0000000088a00000, 0x0000000088b00000|  0%| F|  |TAMS 0x0000000088a00000, 0x0000000088a00000| Untracked 
| 109|0x0000000088b00000, 0x0000000088b00000, 0x0000000088c00000|  0%| F|  |TAMS 0x0000000088b00000, 0x0000000088b00000| Untracked 
| 110|0x0000000088c00000, 0x0000000088c00000, 0x0000000088d00000|  0%| F|  |TAMS 0x0000000088c00000, 0x0000000088c00000| Untracked 
| 111|0x0000000088d00000, 0x0000000088d00000, 0x0000000088e00000|  0%| F|  |TAMS 0x0000000088d00000, 0x0000000088d00000| Untracked 
| 112|0x0000000088e00000, 0x0000000088e00000, 0x0000000088f00000|  0%| F|  |TAMS 0x0000000088e00000, 0x0000000088e00000| Untracked 
| 113|0x0000000088f00000, 0x0000000088f00000, 0x0000000089000000|  0%| F|  |TAMS 0x0000000088f00000, 0x0000000088f00000| Untracked 
| 114|0x0000000089000000, 0x0000000089000000, 0x0000000089100000|  0%| F|  |TAMS 0x0000000089000000, 0x0000000089000000| Untracked 
| 115|0x0000000089100000, 0x0000000089100000, 0x0000000089200000|  0%| F|  |TAMS 0x0000000089100000, 0x0000000089100000| Untracked 
| 116|0x0000000089200000, 0x0000000089200000, 0x0000000089300000|  0%| F|  |TAMS 0x0000000089200000, 0x0000000089200000| Untracked 
| 117|0x0000000089300000, 0x0000000089300000, 0x0000000089400000|  0%| F|  |TAMS 0x0000000089300000, 0x0000000089300000| Untracked 
| 118|0x0000000089400000, 0x0000000089400000, 0x0000000089500000|  0%| F|  |TAMS 0x0000000089400000, 0x0000000089400000| Untracked 
| 119|0x0000000089500000, 0x000000008958bc20, 0x0000000089600000| 54%| E|  |TAMS 0x0000000089500000, 0x0000000089500000| Complete 
| 120|0x0000000089600000, 0x0000000089700000, 0x0000000089700000|100%| E|CS|TAMS 0x0000000089600000, 0x0000000089600000| Complete 
| 121|0x0000000089700000, 0x0000000089800000, 0x0000000089800000|100%| E|  |TAMS 0x0000000089700000, 0x0000000089700000| Complete 
| 122|0x0000000089800000, 0x0000000089900000, 0x0000000089900000|100%| E|CS|TAMS 0x0000000089800000, 0x0000000089800000| Complete 
| 123|0x0000000089900000, 0x0000000089a00000, 0x0000000089a00000|100%| E|CS|TAMS 0x0000000089900000, 0x0000000089900000| Complete 
| 124|0x0000000089a00000, 0x0000000089b00000, 0x0000000089b00000|100%| E|CS|TAMS 0x0000000089a00000, 0x0000000089a00000| Complete 
| 125|0x0000000089b00000, 0x0000000089c00000, 0x0000000089c00000|100%| E|CS|TAMS 0x0000000089b00000, 0x0000000089b00000| Complete 
| 126|0x0000000089c00000, 0x0000000089d00000, 0x0000000089d00000|100%| E|CS|TAMS 0x0000000089c00000, 0x0000000089c00000| Complete 
| 127|0x0000000089d00000, 0x0000000089e00000, 0x0000000089e00000|100%| E|CS|TAMS 0x0000000089d00000, 0x0000000089d00000| Complete 

Card table byte_map: [0x00000181150a0000,0x00000181154a0000] _byte_map_base: 0x0000018114c91000

Marking Bits (Prev, Next): (CMBitMap*) 0x000001810a3d0e10, (CMBitMap*) 0x000001810a3d0e50
 Prev Bits: [0x00000181158a0000, 0x0000018117828000)
 Next Bits: [0x0000018117830000, 0x00000181197b8000)

Polling page: 0x0000018109b30000

Metaspace:

Usage:
  Non-class:      1.51 MB used.
      Class:    179.92 KB used.
       Both:      1.69 MB used.

Virtual space:
  Non-class space:       64.00 MB reserved,       1.56 MB (  2%) committed,  1 nodes.
      Class space:        1.00 GB reserved,     256.00 KB ( <1%) committed,  1 nodes.
             Both:        1.06 GB reserved,       1.81 MB ( <1%) committed. 

Chunk freelists:
   Non-Class:  3.96 MB
       Class:  3.73 MB
        Both:  7.69 MB

MaxMetaspaceSize: unlimited
CompressedClassSpaceSize: 1.00 GB
Initial GC threshold: 21.00 MB
Current GC threshold: 21.00 MB
CDS: on
MetaspaceReclaimPolicy: balanced
 - commit_granule_bytes: 65536.
 - commit_granule_words: 8192.
 - virtual_space_node_default_size: 8388608.
 - enlarge_chunks_in_place: 1.
 - new_chunks_are_fully_committed: 0.
 - uncommit_free_chunks: 1.
 - use_allocation_guard: 0.


Internal statistics:

num_allocs_failed_limit: 0.
num_arena_births: 34.
num_arena_deaths: 0.
num_vsnodes_births: 2.
num_vsnodes_deaths: 0.
num_space_committed: 29.
num_space_uncommitted: 0.
num_chunks_returned_to_freelist: 0.
num_chunks_taken_from_freelist: 39.
num_chunk_merges: 0.
num_chunk_splits: 25.
num_chunks_enlarged: 14.
num_inconsistent_stats: 0.

CodeCache: size=49152Kb used=1655Kb max_used=2542Kb free=47496Kb
 bounds [0x0000018111ca0000, 0x0000018111f20000, 0x0000018114ca0000]
 total_blobs=858 nmethods=444 adapters=342
 compilation: enabled
              stopped_count=0, restarted_count=0
 full_count=0

Compilation events (20 events):
Event: 7.036 Thread 0x000001811bb370e0 nmethod 427 0x0000018111ee2d10 code [0x0000018111ee2ea0, 0x0000018111ee2fa8]
Event: 7.036 Thread 0x000001811bb370e0  428       1       java.lang.String::compareTo (63 bytes)
Event: 7.037 Thread 0x000001811bb370e0 nmethod 428 0x0000018111ee2610 code [0x0000018111ee2800, 0x0000018111ee2a78]
Event: 7.037 Thread 0x000001811bb370e0  429       1       java.lang.StringLatin1::compareTo (14 bytes)
Event: 7.037 Thread 0x000001811bb370e0 nmethod 429 0x0000018111ee2310 code [0x0000018111ee24a0, 0x0000018111ee2568]
Event: 7.037 Thread 0x000001811bb370e0  431       1       java.util.Map$Entry$$Lambda$19/0x0000000800c4dc80::compare (12 bytes)
Event: 7.037 Thread 0x000001811bb370e0 nmethod 431 0x0000018111ee1d90 code [0x0000018111ee1f60, 0x0000018111ee21a8]
Event: 7.037 Thread 0x000001811bb370e0  432       1       java.util.Map$Entry::lambda$comparingByKey$bbdbfea9$1 (21 bytes)
Event: 7.037 Thread 0x000001811bb370e0 nmethod 432 0x0000018111ee1990 code [0x0000018111ee1b40, 0x0000018111ee1cc8]
Event: 7.037 Thread 0x000001811bb370e0  433       1       java.nio.Buffer::position (5 bytes)
Event: 7.038 Thread 0x000001811bb370e0 nmethod 433 0x0000018111ee1690 code [0x0000018111ee1820, 0x0000018111ee18f8]
Event: 7.038 Thread 0x000001811bb370e0  434       1       java.util.concurrent.ConcurrentHashMap$MapEntry::getValue (5 bytes)
Event: 7.038 Thread 0x000001811bb370e0 nmethod 434 0x0000018111ee1390 code [0x0000018111ee1520, 0x0000018111ee15f8]
Event: 7.151 Thread 0x000001811bb370e0  435       1       sun.invoke.util.VerifyAccess::isTypeVisible (118 bytes)
Event: 7.151 Thread 0x000001811bb370e0 nmethod 435 0x0000018111ee0710 code [0x0000018111ee0940, 0x0000018111ee0dd8]
Event: 7.151 Thread 0x000001811bb370e0  438       1       java.lang.invoke.LambdaForm$Name::initIndex (26 bytes)
Event: 7.152 Thread 0x000001811bb370e0 nmethod 438 0x0000018111ee0110 code [0x0000018111ee02a0, 0x0000018111ee03b8]
Event: 7.152 Thread 0x000001811bb370e0  437       1       java.lang.reflect.Modifier::isStatic (13 bytes)
Event: 7.152 Thread 0x000001811bb370e0 nmethod 437 0x0000018111edfe10 code [0x0000018111edffa0, 0x0000018111ee0058]
Event: 7.152 Thread 0x000001811bb370e0  439       1       jdk.internal.org.objectweb.asm.Frame::execute (2305 bytes)

GC Heap History (0 events):
No events

Deoptimization events (0 events):
No events

Classes loaded (20 events):
Event: 7.162 Loading class jdk/net/ExtendedSocketOptions$ExtSocketOption
Event: 7.162 Loading class java/net/spi/InetAddressResolverProvider done
Event: 7.162 Loading class java/net/SocketOption
Event: 7.162 Loading class java/net/SocketOption done
Event: 7.162 Loading class jdk/net/ExtendedSocketOptions$ExtSocketOption done
Event: 7.162 Loading class jdk/net/UnixDomainPrincipal
Event: 7.162 Loading class jdk/net/UnixDomainPrincipal done
Event: 7.162 Loading class jdk/net/ExtendedSocketOptions$PlatformSocketOptions
Event: 7.162 Loading class jdk/net/ExtendedSocketOptions$PlatformSocketOptions done
Event: 7.162 Loading class jdk/net/ExtendedSocketOptions$PlatformSocketOptions$1
Event: 7.162 Loading class jdk/net/ExtendedSocketOptions$PlatformSocketOptions$1 done
Event: 7.162 Loading class jdk/net/ExtendedSocketOptions$1
Event: 7.162 Loading class jdk/net/ExtendedSocketOptions$1 done
Event: 7.162 Loading class java/net/StandardProtocolFamily
Event: 7.162 Loading class java/net/StandardProtocolFamily done
Event: 7.164 Loading class java/net/SocksSocketImpl$3
Event: 7.164 Loading class java/net/SocksSocketImpl$3 done
Event: 7.164 Loading class java/net/ProxySelector
Event: 7.164 Loading class java/net/ProxySelector done
Event: 7.164 Loading class sun/net/spi/DefaultProxySelector

Classes unloaded (0 events):
No events

Classes redefined (0 events):
No events

Internal exceptions (4 events):
Event: 6.695 Thread 0x000001810a371190 Exception <a 'java/lang/NoSuchMethodError'{0x0000000089aafae0}: 'void java.lang.invoke.DirectMethodHandle$Holder.invokeStatic(java.lang.Object, java.lang.Object, java.lang.Object)'> (0x0000000089aafae0) 
thrown [s\open\src\hotspot\share\interpreter\linkResolver.cpp, line 766]
Event: 6.702 Thread 0x000001810a371190 Exception <a 'java/lang/NoSuchMethodError'{0x0000000089ac87f8}: 'java.lang.Object java.lang.invoke.Invokers$Holder.invokeExact_MT(java.lang.Object, java.lang.Object, java.lang.Object, java.lang.Object, java.lang.Object)'> (0x0000000089ac87f8) 
thrown [s\open\src\hotspot\share\interpreter\linkResolver.cpp, line 766]
Event: 7.031 Thread 0x000001811bb343f0 Exception <a 'java/lang/NoSuchMethodError'{0x00000000896e43d0}: 'java.lang.Object java.lang.invoke.Invokers$Holder.invokeExact_MT(java.lang.Object, java.lang.Object, java.lang.Object, java.lang.Object, java.lang.Object, java.lang.Object)'> (0x00000000896e43d0) 
thrown [s\open\src\hotspot\share\interpreter\linkResolver.cpp, line 766]
Event: 7.163 Thread 0x00000181200f8b10 Exception <a 'java/lang/NoSuchMethodError'{0x00000000896928e8}: 'void java.lang.invoke.DirectMethodHandle$Holder.invokeStatic(java.lang.Object, java.lang.Object)'> (0x00000000896928e8) 
thrown [s\open\src\hotspot\share\interpreter\linkResolver.cpp, line 766]

VM Operations (10 events):
Event: 0.784 Executing VM operation: HandshakeAllThreads
Event: 0.784 Executing VM operation: HandshakeAllThreads done
Event: 1.791 Executing VM operation: Cleanup
Event: 1.791 Executing VM operation: Cleanup done
Event: 4.817 Executing VM operation: Cleanup
Event: 4.817 Executing VM operation: Cleanup done
Event: 6.804 Executing VM operation: HandshakeAllThreads
Event: 6.863 Executing VM operation: HandshakeAllThreads done
Event: 6.863 Executing VM operation: Cleanup
Event: 6.878 Executing VM operation: Cleanup done

Events (20 events):
Event: 0.481 Thread 0x000001811bb33790 Thread added: 0x000001811bb33790
Event: 0.481 Thread 0x000001811bb343f0 Thread added: 0x000001811bb343f0
Event: 0.481 Thread 0x000001811bb35da0 Thread added: 0x000001811bb35da0
Event: 0.481 Thread 0x000001811bb36740 Thread added: 0x000001811bb36740
Event: 0.481 Thread 0x000001811bb370e0 Thread added: 0x000001811bb370e0
Event: 0.495 Thread 0x000001811bb37ac0 Thread added: 0x000001811bb37ac0
Event: 0.712 Thread 0x000001811fd48210 Thread added: 0x000001811fd48210
Event: 0.842 Loaded shared library C:\Program Files\Java\jdk-18.0.1\bin\zip.dll
Event: 0.881 Loaded shared library C:\Program Files\Java\jdk-18.0.1\bin\instrument.dll
Event: 0.920 Loaded shared library C:\Program Files\Java\jdk-18.0.1\bin\net.dll
Event: 0.922 Loaded shared library C:\Program Files\Java\jdk-18.0.1\bin\nio.dll
Event: 0.976 Loaded shared library C:\Program Files\Java\jdk-18.0.1\bin\zip.dll
Event: 1.321 Thread 0x000001811fdd0a50 Thread added: 0x000001811fdd0a50
Event: 1.321 Thread 0x000001811fdd0f50 Thread added: 0x000001811fdd0f50
Event: 1.376 Loaded shared library C:\Program Files\Java\jdk-18.0.1\bin\jimage.dll
Event: 2.164 Thread 0x000001811fdd0f50 Thread exited: 0x000001811fdd0f50
Event: 5.882 Thread 0x000001811fdd0a50 Thread exited: 0x000001811fdd0a50
Event: 6.799 Loaded shared library C:\Program Files\JetBrains\IntelliJ IDEA 2022.1\bin\breakgen64.dll
Event: 6.801 Thread 0x00000181200f8b10 Thread added: 0x00000181200f8b10
Event: 6.801 Thread 0x00000181201a14a0 Thread added: 0x00000181201a14a0


Dynamic libraries:
0x00007ff77ac80000 - 0x00007ff77ac90000 	C:\Program Files\Java\jdk-18.0.1\bin\java.exe
0x00007fffe5770000 - 0x00007fffe5965000 	C:\WINDOWS\SYSTEM32\ntdll.dll
0x00007fffe52d0000 - 0x00007fffe538e000 	C:\WINDOWS\System32\KERNEL32.DLL
0x00007fffe33a0000 - 0x00007fffe3668000 	C:\WINDOWS\System32\KERNELBASE.dll
0x00007fffe3040000 - 0x00007fffe3140000 	C:\WINDOWS\System32\ucrtbase.dll
0x00007fffd6ff0000 - 0x00007fffd7008000 	C:\Program Files\Java\jdk-18.0.1\bin\jli.dll
0x00007fffe4600000 - 0x00007fffe46ae000 	C:\WINDOWS\System32\ADVAPI32.dll
0x00007fffe5630000 - 0x00007fffe56ce000 	C:\WINDOWS\System32\msvcrt.dll
0x00007fffe4560000 - 0x00007fffe45fc000 	C:\WINDOWS\System32\sechost.dll
0x00007fffe51a0000 - 0x00007fffe52c5000 	C:\WINDOWS\System32\RPCRT4.dll
0x00007fffe3cf0000 - 0x00007fffe3e90000 	C:\WINDOWS\System32\USER32.dll
0x00007fffe32a0000 - 0x00007fffe32c2000 	C:\WINDOWS\System32\win32u.dll
0x00007fffe5520000 - 0x00007fffe554a000 	C:\WINDOWS\System32\GDI32.dll
0x00007fffe3190000 - 0x00007fffe329b000 	C:\WINDOWS\System32\gdi32full.dll
0x00007fffe3300000 - 0x00007fffe339d000 	C:\WINDOWS\System32\msvcp_win.dll
0x00007fffdc0e0000 - 0x00007fffdc0fa000 	C:\Program Files\Java\jdk-18.0.1\bin\VCRUNTIME140.dll
0x00007fffd31e0000 - 0x00007fffd347a000 	C:\WINDOWS\WinSxS\amd64_microsoft.windows.common-controls_6595b64144ccf1df_6.0.19041.1110_none_60b5254171f9507e\COMCTL32.dll
0x00007fffd57e0000 - 0x00007fffd57ea000 	C:\WINDOWS\SYSTEM32\VERSION.dll
0x00007fffe47c0000 - 0x00007fffe47f0000 	C:\WINDOWS\System32\IMM32.DLL
0x00007fffddff0000 - 0x00007fffddffc000 	C:\Program Files\Java\jdk-18.0.1\bin\vcruntime140_1.dll
0x00007fffc0fe0000 - 0x00007fffc106d000 	C:\Program Files\Java\jdk-18.0.1\bin\msvcp140.dll
0x00007fffad020000 - 0x00007fffadc30000 	C:\Program Files\Java\jdk-18.0.1\bin\server\jvm.dll
0x00007fffe44f0000 - 0x00007fffe44f8000 	C:\WINDOWS\System32\PSAPI.DLL
0x00007fffdebc0000 - 0x00007fffdebc9000 	C:\WINDOWS\SYSTEM32\WSOCK32.dll
0x00007fffe54b0000 - 0x00007fffe551b000 	C:\WINDOWS\System32\WS2_32.dll
0x00007fffd4a70000 - 0x00007fffd4a97000 	C:\WINDOWS\SYSTEM32\WINMM.dll
0x00007fffe0db0000 - 0x00007fffe0dc2000 	C:\WINDOWS\SYSTEM32\kernel.appcore.dll
0x00007fffdd4a0000 - 0x00007fffdd4aa000 	C:\Program Files\Java\jdk-18.0.1\bin\jimage.dll
0x00007fffd1670000 - 0x00007fffd1854000 	C:\WINDOWS\SYSTEM32\DBGHELP.DLL
0x00007fffd1640000 - 0x00007fffd166c000 	C:\WINDOWS\SYSTEM32\dbgcore.DLL
0x00007fffe2e90000 - 0x00007fffe2f12000 	C:\WINDOWS\System32\bcryptPrimitives.dll
0x00007fffdbb90000 - 0x00007fffdbb9e000 	C:\Program Files\Java\jdk-18.0.1\bin\instrument.dll
0x00007fffd6fc0000 - 0x00007fffd6fe5000 	C:\Program Files\Java\jdk-18.0.1\bin\java.dll
0x00007fffc0e90000 - 0x00007fffc0f66000 	C:\Program Files\Java\jdk-18.0.1\bin\jsvml.dll
0x00007fffe47f0000 - 0x00007fffe4f34000 	C:\WINDOWS\System32\SHELL32.dll
0x00007fffe0fb0000 - 0x00007fffe1744000 	C:\WINDOWS\SYSTEM32\windows.storage.dll
0x00007fffe3e90000 - 0x00007fffe41e4000 	C:\WINDOWS\System32\combase.dll
0x00007fffe2830000 - 0x00007fffe285c000 	C:\WINDOWS\SYSTEM32\Wldp.dll
0x00007fffe37d0000 - 0x00007fffe387d000 	C:\WINDOWS\System32\SHCORE.dll
0x00007fffe4500000 - 0x00007fffe4555000 	C:\WINDOWS\System32\shlwapi.dll
0x00007fffe2dd0000 - 0x00007fffe2def000 	C:\WINDOWS\SYSTEM32\profapi.dll
0x00007fffd27c0000 - 0x00007fffd27d8000 	C:\Program Files\Java\jdk-18.0.1\bin\zip.dll
0x00007fffd2d60000 - 0x00007fffd2d73000 	C:\Program Files\Java\jdk-18.0.1\bin\net.dll
0x00007fffd7db0000 - 0x00007fffd7eba000 	C:\WINDOWS\SYSTEM32\WINHTTP.dll
0x00007fffe2590000 - 0x00007fffe25fa000 	C:\WINDOWS\system32\mswsock.dll
0x00007fffd2d40000 - 0x00007fffd2d56000 	C:\Program Files\Java\jdk-18.0.1\bin\nio.dll
0x00007fffd93a0000 - 0x00007fffd93ba000 	C:\Program Files\JetBrains\IntelliJ IDEA 2022.1\bin\breakgen64.dll
0x00007fffe2280000 - 0x00007fffe22bb000 	C:\WINDOWS\SYSTEM32\IPHLPAPI.DLL
0x00007fffe4350000 - 0x00007fffe4358000 	C:\WINDOWS\System32\NSI.dll
0x00007fffdd070000 - 0x00007fffdd087000 	C:\WINDOWS\SYSTEM32\dhcpcsvc6.DLL
0x00007fffdd790000 - 0x00007fffdd7ad000 	C:\WINDOWS\SYSTEM32\dhcpcsvc.DLL
0x00007fffe22c0000 - 0x00007fffe238b000 	C:\WINDOWS\SYSTEM32\DNSAPI.dll
0x00007fffdbae0000 - 0x00007fffdbae9000 	C:\Program Files\Java\jdk-18.0.1\bin\management.dll
0x00007fffda4d0000 - 0x00007fffda4db000 	C:\Program Files\Java\jdk-18.0.1\bin\management_ext.dll

dbghelp: loaded successfully - version: 4.0.5 - missing functions: none
symbol engine: initialized successfully - sym options: 0x614 - pdb path: .;C:\Program Files\Java\jdk-18.0.1\bin;C:\WINDOWS\SYSTEM32;C:\WINDOWS\WinSxS\amd64_microsoft.windows.common-controls_6595b64144ccf1df_6.0.19041.1110_none_60b5254171f9507e;C:\Program Files\Java\jdk-18.0.1\bin\server;C:\Program Files\JetBrains\IntelliJ IDEA 2022.1\bin

VM Arguments:
jvm_args: -XX:TieredStopAtLevel=1 -Xverify:none -Dspring.output.ansi.enabled=always -Dcom.sun.management.jmxremote -Dspring.jmx.enabled=true -Dspring.liveBeansView.mbeanDomain -Dspring.application.admin.enabled=true -javaagent:C:\Program Files\JetBrains\IntelliJ IDEA 2022.1\lib\idea_rt.jar=53801:C:\Program Files\JetBrains\IntelliJ IDEA 2022.1\bin -Dfile.encoding=UTF-8 
java_command: com.training.rest.webservices.restfulwebservices.RestfulWebServicesApplication
java_class_path (initial): C:\Users\nikkie\IdeaProjects\restful-web-services\target\classes;C:\Users\nikkie\.m2\repository\org\springframework\boot\spring-boot-starter-data-jpa\2.6.7\spring-boot-starter-data-jpa-2.6.7.jar;C:\Users\nikkie\.m2\repository\org\springframework\boot\spring-boot-starter-aop\2.6.7\spring-boot-starter-aop-2.6.7.jar;C:\Users\nikkie\.m2\repository\org\springframework\spring-aop\5.3.19\spring-aop-5.3.19.jar;C:\Users\nikkie\.m2\repository\org\aspectj\aspectjweaver\1.9.7\aspectjweaver-1.9.7.jar;C:\Users\nikkie\.m2\repository\org\springframework\boot\spring-boot-starter-jdbc\2.6.7\spring-boot-starter-jdbc-2.6.7.jar;C:\Users\nikkie\.m2\repository\com\zaxxer\HikariCP\4.0.3\HikariCP-4.0.3.jar;C:\Users\nikkie\.m2\repository\org\springframework\spring-jdbc\5.3.19\spring-jdbc-5.3.19.jar;C:\Users\nikkie\.m2\repository\jakarta\transaction\jakarta.transaction-api\1.3.3\jakarta.transaction-api-1.3.3.jar;C:\Users\nikkie\.m2\repository\jakarta\persistence\jakarta.persistence-api\2.2.3\jakarta.persistence-api-2.2.3.jar;C:\Users\nikkie\.m2\repository\org\hibernate\hibernate-core\5.6.8.Final\hibernate-core-5.6.8.Final.jar;C:\Users\nikkie\.m2\repository\org\jboss\logging\jboss-logging\3.4.3.Final\jboss-logging-3.4.3.Final.jar;C:\Users\nikkie\.m2\repository\net\bytebuddy\byte-buddy\1.11.22\byte-buddy-1.11.22.jar;C:\Users\nikkie\.m2\repository\antlr\antlr\2.7.7\antlr-2.7.7.jar;C:\Users\nikkie\.m2\repository\org\jboss\jandex\2.4.2.Final\jandex-2.4.2.Final.jar;C:\Users\nikkie\.m2\repository\com\fasterxml\classmate\1.5.1\classmate-1.5.1.jar;C:\Users\nikkie\.m2\repository\org\hibernate\common\hibernate-commons-annotations\5.1.2.Final\hibernate-commons-annotations-5.1.2.Final.jar;C:\Users\nikkie\.m2\repository\org\glassfish\jaxb\jaxb-runtime\2.3.6\jaxb-runtime-2.3.6.jar;C:\Users\nikkie\.m2\repository\org\glassfish\jaxb\txw2\2.3.6\txw2-2.3.6.jar;C:\Users\nikkie\.m2\repository\com\sun\istack\istack-commons-runtime\3.0.12\istack-commons-runtime-3.0.12.jar;C:\Users\nikkie\.m2\repository\com\sun\activation\jakarta.activation\1.2.2\jakarta.activation-1.2.2.jar;C:\Users\nikkie\.m2\repository\org\springframework\data\spring-data-jpa\2.6.4\spring-data-jpa-2.6.4.jar;C:\Users\nikkie\.m2\repository\org\springframework\data\spring-data-commons\2.6.4\spring-data-commons-2.6.4.jar;C:\Users\nikkie\.m2\repository\org\springframework\spring-orm\5.3.19\spring-orm-5.3.19.jar;C:\Users\nikkie\.m2\repository\org\springframework\spring-context\5.3.19\spring-context-5.3.19.jar;C:\Users\nikkie\.m2\repository\org\springframework\spring-tx\5.3.19\spring-tx-5.3.19.jar;C:\Users\nikkie\.m2\repository\org\springframework\spring-beans\5.3.19\spring-beans-5.3.19.jar;C:\Users\nikkie\.m2\repository\org\springframework\spring-aspects\5.3.19\spring-aspects-5.3.19.jar;C:\Users\nikkie\.m2\repository\org\springframework\boot\spring-boot-starter-web\2.6.7\spring-boot-starter-web-2.6.7.jar;C:\Users\nikkie\.m2\repository\org\springframework\boot\spring-boot-starter\2.6.7\spring-boot-starter-2.6.7.jar;C:\Users\nikkie\.m2\repository\org\springframework\boot\spring-boot-starter-logging\2.6.7\spring-boot-starter-logging-2.6.7.jar;C:\Users\nikkie\.m2\repository\ch\qos\logback\logback-classic\1.2.11\logback-classic-1.2.11.jar;C:\Users\nikkie\.m2\repository\ch\qos\logback\logback-core\1.2.11\logback-core-1.2.11.jar;C:\Users\nikkie\.m2\repository\org\apache\logging\log4j\log4j-to-slf4j\2.17.2\log4j-to-slf4j-2.17.2.jar;C:\Users\nikkie\.m2\repository\org\apache\logging\log4j\log4j-api\2.17.2\log4j-api-2.17.2.jar;C:\Users\nikkie\.m2\repository\org\slf4j\jul-to-slf4j\1.7.36\jul-to-slf4j-1.7.36.jar;C:\Users\nikkie\.m2\repository\jakarta\annotation\jakarta.annotation-api\1.3.5\jakarta.annotation-api-1.3.5.jar;C:\Users\nikkie\.m2\repository\org\yaml\snakeyaml\1.29\snakeyaml-1.29.jar;C:\Users\nikkie\.m2\repository\org\springframework\boot\spring-boot-starter-json\2.6.7\spring-boot-starter-json-2.6.7.jar;C:\Users\nikkie\.m2\repository\com\fasterxml\jackson\core\jackson-databind\2.13.2.1\jackson-databind-2.13.2.1.jar;C:\Users\nikkie\.m2\repository\com\fasterxml\jackson\datatype\jackson-datatype-jdk8\2.13.2\jackson-datatype-jdk8-2.13.2.jar;C:\Users\nikkie\.m2\repository\com\fasterxml\jackson\datatype\jackson-datatype-jsr310\2.13.2\jackson-datatype-jsr310-2.13.2.jar;C:\Users\nikkie\.m2\repository\com\fasterxml\jackson\module\jackson-module-parameter-names\2.13.2\jackson-module-parameter-names-2.13.2.jar;C:\Users\nikkie\.m2\repository\org\springframework\boot\spring-boot-starter-tomcat\2.6.7\spring-boot-starter-tomcat-2.6.7.jar;C:\Users\nikkie\.m2\repository\org\apache\tomcat\embed\tomcat-embed-core\9.0.62\tomcat-embed-core-9.0.62.jar;C:\Users\nikkie\.m2\repository\org\apache\tomcat\embed\tomcat-embed-websocket\9.0.62\tomcat-embed-websocket-9.0.62.jar;C:\Users\nikkie\.m2\repository\org\springframework\spring-web\5.3.19\spring-web-5.3.19.jar;C:\Users\nikkie\.m2\repository\org\springframework\spring-webmvc\5.3.19\spring-webmvc-5.3.19.jar;C:\Users\nikkie\.m2\repository\org\springframework\spring-expression\5.3.19\spring-expression-5.3.19.jar;C:\Users\nikkie\.m2\repository\org\springframework\boot\spring-boot-starter-validation\2.6.7\spring-boot-starter-validation-2.6.7.jar;C:\Users\nikkie\.m2\repository\org\apache\tomcat\embed\tomcat-embed-el\9.0.62\tomcat-embed-el-9.0.62.jar;C:\Users\nikkie\.m2\repository\org\hibernate\validator\hibernate-validator\6.2.3.Final\hibernate-validator-6.2.3.Final.jar;C:\Users\nikkie\.m2\repository\jakarta\validation\jakarta.validation-api\2.0.2\jakarta.validation-api-2.0.2.jar;C:\Users\nikkie\.m2\repository\org\springframework\boot\spring-boot-starter-hateoas\2.6.7\spring-boot-starter-hateoas-2.6.7.jar;C:\Users\nikkie\.m2\repository\org\springframework\hateoas\spring-hateoas\1.4.2\spring-hateoas-1.4.2.jar;C:\Users\nikkie\.m2\repository\org\springframework\plugin\spring-plugin-core\2.0.0.RELEASE\spring-plugin-core-2.0.0.RELEASE.jar;C:\Users\nikkie\.m2\repository\org\springframework\boot\spring-boot-starter-actuator\2.6.7\spring-boot-starter-actuator-2.6.7.jar;C:\Users\nikkie\.m2\repository\org\springframework\boot\spring-boot-actuator-autoconfigure\2.6.7\spring-boot-actuator-autoconfigure-2.6.7.jar;C:\Users\nikkie\.m2\repository\org\springframework\boot\spring-boot-actuator\2.6.7\spring-boot-actuator-2.6.7.jar;C:\Users\nikkie\.m2\repository\io\micrometer\micrometer-core\1.8.5\micrometer-core-1.8.5.jar;C:\Users\nikkie\.m2\repository\org\hdrhistogram\HdrHistogram\2.1.12\HdrHistogram-2.1.12.jar;C:\Users\nikkie\.m2\repository\org\latencyutils\LatencyUtils\2.0.3\LatencyUtils-2.0.3.jar;C:\Users\nikkie\.m2\repository\org\springframework\data\spring-data-rest-hal-explorer\3.6.4\spring-data-rest-hal-explorer-3.6.4.jar;C:\Users\nikkie\.m2\repository\org\springframework\data\spring-data-rest-webmvc\3.6.4\spring-data-rest-webmvc-3.6.4.jar;C:\Users\nikkie\.m2\repository\org\springframework\data\spring-data-rest-core\3.6.4\spring-data-rest-core-3.6.4.jar;C:\Users\nikkie\.m2\repository\org\atteo\evo-inflector\1.3\evo-inflector-1.3.jar;C:\Users\nikkie\.m2\repository\com\fasterxml\jackson\core\jackson-annotations\2.13.2\jackson-annotations-2.13.2.jar;C:\Users\nikkie\.m2\repository\org\slf4j\slf4j-api\1.7.36\slf4j-api-1.7.36.jar;C:\Users\nikkie\.m2\repository\org\springdoc\springdoc-openapi-ui\1.6.8\springdoc-openapi-ui-1.6.8.jar;C:\Users\nikkie\.m2\repository\org\springdoc\springdoc-openapi-webmvc-core\1.6.8\springdoc-openapi-webmvc-core-1.6.8.jar;C:\Users\nikkie\.m2\repository\org\springdoc\springdoc-openapi-common\1.6.8\springdoc-openapi-common-1.6.8.jar;C:\Users\nikkie\.m2\repository\io\swagger\core\v3\swagger-core\2.2.0\swagger-core-2.2.0.jar;C:\Users\nikkie\.m2\repository\org\apache\commons\commons-lang3\3.12.0\commons-lang3-3.12.0.jar;C:\Users\nikkie\.m2\repository\com\fasterxml\jackson\dataformat\jackson-dataformat-yaml\2.13.2\jackson-dataformat-yaml-2.13.2.jar;C:\Users\nikkie\.m2\repository\io\swagger\core\v3\swagger-annotations\2.2.0\swagger-annotations-2.2.0.jar;C:\Users\nikkie\.m2\repository\io\swagger\core\v3\swagger-models\2.2.0\swagger-models-2.2.0.jar;C:\Users\nikkie\.m2\repository\org\webjars\swagger-ui\4.10.3\swagger-ui-4.10.3.jar;C:\Users\nikkie\.m2\repository\org\webjars\webjars-locator-core\0.48\webjars-locator-core-0.48.jar;C:\Users\nikkie\.m2\repository\com\fasterxml\jackson\core\jackson-core\2.13.2\jackson-core-2.13.2.jar;C:\Users\nikkie\.m2\repository\io\github\classgraph\classgraph\4.8.143\classgraph-4.8.143.jar;C:\Users\nikkie\.m2\repository\org\springframework\boot\spring-boot-devtools\2.6.7\spring-boot-devtools-2.6.7.jar;C:\Users\nikkie\.m2\repository\org\springframework\boot\spring-boot\2.6.7\spring-boot-2.6.7.jar;C:\Users\nikkie\.m2\repository\org\springframework\boot\spring-boot-autoconfigure\2.6.7\spring-boot-autoconfigure-2.6.7.jar;C:\Users\nikkie\.m2\repository\com\jayway\jsonpath\json-path\2.6.0\json-path-2.6.0.jar;C:\Users\nikkie\.m2\repository\net\minidev\json-smart\2.4.8\json-smart-2.4.8.jar;C:\Users\nikkie\.m2\repository\net\minidev\accessors-smart\2.4.8\accessors-smart-2.4.8.jar;C:\Users\nikkie\.m2\repository\org\ow2\asm\asm\9.1\asm-9.1.jar;C:\Users\nikkie\.m2\repository\jakarta\xml\bind\jakarta.xml.bind-api\2.3.3\jakarta.xml.bind-api-2.3.3.jar;C:\Users\nikkie\.m2\repository\jakarta\activation\jakarta.activation-api\1.2.2\jakarta.activation-api-1.2.2.jar;C:\Users\nikkie\.m2\repository\org\springframework\spring-core\5.3.19\spring-core-5.3.19.jar;C:\Users\nikkie\.m2\repository\org\springframework\spring-jcl\5.3.19\spring-jcl-5.3.19.jar
Launcher Type: SUN_STANDARD

[Global flags]
     intx CICompilerCount                          = 3                                         {product} {ergonomic}
     uint ConcGCThreads                            = 1                                         {product} {ergonomic}
     uint G1ConcRefinementThreads                  = 4                                         {product} {ergonomic}
   size_t G1HeapRegionSize                         = 1048576                                   {product} {ergonomic}
    uintx GCDrainStackTargetSize                   = 64                                        {product} {ergonomic}
   size_t InitialHeapSize                          = 134217728                                 {product} {ergonomic}
     bool ManagementServer                         = true                                      {product} {command line}
   size_t MarkStackSize                            = 4194304                                   {product} {ergonomic}
   size_t MaxHeapSize                              = 2116026368                                {product} {ergonomic}
   size_t MaxNewSize                               = 1268776960                                {product} {ergonomic}
   size_t MinHeapDeltaBytes                        = 1048576                                   {product} {ergonomic}
   size_t MinHeapSize                              = 8388608                                   {product} {ergonomic}
    uintx NonProfiledCodeHeapSize                  = 0                                      {pd product} {ergonomic}
     bool ProfileInterpreter                       = false                                  {pd product} {command line}
    uintx ProfiledCodeHeapSize                     = 0                                      {pd product} {ergonomic}
   size_t SoftMaxHeapSize                          = 2116026368                             {manageable} {ergonomic}
     intx TieredStopAtLevel                        = 1                                         {product} {command line}
     bool UseCompressedClassPointers               = true                           {product lp64_product} {ergonomic}
     bool UseCompressedOops                        = true                           {product lp64_product} {ergonomic}
     bool UseG1GC                                  = true                                      {product} {ergonomic}
     bool UseLargePagesIndividualAllocation        = false                                  {pd product} {ergonomic}

Logging:
Log output configuration:
 #0: stdout all=warning uptime,level,tags foldmultilines=false
 #1: stderr all=off uptime,level,tags foldmultilines=false

Environment Variables:
JAVA_HOME=C:\Program Files\Java\jdk-18.0.1
PATH=E:\maven\apache-maven-3.8.5\bin;C:\Gradle\gradle-7.4.2\bin;C:\Users\nikkie\AppData\Local\Microsoft\WindowsApps;C:\Users\nikkie\AppData\Local\atom\bin;C:\Users\nikkie\AppData\Local\Microsoft\WindowsApps;C:\Users\nikkie\AppData\Local\Programs\Microsoft VS Code\bin;C:\Program Files\Azure Data Studio\bin;C:\Users\nikkie\AppData\Local\GitHubDesktop\bin;C:\Users\nikkie\AppData\Roaming\npm;C:\Program Files\JetBrains\IntelliJ IDEA Community Edition 2022.1\bin;
USERNAME=nikkie
OS=Windows_NT
PROCESSOR_IDENTIFIER=Intel64 Family 6 Model 58 Stepping 9, GenuineIntel



---------------  S Y S T E M  ---------------

OS:
 Windows 10 , 64 bit Build 19041 (10.0.19041.1566)
OS uptime: 8 days 15:18 hours

CPU: total 4 (initial active 4) (2 cores per cpu, 2 threads per core) family 6 model 58 stepping 9 microcode 0x21, cx8, cmov, fxsr, ht, mmx, sse, sse2, sse3, ssse3, sse4.1, sse4.2, popcnt, tsc, tscinvbit, avx, aes, erms, clmul, vzeroupper, clflush

Memory: 4k page, system-wide physical 8067M (400M free)
TotalPageFile size 18307M (AvailPageFile size 3M)
current process WorkingSet (physical memory assigned to process): 44M, peak: 44M
current process commit charge ("private bytes"): 202M, peak: 202M

vm_info: Java HotSpot(TM) 64-Bit Server VM (18.0.1+10-24) for windows-amd64 JRE (18.0.1+10-24), built on Mar  9 2022 22:41:56 by "mach5one" with MS VC++ 16.8 / 16.9 (VS2019)

END.
