#
# There is insufficient memory for the Java Runtime Environment to continue.
# Native memory allocation (malloc) failed to allocate 585040 bytes for Chunk::new
# Possible reasons:
#   The system is out of physical RAM or swap space
#   The process is running with CompressedOops enabled, and the Java Heap may be blocking the growth of the native heap
# Possible solutions:
#   Reduce memory load on the system
#   Increase physical memory or swap space
#   Check if swap backing store is full
#   Decrease Java heap size (-Xmx/-Xms)
#   Decrease number of Java threads
#   Decrease Java thread stack sizes (-Xss)
#   Set larger code cache with -XX:ReservedCodeCacheSize=
#   JVM is running with Unscaled Compressed Oops mode in which the Java heap is
#     placed in the first 4GB address space. The Java Heap base address is the
#     maximum limit for the native heap growth. Please use -XX:HeapBaseMinAddress
#     to set the Java Heap base and to place the Java Heap above 4GB virtual address.
# This output file may be truncated or incomplete.
#
#  Out of Memory Error (arena.cpp:184), pid=16100, tid=9144
#
# JRE version: Java(TM) SE Runtime Environment (18.0.1+10) (build 18.0.1+10-24)
# Java VM: Java HotSpot(TM) 64-Bit Server VM (18.0.1+10-24, mixed mode, sharing, tiered, compressed oops, compressed class ptrs, g1 gc, windows-amd64)
# No core dump will be written. Minidumps are not enabled by default on client versions of Windows
#

---------------  S U M M A R Y ------------

Command Line: -javaagent:C:\Program Files\JetBrains\IntelliJ IDEA 2022.1\lib\idea_rt.jar=55775:C:\Program Files\JetBrains\IntelliJ IDEA 2022.1\bin -Dfile.encoding=UTF-8 com.training.rest.webservices.restfulwebservices.RestfulWebServicesApplication

Host: Intel(R) Core(TM) i5-3210M CPU @ 2.50GHz, 4 cores, 7G,  Windows 10 , 64 bit Build 19041 (10.0.19041.1566)
Time: Tue May  3 01:42:48 2022 India Standard Time elapsed time: 20.476276 seconds (0d 0h 0m 20s)

---------------  T H R E A D  ---------------

Current thread (0x0000020a04200a10):  JavaThread "C2 CompilerThread1" daemon [_thread_in_native, id=9144, stack(0x0000002139100000,0x0000002139200000)]


Current CompileTask:
C2:  20476 6952       4       sun.util.locale.BaseLocale::getInstance (150 bytes)

Stack: [0x0000002139100000,0x0000002139200000]
Native frames: (J=compiled Java code, j=interpreted, Vv=VM code, C=native code)
V  [jvm.dll+0x69887a]
V  [jvm.dll+0x7f38bd]
V  [jvm.dll+0x7f51ce]
V  [jvm.dll+0x7f5883]
V  [jvm.dll+0x25ca3f]
V  [jvm.dll+0xb8c2f]
V  [jvm.dll+0xb8fa5]
V  [jvm.dll+0x385a6b]
V  [jvm.dll+0x34f811]
V  [jvm.dll+0x34ecaa]
V  [jvm.dll+0x22fc21]
V  [jvm.dll+0x22eff1]
V  [jvm.dll+0x1b9cfc]
V  [jvm.dll+0x23e8ca]
V  [jvm.dll+0x23cbb5]
V  [jvm.dll+0x7a5fb1]
V  [jvm.dll+0x7a03ea]
V  [jvm.dll+0x697725]
C  [ucrtbase.dll+0x21bb2]
C  [KERNEL32.DLL+0x17034]
C  [ntdll.dll+0x52651]


---------------  P R O C E S S  ---------------

Threads class SMR info:
_java_thread_list=0x0000020a0c312c60, length=32, elements={
0x0000020a041d9b80, 0x0000020a041da920, 0x0000020a041f9720, 0x0000020a041fa0c0,
0x0000020a041faa60, 0x0000020a041fb540, 0x0000020a041ff850, 0x0000020a04202870,
0x0000020a04229da0, 0x0000020a041c8100, 0x0000020a08625350, 0x0000020a089619a0,
0x0000020a0b14ee00, 0x0000020a04200a10, 0x0000020a0b14dac0, 0x0000020a0b14cc50,
0x0000020a0b14d5f0, 0x0000020a0b14e460, 0x0000020a0b14df90, 0x0000020a0b14f2d0,
0x0000020a0b14fc70, 0x0000020a0b150140, 0x0000020a0b150610, 0x0000020a0c2a2530,
0x0000020a0c2a4210, 0x0000020a0c2a46e0, 0x0000020a0c29f040, 0x0000020a0c29e1d0,
0x0000020a0c29f510, 0x0000020a0c29dd00, 0x0000020a0c2a2060, 0x0000020a0c29feb0
}

Java Threads: ( => current thread )
  0x0000020a041d9b80 JavaThread "Reference Handler" daemon [_thread_blocked, id=16888, stack(0x0000002138400000,0x0000002138500000)]
  0x0000020a041da920 JavaThread "Finalizer" daemon [_thread_blocked, id=15652, stack(0x0000002138500000,0x0000002138600000)]
  0x0000020a041f9720 JavaThread "Signal Dispatcher" daemon [_thread_blocked, id=16240, stack(0x0000002138600000,0x0000002138700000)]
  0x0000020a041fa0c0 JavaThread "Attach Listener" daemon [_thread_blocked, id=8156, stack(0x0000002138700000,0x0000002138800000)]
  0x0000020a041faa60 JavaThread "Service Thread" daemon [_thread_blocked, id=12880, stack(0x0000002138800000,0x0000002138900000)]
  0x0000020a041fb540 JavaThread "Monitor Deflation Thread" daemon [_thread_blocked, id=8312, stack(0x0000002138900000,0x0000002138a00000)]
  0x0000020a041ff850 JavaThread "C2 CompilerThread0" daemon [_thread_blocked, id=15692, stack(0x0000002138a00000,0x0000002138b00000)]
  0x0000020a04202870 JavaThread "C1 CompilerThread0" daemon [_thread_blocked, id=9592, stack(0x0000002138b00000,0x0000002138c00000)]
  0x0000020a04229da0 JavaThread "Sweeper thread" daemon [_thread_blocked, id=9236, stack(0x0000002138c00000,0x0000002138d00000)]
  0x0000020a041c8100 JavaThread "Common-Cleaner" daemon [_thread_blocked, id=556, stack(0x0000002138d00000,0x0000002138e00000)]
  0x0000020a08625350 JavaThread "Monitor Ctrl-Break" daemon [_thread_in_native, id=3868, stack(0x0000002138e00000,0x0000002138f00000)]
  0x0000020a089619a0 JavaThread "Notification Thread" daemon [_thread_blocked, id=12708, stack(0x0000002138f00000,0x0000002139000000)]
  0x0000020a0b14ee00 JavaThread "HikariPool-1 housekeeper" daemon [_thread_blocked, id=4948, stack(0x0000002139800000,0x0000002139900000)]
=>0x0000020a04200a10 JavaThread "C2 CompilerThread1" daemon [_thread_in_native, id=9144, stack(0x0000002139100000,0x0000002139200000)]
  0x0000020a0b14dac0 JavaThread "Catalina-utility-1" [_thread_blocked, id=15336, stack(0x0000002139a00000,0x0000002139b00000)]
  0x0000020a0b14cc50 JavaThread "Catalina-utility-2" [_thread_blocked, id=5424, stack(0x0000002139b00000,0x0000002139c00000)]
  0x0000020a0b14d5f0 JavaThread "container-0" [_thread_blocked, id=16712, stack(0x0000002139c00000,0x0000002139d00000)]
  0x0000020a0b14e460 JavaThread "File Watcher" daemon [_thread_blocked, id=16936, stack(0x0000002139900000,0x0000002139a00000)]
  0x0000020a0b14df90 JavaThread "Live Reload Server" daemon [_thread_in_native, id=10484, stack(0x0000002139e00000,0x0000002139f00000)]
  0x0000020a0b14f2d0 JavaThread "http-nio-8080-exec-1" daemon [_thread_blocked, id=15016, stack(0x0000002139d00000,0x0000002139e00000)]
  0x0000020a0b14fc70 JavaThread "http-nio-8080-exec-2" daemon [_thread_blocked, id=6772, stack(0x0000002139f00000,0x000000213a000000)]
  0x0000020a0b150140 JavaThread "http-nio-8080-exec-3" daemon [_thread_blocked, id=17852, stack(0x000000213a000000,0x000000213a100000)]
  0x0000020a0b150610 JavaThread "http-nio-8080-exec-4" daemon [_thread_blocked, id=5176, stack(0x000000213a100000,0x000000213a200000)]
  0x0000020a0c2a2530 JavaThread "http-nio-8080-exec-5" daemon [_thread_blocked, id=17064, stack(0x000000213a200000,0x000000213a300000)]
  0x0000020a0c2a4210 JavaThread "http-nio-8080-exec-6" daemon [_thread_blocked, id=10476, stack(0x000000213a300000,0x000000213a400000)]
  0x0000020a0c2a46e0 JavaThread "http-nio-8080-exec-7" daemon [_thread_blocked, id=12820, stack(0x000000213a400000,0x000000213a500000)]
  0x0000020a0c29f040 JavaThread "http-nio-8080-exec-8" daemon [_thread_blocked, id=2776, stack(0x000000213a500000,0x000000213a600000)]
  0x0000020a0c29e1d0 JavaThread "http-nio-8080-exec-9" daemon [_thread_blocked, id=17824, stack(0x000000213a600000,0x000000213a700000)]
  0x0000020a0c29f510 JavaThread "http-nio-8080-exec-10" daemon [_thread_blocked, id=9652, stack(0x000000213a700000,0x000000213a800000)]
  0x0000020a0c29dd00 JavaThread "http-nio-8080-Poller" daemon [_thread_in_native, id=12032, stack(0x000000213a800000,0x000000213a900000)]
  0x0000020a0c2a2060 JavaThread "http-nio-8080-Acceptor" daemon [_thread_in_native, id=13748, stack(0x000000213a900000,0x000000213aa00000)]
  0x0000020a0c29feb0 JavaThread "DestroyJavaVM" [_thread_blocked, id=6816, stack(0x0000002137d00000,0x0000002137e00000)]

Other Threads:
  0x0000020a041d5b70 VMThread "VM Thread" [stack: 0x0000002138300000,0x0000002138400000] [id=4476]
  0x0000020a08961e60 WatcherThread "VM Periodic Task Thread" [stack: 0x0000002139000000,0x0000002139100000] [id=12504]
  0x0000020a668ed950 WorkerThread "GC Thread#0" [stack: 0x0000002137e00000,0x0000002137f00000] [id=13980]
  0x0000020a08b41aa0 WorkerThread "GC Thread#1" [stack: 0x0000002139200000,0x0000002139300000] [id=18092]
  0x0000020a08b0e6b0 WorkerThread "GC Thread#2" [stack: 0x0000002139300000,0x0000002139400000] [id=6784]
  0x0000020a08a99b70 WorkerThread "GC Thread#3" [stack: 0x0000002139400000,0x0000002139500000] [id=18156]
  0x0000020a668ff4d0 ConcurrentGCThread "G1 Main Marker" [stack: 0x0000002137f00000,0x0000002138000000] [id=10140]
  0x0000020a66900660 WorkerThread "G1 Conc#0" [stack: 0x0000002138000000,0x0000002138100000] [id=14304]
  0x0000020a6693f090 ConcurrentGCThread "G1 Refine#0" [stack: 0x0000002138100000,0x0000002138200000] [id=6488]
  0x0000020a08af7ff0 ConcurrentGCThread "G1 Refine#1" [stack: 0x0000002139500000,0x0000002139600000] [id=4812]
  0x0000020a6693f9a0 ConcurrentGCThread "G1 Service" [stack: 0x0000002138200000,0x0000002138300000] [id=18220]

Threads with active compile tasks:
C2 CompilerThread1    20783 6952       4       sun.util.locale.BaseLocale::getInstance (150 bytes)

VM state: not at safepoint (normal execution)

VM Mutex/Monitor currently owned by a thread: None

Heap address: 0x0000000081e00000, size: 2018 MB, Compressed Oops mode: 32-bit

CDS archive(s) mapped at: [0x0000000800000000-0x0000000800ba0000-0x0000000800ba0000), size 12189696, SharedBaseAddress: 0x0000000800000000, ArchiveRelocationMode: 0.
Compressed class space mapped at: 0x0000000800c00000-0x0000000840c00000, reserved size: 1073741824
Narrow klass base: 0x0000000800000000, Narrow klass shift: 0, Narrow klass range: 0x100000000

GC Precious Log:
 CardTable entry size: 512
 Card Set container configuration: InlinePtr #cards 5 size 8 Array Of Cards #cards 12 size 40 Howl #buckets 4 coarsen threshold 1843 Howl Bitmap #cards 512 size 80 coarsen threshold 460 Card regions per heap region 1 cards per card region 2048
 CPUs: 4 total, 4 available
 Memory: 8067M
 Large Page Support: Disabled
 NUMA Support: Disabled
 Compressed Oops: Enabled (32-bit)
 Heap Region Size: 1M
 Heap Min Capacity: 8M
 Heap Initial Capacity: 128M
 Heap Max Capacity: 2018M
 Pre-touch: Disabled
 Parallel Workers: 4
 Concurrent Workers: 1
 Concurrent Refinement Workers: 4
 Periodic GC: Disabled

Heap:
 garbage-first heap   total 287744K, used 149672K [0x0000000081e00000, 0x0000000100000000)
  region size 1024K, 99 young (101376K), 1 survivors (1024K)
 Metaspace       used 66391K, committed 67072K, reserved 1114112K
  class space    used 8780K, committed 9088K, reserved 1048576K

Heap Regions: E=young(eden), S=young(survivor), O=old, HS=humongous(starts), HC=humongous(continues), CS=collection set, F=free, OA=open archive, CA=closed archive, TAMS=top-at-mark-start (previous, next)
|   0|0x0000000081e00000, 0x0000000081f00000, 0x0000000081f00000|100%|HS|  |TAMS 0x0000000081f00000, 0x0000000081e00000| Complete 
|   1|0x0000000081f00000, 0x0000000082000000, 0x0000000082000000|100%| O|  |TAMS 0x0000000082000000, 0x0000000081f00000| Untracked 
|   2|0x0000000082000000, 0x0000000082100000, 0x0000000082100000|100%| O|  |TAMS 0x0000000082100000, 0x0000000082000000| Untracked 
|   3|0x0000000082100000, 0x0000000082200000, 0x0000000082200000|100%| O|  |TAMS 0x0000000082200000, 0x0000000082100000| Untracked 
|   4|0x0000000082200000, 0x0000000082300000, 0x0000000082300000|100%| O|  |TAMS 0x0000000082300000, 0x0000000082200000| Untracked 
|   5|0x0000000082300000, 0x0000000082400000, 0x0000000082400000|100%| O|  |TAMS 0x0000000082400000, 0x0000000082300000| Untracked 
|   6|0x0000000082400000, 0x0000000082500000, 0x0000000082500000|100%|HS|  |TAMS 0x0000000082400000, 0x0000000082400000| Complete 
|   7|0x0000000082500000, 0x0000000082600000, 0x0000000082600000|100%| O|  |TAMS 0x0000000082600000, 0x0000000082500000| Untracked 
|   8|0x0000000082600000, 0x0000000082700000, 0x0000000082700000|100%| O|  |TAMS 0x0000000082700000, 0x0000000082600000| Untracked 
|   9|0x0000000082700000, 0x0000000082800000, 0x0000000082800000|100%| O|  |TAMS 0x0000000082800000, 0x0000000082700000| Untracked 
|  10|0x0000000082800000, 0x0000000082900000, 0x0000000082900000|100%| O|  |TAMS 0x0000000082900000, 0x0000000082800000| Untracked 
|  11|0x0000000082900000, 0x0000000082a00000, 0x0000000082a00000|100%| O|  |TAMS 0x0000000082a00000, 0x0000000082900000| Untracked 
|  12|0x0000000082a00000, 0x0000000082b00000, 0x0000000082b00000|100%| O|  |TAMS 0x0000000082b00000, 0x0000000082a00000| Untracked 
|  13|0x0000000082b00000, 0x0000000082c00000, 0x0000000082c00000|100%| O|  |TAMS 0x0000000082c00000, 0x0000000082b00000| Untracked 
|  14|0x0000000082c00000, 0x0000000082d00000, 0x0000000082d00000|100%| O|  |TAMS 0x0000000082d00000, 0x0000000082c00000| Untracked 
|  15|0x0000000082d00000, 0x0000000082e00000, 0x0000000082e00000|100%| O|  |TAMS 0x0000000082e00000, 0x0000000082d00000| Untracked 
|  16|0x0000000082e00000, 0x0000000082f00000, 0x0000000082f00000|100%| O|  |TAMS 0x0000000082f00000, 0x0000000082e00000| Untracked 
|  17|0x0000000082f00000, 0x0000000083000000, 0x0000000083000000|100%| O|  |TAMS 0x0000000083000000, 0x0000000082f00000| Untracked 
|  18|0x0000000083000000, 0x0000000083100000, 0x0000000083100000|100%| O|  |TAMS 0x0000000083100000, 0x0000000083000000| Untracked 
|  19|0x0000000083100000, 0x0000000083200000, 0x0000000083200000|100%| O|  |TAMS 0x0000000083200000, 0x0000000083100000| Untracked 
|  20|0x0000000083200000, 0x0000000083300000, 0x0000000083300000|100%| O|  |TAMS 0x0000000083300000, 0x0000000083200000| Untracked 
|  21|0x0000000083300000, 0x0000000083400000, 0x0000000083400000|100%| O|  |TAMS 0x0000000083400000, 0x0000000083300000| Untracked 
|  22|0x0000000083400000, 0x0000000083500000, 0x0000000083500000|100%| O|  |TAMS 0x0000000083400000, 0x0000000083400000| Untracked 
|  23|0x0000000083500000, 0x0000000083600000, 0x0000000083600000|100%| O|  |TAMS 0x0000000083600000, 0x0000000083500000| Untracked 
|  24|0x0000000083600000, 0x0000000083700000, 0x0000000083700000|100%| O|  |TAMS 0x0000000083700000, 0x0000000083600000| Untracked 
|  25|0x0000000083700000, 0x0000000083800000, 0x0000000083800000|100%| O|  |TAMS 0x0000000083800000, 0x0000000083700000| Untracked 
|  26|0x0000000083800000, 0x0000000083900000, 0x0000000083900000|100%| O|  |TAMS 0x0000000083900000, 0x0000000083800000| Untracked 
|  27|0x0000000083900000, 0x0000000083a00000, 0x0000000083a00000|100%| O|  |TAMS 0x0000000083a00000, 0x0000000083900000| Untracked 
|  28|0x0000000083a00000, 0x0000000083b00000, 0x0000000083b00000|100%| O|  |TAMS 0x0000000083b00000, 0x0000000083a00000| Untracked 
|  29|0x0000000083b00000, 0x0000000083c00000, 0x0000000083c00000|100%| O|  |TAMS 0x0000000083c00000, 0x0000000083b00000| Untracked 
|  30|0x0000000083c00000, 0x0000000083d00000, 0x0000000083d00000|100%| O|  |TAMS 0x0000000083d00000, 0x0000000083c00000| Untracked 
|  31|0x0000000083d00000, 0x0000000083e00000, 0x0000000083e00000|100%| O|  |TAMS 0x0000000083e00000, 0x0000000083d00000| Untracked 
|  32|0x0000000083e00000, 0x0000000083f00000, 0x0000000083f00000|100%| O|  |TAMS 0x0000000083f00000, 0x0000000083e00000| Untracked 
|  33|0x0000000083f00000, 0x0000000084000000, 0x0000000084000000|100%| O|  |TAMS 0x0000000084000000, 0x0000000083f00000| Untracked 
|  34|0x0000000084000000, 0x0000000084100000, 0x0000000084100000|100%| O|  |TAMS 0x0000000084100000, 0x0000000084000000| Untracked 
|  35|0x0000000084100000, 0x0000000084200000, 0x0000000084200000|100%| O|  |TAMS 0x0000000084200000, 0x0000000084100000| Untracked 
|  36|0x0000000084200000, 0x0000000084300000, 0x0000000084300000|100%| O|  |TAMS 0x0000000084300000, 0x0000000084200000| Untracked 
|  37|0x0000000084300000, 0x0000000084400000, 0x0000000084400000|100%| O|  |TAMS 0x0000000084400000, 0x0000000084300000| Untracked 
|  38|0x0000000084400000, 0x0000000084500000, 0x0000000084500000|100%| O|  |TAMS 0x0000000084500000, 0x0000000084400000| Untracked 
|  39|0x0000000084500000, 0x0000000084600000, 0x0000000084600000|100%| O|  |TAMS 0x0000000084500000, 0x0000000084500000| Untracked 
|  40|0x0000000084600000, 0x0000000084600000, 0x0000000084700000|  0%| F|  |TAMS 0x0000000084600000, 0x0000000084600000| Untracked 
|  41|0x0000000084700000, 0x0000000084700000, 0x0000000084800000|  0%| F|  |TAMS 0x0000000084700000, 0x0000000084700000| Untracked 
|  42|0x0000000084800000, 0x0000000084900000, 0x0000000084900000|100%| O|  |TAMS 0x0000000084900000, 0x0000000084800000| Untracked 
|  43|0x0000000084900000, 0x0000000084900000, 0x0000000084a00000|  0%| F|  |TAMS 0x0000000084900000, 0x0000000084900000| Untracked 
|  44|0x0000000084a00000, 0x0000000084b00000, 0x0000000084b00000|100%| O|  |TAMS 0x0000000084a00000, 0x0000000084a00000| Untracked 
|  45|0x0000000084b00000, 0x0000000084b00000, 0x0000000084c00000|  0%| F|  |TAMS 0x0000000084b00000, 0x0000000084b00000| Untracked 
|  46|0x0000000084c00000, 0x0000000084d00000, 0x0000000084d00000|100%| O|  |TAMS 0x0000000084d00000, 0x0000000084c00000| Untracked 
|  47|0x0000000084d00000, 0x0000000084e00000, 0x0000000084e00000|100%| O|  |TAMS 0x0000000084e00000, 0x0000000084d00000| Untracked 
|  48|0x0000000084e00000, 0x0000000084f00000, 0x0000000084f00000|100%| O|  |TAMS 0x0000000084f00000, 0x0000000084e00000| Untracked 
|  49|0x0000000084f00000, 0x0000000085000000, 0x0000000085000000|100%| O|  |TAMS 0x0000000084f00000, 0x0000000084f00000| Untracked 
|  50|0x0000000085000000, 0x0000000085100000, 0x0000000085100000|100%| O|  |TAMS 0x0000000085000000, 0x0000000085000000| Untracked 
|  51|0x0000000085100000, 0x0000000085200000, 0x0000000085200000|100%| O|  |TAMS 0x0000000085100000, 0x0000000085100000| Untracked 
|  52|0x0000000085200000, 0x0000000085300000, 0x0000000085300000|100%| O|  |TAMS 0x0000000085200000, 0x0000000085200000| Untracked 
|  53|0x0000000085300000, 0x0000000085385000, 0x0000000085400000| 51%| O|  |TAMS 0x0000000085300000, 0x0000000085300000| Untracked 
|  54|0x0000000085400000, 0x0000000085400000, 0x0000000085500000|  0%| F|  |TAMS 0x0000000085400000, 0x0000000085400000| Untracked 
|  55|0x0000000085500000, 0x0000000085500000, 0x0000000085600000|  0%| F|  |TAMS 0x0000000085500000, 0x0000000085500000| Untracked 
|  56|0x0000000085600000, 0x0000000085600000, 0x0000000085700000|  0%| F|  |TAMS 0x0000000085600000, 0x0000000085600000| Untracked 
|  57|0x0000000085700000, 0x0000000085700000, 0x0000000085800000|  0%| F|  |TAMS 0x0000000085700000, 0x0000000085700000| Untracked 
|  58|0x0000000085800000, 0x0000000085800000, 0x0000000085900000|  0%| F|  |TAMS 0x0000000085800000, 0x0000000085800000| Untracked 
|  59|0x0000000085900000, 0x0000000085900000, 0x0000000085a00000|  0%| F|  |TAMS 0x0000000085900000, 0x0000000085900000| Untracked 
|  60|0x0000000085a00000, 0x0000000085a00000, 0x0000000085b00000|  0%| F|  |TAMS 0x0000000085a00000, 0x0000000085a00000| Untracked 
|  61|0x0000000085b00000, 0x0000000085b00000, 0x0000000085c00000|  0%| F|  |TAMS 0x0000000085b00000, 0x0000000085b00000| Untracked 
|  62|0x0000000085c00000, 0x0000000085c00000, 0x0000000085d00000|  0%| F|  |TAMS 0x0000000085c00000, 0x0000000085c00000| Untracked 
|  63|0x0000000085d00000, 0x0000000085d00000, 0x0000000085e00000|  0%| F|  |TAMS 0x0000000085d00000, 0x0000000085d00000| Untracked 
|  64|0x0000000085e00000, 0x0000000085e00000, 0x0000000085f00000|  0%| F|  |TAMS 0x0000000085e00000, 0x0000000085e00000| Untracked 
|  65|0x0000000085f00000, 0x0000000085f00000, 0x0000000086000000|  0%| F|  |TAMS 0x0000000085f00000, 0x0000000085f00000| Untracked 
|  66|0x0000000086000000, 0x0000000086000000, 0x0000000086100000|  0%| F|  |TAMS 0x0000000086000000, 0x0000000086000000| Untracked 
|  67|0x0000000086100000, 0x0000000086100000, 0x0000000086200000|  0%| F|  |TAMS 0x0000000086100000, 0x0000000086100000| Untracked 
|  68|0x0000000086200000, 0x0000000086200000, 0x0000000086300000|  0%| F|  |TAMS 0x0000000086200000, 0x0000000086200000| Untracked 
|  69|0x0000000086300000, 0x0000000086300000, 0x0000000086400000|  0%| F|  |TAMS 0x0000000086300000, 0x0000000086300000| Untracked 
|  70|0x0000000086400000, 0x0000000086400000, 0x0000000086500000|  0%| F|  |TAMS 0x0000000086400000, 0x0000000086400000| Untracked 
|  71|0x0000000086500000, 0x0000000086500000, 0x0000000086600000|  0%| F|  |TAMS 0x0000000086500000, 0x0000000086500000| Untracked 
|  72|0x0000000086600000, 0x0000000086600000, 0x0000000086700000|  0%| F|  |TAMS 0x0000000086600000, 0x0000000086600000| Untracked 
|  73|0x0000000086700000, 0x0000000086700000, 0x0000000086800000|  0%| F|  |TAMS 0x0000000086700000, 0x0000000086700000| Untracked 
|  74|0x0000000086800000, 0x0000000086800000, 0x0000000086900000|  0%| F|  |TAMS 0x0000000086800000, 0x0000000086800000| Untracked 
|  75|0x0000000086900000, 0x0000000086900000, 0x0000000086a00000|  0%| F|  |TAMS 0x0000000086900000, 0x0000000086900000| Untracked 
|  76|0x0000000086a00000, 0x0000000086a00000, 0x0000000086b00000|  0%| F|  |TAMS 0x0000000086a00000, 0x0000000086a00000| Untracked 
|  77|0x0000000086b00000, 0x0000000086b00000, 0x0000000086c00000|  0%| F|  |TAMS 0x0000000086b00000, 0x0000000086b00000| Untracked 
|  78|0x0000000086c00000, 0x0000000086c00000, 0x0000000086d00000|  0%| F|  |TAMS 0x0000000086c00000, 0x0000000086c00000| Untracked 
|  79|0x0000000086d00000, 0x0000000086d00000, 0x0000000086e00000|  0%| F|  |TAMS 0x0000000086d00000, 0x0000000086d00000| Untracked 
|  80|0x0000000086e00000, 0x0000000086e00000, 0x0000000086f00000|  0%| F|  |TAMS 0x0000000086e00000, 0x0000000086e00000| Untracked 
|  81|0x0000000086f00000, 0x0000000086f00000, 0x0000000087000000|  0%| F|  |TAMS 0x0000000086f00000, 0x0000000086f00000| Untracked 
|  82|0x0000000087000000, 0x0000000087000000, 0x0000000087100000|  0%| F|  |TAMS 0x0000000087000000, 0x0000000087000000| Untracked 
|  83|0x0000000087100000, 0x0000000087100000, 0x0000000087200000|  0%| F|  |TAMS 0x0000000087100000, 0x0000000087100000| Untracked 
|  84|0x0000000087200000, 0x0000000087200000, 0x0000000087300000|  0%| F|  |TAMS 0x0000000087200000, 0x0000000087200000| Untracked 
|  85|0x0000000087300000, 0x0000000087300000, 0x0000000087400000|  0%| F|  |TAMS 0x0000000087300000, 0x0000000087300000| Untracked 
|  86|0x0000000087400000, 0x0000000087400000, 0x0000000087500000|  0%| F|  |TAMS 0x0000000087400000, 0x0000000087400000| Untracked 
|  87|0x0000000087500000, 0x0000000087500000, 0x0000000087600000|  0%| F|  |TAMS 0x0000000087500000, 0x0000000087500000| Untracked 
|  88|0x0000000087600000, 0x0000000087600000, 0x0000000087700000|  0%| F|  |TAMS 0x0000000087600000, 0x0000000087600000| Untracked 
|  89|0x0000000087700000, 0x0000000087700000, 0x0000000087800000|  0%| F|  |TAMS 0x0000000087700000, 0x0000000087700000| Untracked 
|  90|0x0000000087800000, 0x0000000087800000, 0x0000000087900000|  0%| F|  |TAMS 0x0000000087800000, 0x0000000087800000| Untracked 
|  91|0x0000000087900000, 0x0000000087900000, 0x0000000087a00000|  0%| F|  |TAMS 0x0000000087900000, 0x0000000087900000| Untracked 
|  92|0x0000000087a00000, 0x0000000087aa50c0, 0x0000000087b00000| 64%| S|CS|TAMS 0x0000000087a00000, 0x0000000087a00000| Complete 
|  93|0x0000000087b00000, 0x0000000087b00000, 0x0000000087c00000|  0%| F|  |TAMS 0x0000000087b00000, 0x0000000087b00000| Untracked 
|  94|0x0000000087c00000, 0x0000000087c00000, 0x0000000087d00000|  0%| F|  |TAMS 0x0000000087c00000, 0x0000000087c00000| Untracked 
|  95|0x0000000087d00000, 0x0000000087d00000, 0x0000000087e00000|  0%| F|  |TAMS 0x0000000087d00000, 0x0000000087d00000| Untracked 
|  96|0x0000000087e00000, 0x0000000087e00000, 0x0000000087f00000|  0%| F|  |TAMS 0x0000000087e00000, 0x0000000087e00000| Untracked 
|  97|0x0000000087f00000, 0x0000000087f00000, 0x0000000088000000|  0%| F|  |TAMS 0x0000000087f00000, 0x0000000087f00000| Untracked 
|  98|0x0000000088000000, 0x0000000088000000, 0x0000000088100000|  0%| F|  |TAMS 0x0000000088000000, 0x0000000088000000| Untracked 
|  99|0x0000000088100000, 0x0000000088100000, 0x0000000088200000|  0%| F|  |TAMS 0x0000000088100000, 0x0000000088100000| Untracked 
| 100|0x0000000088200000, 0x0000000088200000, 0x0000000088300000|  0%| F|  |TAMS 0x0000000088200000, 0x0000000088200000| Untracked 
| 101|0x0000000088300000, 0x0000000088300000, 0x0000000088400000|  0%| F|  |TAMS 0x0000000088300000, 0x0000000088300000| Untracked 
| 102|0x0000000088400000, 0x0000000088400000, 0x0000000088500000|  0%| F|  |TAMS 0x0000000088400000, 0x0000000088400000| Untracked 
| 103|0x0000000088500000, 0x0000000088500000, 0x0000000088600000|  0%| F|  |TAMS 0x0000000088500000, 0x0000000088500000| Untracked 
| 104|0x0000000088600000, 0x0000000088600000, 0x0000000088700000|  0%| F|  |TAMS 0x0000000088600000, 0x0000000088600000| Untracked 
| 105|0x0000000088700000, 0x0000000088700000, 0x0000000088800000|  0%| F|  |TAMS 0x0000000088700000, 0x0000000088700000| Untracked 
| 106|0x0000000088800000, 0x0000000088800000, 0x0000000088900000|  0%| F|  |TAMS 0x0000000088800000, 0x0000000088800000| Untracked 
| 107|0x0000000088900000, 0x0000000088900000, 0x0000000088a00000|  0%| F|  |TAMS 0x0000000088900000, 0x0000000088900000| Untracked 
| 108|0x0000000088a00000, 0x0000000088a00000, 0x0000000088b00000|  0%| F|  |TAMS 0x0000000088a00000, 0x0000000088a00000| Untracked 
| 109|0x0000000088b00000, 0x0000000088b00000, 0x0000000088c00000|  0%| F|  |TAMS 0x0000000088b00000, 0x0000000088b00000| Untracked 
| 110|0x0000000088c00000, 0x0000000088c00000, 0x0000000088d00000|  0%| F|  |TAMS 0x0000000088c00000, 0x0000000088c00000| Untracked 
| 111|0x0000000088d00000, 0x0000000088d00000, 0x0000000088e00000|  0%| F|  |TAMS 0x0000000088d00000, 0x0000000088d00000| Untracked 
| 112|0x0000000088e00000, 0x0000000088e00000, 0x0000000088f00000|  0%| F|  |TAMS 0x0000000088e00000, 0x0000000088e00000| Untracked 
| 113|0x0000000088f00000, 0x0000000088f00000, 0x0000000089000000|  0%| F|  |TAMS 0x0000000088f00000, 0x0000000088f00000| Untracked 
| 114|0x0000000089000000, 0x0000000089000000, 0x0000000089100000|  0%| F|  |TAMS 0x0000000089000000, 0x0000000089000000| Untracked 
| 115|0x0000000089100000, 0x0000000089100000, 0x0000000089200000|  0%| F|  |TAMS 0x0000000089100000, 0x0000000089100000| Untracked 
| 116|0x0000000089200000, 0x0000000089200000, 0x0000000089300000|  0%| F|  |TAMS 0x0000000089200000, 0x0000000089200000| Untracked 
| 117|0x0000000089300000, 0x0000000089300000, 0x0000000089400000|  0%| F|  |TAMS 0x0000000089300000, 0x0000000089300000| Untracked 
| 118|0x0000000089400000, 0x0000000089400000, 0x0000000089500000|  0%| F|  |TAMS 0x0000000089400000, 0x0000000089400000| Untracked 
| 119|0x0000000089500000, 0x0000000089500000, 0x0000000089600000|  0%| F|  |TAMS 0x0000000089500000, 0x0000000089500000| Untracked 
| 120|0x0000000089600000, 0x0000000089600000, 0x0000000089700000|  0%| F|  |TAMS 0x0000000089600000, 0x0000000089600000| Untracked 
| 121|0x0000000089700000, 0x0000000089700000, 0x0000000089800000|  0%| F|  |TAMS 0x0000000089700000, 0x0000000089700000| Untracked 
| 122|0x0000000089800000, 0x0000000089800000, 0x0000000089900000|  0%| F|  |TAMS 0x0000000089800000, 0x0000000089800000| Untracked 
| 123|0x0000000089900000, 0x0000000089900000, 0x0000000089a00000|  0%| F|  |TAMS 0x0000000089900000, 0x0000000089900000| Untracked 
| 124|0x0000000089a00000, 0x0000000089a00000, 0x0000000089b00000|  0%| F|  |TAMS 0x0000000089a00000, 0x0000000089a00000| Untracked 
| 125|0x0000000089b00000, 0x0000000089b00000, 0x0000000089c00000|  0%| F|  |TAMS 0x0000000089b00000, 0x0000000089b00000| Untracked 
| 126|0x0000000089c00000, 0x0000000089c00000, 0x0000000089d00000|  0%| F|  |TAMS 0x0000000089c00000, 0x0000000089c00000| Untracked 
| 127|0x0000000089d00000, 0x0000000089d00000, 0x0000000089e00000|  0%| F|  |TAMS 0x0000000089d00000, 0x0000000089d00000| Untracked 
| 128|0x0000000089e00000, 0x0000000089e00000, 0x0000000089f00000|  0%| F|  |TAMS 0x0000000089e00000, 0x0000000089e00000| Untracked 
| 129|0x0000000089f00000, 0x0000000089f00000, 0x000000008a000000|  0%| F|  |TAMS 0x0000000089f00000, 0x0000000089f00000| Untracked 
| 130|0x000000008a000000, 0x000000008a000000, 0x000000008a100000|  0%| F|  |TAMS 0x000000008a000000, 0x000000008a000000| Untracked 
| 131|0x000000008a100000, 0x000000008a100000, 0x000000008a200000|  0%| F|  |TAMS 0x000000008a100000, 0x000000008a100000| Untracked 
| 132|0x000000008a200000, 0x000000008a200000, 0x000000008a300000|  0%| F|  |TAMS 0x000000008a200000, 0x000000008a200000| Untracked 
| 133|0x000000008a300000, 0x000000008a300000, 0x000000008a400000|  0%| F|  |TAMS 0x000000008a300000, 0x000000008a300000| Untracked 
| 134|0x000000008a400000, 0x000000008a400000, 0x000000008a500000|  0%| F|  |TAMS 0x000000008a400000, 0x000000008a400000| Untracked 
| 135|0x000000008a500000, 0x000000008a500000, 0x000000008a600000|  0%| F|  |TAMS 0x000000008a500000, 0x000000008a500000| Untracked 
| 136|0x000000008a600000, 0x000000008a600000, 0x000000008a700000|  0%| F|  |TAMS 0x000000008a600000, 0x000000008a600000| Untracked 
| 137|0x000000008a700000, 0x000000008a700000, 0x000000008a800000|  0%| F|  |TAMS 0x000000008a700000, 0x000000008a700000| Untracked 
| 138|0x000000008a800000, 0x000000008a800000, 0x000000008a900000|  0%| F|  |TAMS 0x000000008a800000, 0x000000008a800000| Untracked 
| 139|0x000000008a900000, 0x000000008a900000, 0x000000008aa00000|  0%| F|  |TAMS 0x000000008a900000, 0x000000008a900000| Untracked 
| 140|0x000000008aa00000, 0x000000008aa00000, 0x000000008ab00000|  0%| F|  |TAMS 0x000000008aa00000, 0x000000008aa00000| Untracked 
| 141|0x000000008ab00000, 0x000000008ab00000, 0x000000008ac00000|  0%| F|  |TAMS 0x000000008ab00000, 0x000000008ab00000| Untracked 
| 142|0x000000008ac00000, 0x000000008ac00000, 0x000000008ad00000|  0%| F|  |TAMS 0x000000008ac00000, 0x000000008ac00000| Untracked 
| 143|0x000000008ad00000, 0x000000008ad00000, 0x000000008ae00000|  0%| F|  |TAMS 0x000000008ad00000, 0x000000008ad00000| Untracked 
| 144|0x000000008ae00000, 0x000000008ae00000, 0x000000008af00000|  0%| F|  |TAMS 0x000000008ae00000, 0x000000008ae00000| Untracked 
| 145|0x000000008af00000, 0x000000008af00000, 0x000000008b000000|  0%| F|  |TAMS 0x000000008af00000, 0x000000008af00000| Untracked 
| 146|0x000000008b000000, 0x000000008b000000, 0x000000008b100000|  0%| F|  |TAMS 0x000000008b000000, 0x000000008b000000| Untracked 
| 147|0x000000008b100000, 0x000000008b100000, 0x000000008b200000|  0%| F|  |TAMS 0x000000008b100000, 0x000000008b100000| Untracked 
| 148|0x000000008b200000, 0x000000008b200000, 0x000000008b300000|  0%| F|  |TAMS 0x000000008b200000, 0x000000008b200000| Untracked 
| 149|0x000000008b300000, 0x000000008b300000, 0x000000008b400000|  0%| F|  |TAMS 0x000000008b300000, 0x000000008b300000| Untracked 
| 150|0x000000008b400000, 0x000000008b400000, 0x000000008b500000|  0%| F|  |TAMS 0x000000008b400000, 0x000000008b400000| Untracked 
| 151|0x000000008b500000, 0x000000008b500000, 0x000000008b600000|  0%| F|  |TAMS 0x000000008b500000, 0x000000008b500000| Untracked 
| 152|0x000000008b600000, 0x000000008b600000, 0x000000008b700000|  0%| F|  |TAMS 0x000000008b600000, 0x000000008b600000| Untracked 
| 153|0x000000008b700000, 0x000000008b700000, 0x000000008b800000|  0%| F|  |TAMS 0x000000008b700000, 0x000000008b700000| Untracked 
| 154|0x000000008b800000, 0x000000008b800000, 0x000000008b900000|  0%| F|  |TAMS 0x000000008b800000, 0x000000008b800000| Untracked 
| 155|0x000000008b900000, 0x000000008b900000, 0x000000008ba00000|  0%| F|  |TAMS 0x000000008b900000, 0x000000008b900000| Untracked 
| 156|0x000000008ba00000, 0x000000008ba00000, 0x000000008bb00000|  0%| F|  |TAMS 0x000000008ba00000, 0x000000008ba00000| Untracked 
| 157|0x000000008bb00000, 0x000000008bb00000, 0x000000008bc00000|  0%| F|  |TAMS 0x000000008bb00000, 0x000000008bb00000| Untracked 
| 158|0x000000008bc00000, 0x000000008bc00000, 0x000000008bd00000|  0%| F|  |TAMS 0x000000008bc00000, 0x000000008bc00000| Untracked 
| 159|0x000000008bd00000, 0x000000008bd00000, 0x000000008be00000|  0%| F|  |TAMS 0x000000008bd00000, 0x000000008bd00000| Untracked 
| 160|0x000000008be00000, 0x000000008be00000, 0x000000008bf00000|  0%| F|  |TAMS 0x000000008be00000, 0x000000008be00000| Untracked 
| 161|0x000000008bf00000, 0x000000008bf00000, 0x000000008c000000|  0%| F|  |TAMS 0x000000008bf00000, 0x000000008bf00000| Untracked 
| 162|0x000000008c000000, 0x000000008c000000, 0x000000008c100000|  0%| F|  |TAMS 0x000000008c000000, 0x000000008c000000| Untracked 
| 163|0x000000008c100000, 0x000000008c100000, 0x000000008c200000|  0%| F|  |TAMS 0x000000008c100000, 0x000000008c100000| Untracked 
| 164|0x000000008c200000, 0x000000008c200000, 0x000000008c300000|  0%| F|  |TAMS 0x000000008c200000, 0x000000008c200000| Untracked 
| 165|0x000000008c300000, 0x000000008c300000, 0x000000008c400000|  0%| F|  |TAMS 0x000000008c300000, 0x000000008c300000| Untracked 
| 166|0x000000008c400000, 0x000000008c400000, 0x000000008c500000|  0%| F|  |TAMS 0x000000008c400000, 0x000000008c400000| Untracked 
| 167|0x000000008c500000, 0x000000008c500000, 0x000000008c600000|  0%| F|  |TAMS 0x000000008c500000, 0x000000008c500000| Untracked 
| 168|0x000000008c600000, 0x000000008c600000, 0x000000008c700000|  0%| F|  |TAMS 0x000000008c600000, 0x000000008c600000| Untracked 
| 169|0x000000008c700000, 0x000000008c700000, 0x000000008c800000|  0%| F|  |TAMS 0x000000008c700000, 0x000000008c700000| Untracked 
| 170|0x000000008c800000, 0x000000008c800000, 0x000000008c900000|  0%| F|  |TAMS 0x000000008c800000, 0x000000008c800000| Untracked 
| 171|0x000000008c900000, 0x000000008c900000, 0x000000008ca00000|  0%| F|  |TAMS 0x000000008c900000, 0x000000008c900000| Untracked 
| 172|0x000000008ca00000, 0x000000008ca00000, 0x000000008cb00000|  0%| F|  |TAMS 0x000000008ca00000, 0x000000008ca00000| Untracked 
| 173|0x000000008cb00000, 0x000000008cb00000, 0x000000008cc00000|  0%| F|  |TAMS 0x000000008cb00000, 0x000000008cb00000| Untracked 
| 174|0x000000008cc00000, 0x000000008cc00000, 0x000000008cd00000|  0%| F|  |TAMS 0x000000008cc00000, 0x000000008cc00000| Untracked 
| 175|0x000000008cd00000, 0x000000008cd00000, 0x000000008ce00000|  0%| F|  |TAMS 0x000000008cd00000, 0x000000008cd00000| Untracked 
| 176|0x000000008ce00000, 0x000000008ce00000, 0x000000008cf00000|  0%| F|  |TAMS 0x000000008ce00000, 0x000000008ce00000| Untracked 
| 177|0x000000008cf00000, 0x000000008cf00000, 0x000000008d000000|  0%| F|  |TAMS 0x000000008cf00000, 0x000000008cf00000| Untracked 
| 178|0x000000008d000000, 0x000000008d000000, 0x000000008d100000|  0%| F|  |TAMS 0x000000008d000000, 0x000000008d000000| Untracked 
| 179|0x000000008d100000, 0x000000008d100000, 0x000000008d200000|  0%| F|  |TAMS 0x000000008d100000, 0x000000008d100000| Untracked 
| 180|0x000000008d200000, 0x000000008d200000, 0x000000008d300000|  0%| F|  |TAMS 0x000000008d200000, 0x000000008d200000| Untracked 
| 181|0x000000008d300000, 0x000000008d300000, 0x000000008d400000|  0%| F|  |TAMS 0x000000008d300000, 0x000000008d300000| Untracked 
| 182|0x000000008d400000, 0x000000008d400000, 0x000000008d500000|  0%| F|  |TAMS 0x000000008d400000, 0x000000008d400000| Untracked 
| 183|0x000000008d500000, 0x000000008d558b08, 0x000000008d600000| 34%| E|  |TAMS 0x000000008d500000, 0x000000008d500000| Complete 
| 184|0x000000008d600000, 0x000000008d700000, 0x000000008d700000|100%| E|CS|TAMS 0x000000008d600000, 0x000000008d600000| Complete 
| 185|0x000000008d700000, 0x000000008d800000, 0x000000008d800000|100%| E|CS|TAMS 0x000000008d700000, 0x000000008d700000| Complete 
| 186|0x000000008d800000, 0x000000008d900000, 0x000000008d900000|100%| E|CS|TAMS 0x000000008d800000, 0x000000008d800000| Complete 
| 187|0x000000008d900000, 0x000000008da00000, 0x000000008da00000|100%| E|  |TAMS 0x000000008d900000, 0x000000008d900000| Complete 
| 188|0x000000008da00000, 0x000000008db00000, 0x000000008db00000|100%| E|CS|TAMS 0x000000008da00000, 0x000000008da00000| Complete 
| 189|0x000000008db00000, 0x000000008dc00000, 0x000000008dc00000|100%| E|CS|TAMS 0x000000008db00000, 0x000000008db00000| Complete 
| 190|0x000000008dc00000, 0x000000008dd00000, 0x000000008dd00000|100%| E|CS|TAMS 0x000000008dc00000, 0x000000008dc00000| Complete 
| 191|0x000000008dd00000, 0x000000008de00000, 0x000000008de00000|100%| E|CS|TAMS 0x000000008dd00000, 0x000000008dd00000| Complete 
| 192|0x000000008de00000, 0x000000008df00000, 0x000000008df00000|100%| E|CS|TAMS 0x000000008de00000, 0x000000008de00000| Complete 
| 193|0x000000008df00000, 0x000000008e000000, 0x000000008e000000|100%| E|CS|TAMS 0x000000008df00000, 0x000000008df00000| Complete 
| 194|0x000000008e000000, 0x000000008e100000, 0x000000008e100000|100%| E|CS|TAMS 0x000000008e000000, 0x000000008e000000| Complete 
| 195|0x000000008e100000, 0x000000008e200000, 0x000000008e200000|100%| E|CS|TAMS 0x000000008e100000, 0x000000008e100000| Complete 
| 196|0x000000008e200000, 0x000000008e300000, 0x000000008e300000|100%| E|CS|TAMS 0x000000008e200000, 0x000000008e200000| Complete 
| 197|0x000000008e300000, 0x000000008e400000, 0x000000008e400000|100%| E|CS|TAMS 0x000000008e300000, 0x000000008e300000| Complete 
| 198|0x000000008e400000, 0x000000008e500000, 0x000000008e500000|100%| E|CS|TAMS 0x000000008e400000, 0x000000008e400000| Complete 
| 199|0x000000008e500000, 0x000000008e600000, 0x000000008e600000|100%| E|CS|TAMS 0x000000008e500000, 0x000000008e500000| Complete 
| 200|0x000000008e600000, 0x000000008e700000, 0x000000008e700000|100%| E|CS|TAMS 0x000000008e600000, 0x000000008e600000| Complete 
| 201|0x000000008e700000, 0x000000008e800000, 0x000000008e800000|100%| E|CS|TAMS 0x000000008e700000, 0x000000008e700000| Complete 
| 202|0x000000008e800000, 0x000000008e900000, 0x000000008e900000|100%| E|CS|TAMS 0x000000008e800000, 0x000000008e800000| Complete 
| 203|0x000000008e900000, 0x000000008ea00000, 0x000000008ea00000|100%| E|CS|TAMS 0x000000008e900000, 0x000000008e900000| Complete 
| 204|0x000000008ea00000, 0x000000008eb00000, 0x000000008eb00000|100%| E|CS|TAMS 0x000000008ea00000, 0x000000008ea00000| Complete 
| 205|0x000000008eb00000, 0x000000008ec00000, 0x000000008ec00000|100%| E|CS|TAMS 0x000000008eb00000, 0x000000008eb00000| Complete 
| 206|0x000000008ec00000, 0x000000008ed00000, 0x000000008ed00000|100%| E|CS|TAMS 0x000000008ec00000, 0x000000008ec00000| Complete 
| 207|0x000000008ed00000, 0x000000008ee00000, 0x000000008ee00000|100%| E|CS|TAMS 0x000000008ed00000, 0x000000008ed00000| Complete 
| 208|0x000000008ee00000, 0x000000008ef00000, 0x000000008ef00000|100%| E|CS|TAMS 0x000000008ee00000, 0x000000008ee00000| Complete 
| 209|0x000000008ef00000, 0x000000008f000000, 0x000000008f000000|100%| E|CS|TAMS 0x000000008ef00000, 0x000000008ef00000| Complete 
| 210|0x000000008f000000, 0x000000008f100000, 0x000000008f100000|100%| E|CS|TAMS 0x000000008f000000, 0x000000008f000000| Complete 
| 211|0x000000008f100000, 0x000000008f200000, 0x000000008f200000|100%| E|CS|TAMS 0x000000008f100000, 0x000000008f100000| Complete 
| 212|0x000000008f200000, 0x000000008f300000, 0x000000008f300000|100%| E|CS|TAMS 0x000000008f200000, 0x000000008f200000| Complete 
| 213|0x000000008f300000, 0x000000008f400000, 0x000000008f400000|100%| E|CS|TAMS 0x000000008f300000, 0x000000008f300000| Complete 
| 214|0x000000008f400000, 0x000000008f500000, 0x000000008f500000|100%| E|CS|TAMS 0x000000008f400000, 0x000000008f400000| Complete 
| 215|0x000000008f500000, 0x000000008f600000, 0x000000008f600000|100%| E|CS|TAMS 0x000000008f500000, 0x000000008f500000| Complete 
| 216|0x000000008f600000, 0x000000008f700000, 0x000000008f700000|100%| E|CS|TAMS 0x000000008f600000, 0x000000008f600000| Complete 
| 217|0x000000008f700000, 0x000000008f800000, 0x000000008f800000|100%| E|CS|TAMS 0x000000008f700000, 0x000000008f700000| Complete 
| 218|0x000000008f800000, 0x000000008f900000, 0x000000008f900000|100%| E|CS|TAMS 0x000000008f800000, 0x000000008f800000| Complete 
| 219|0x000000008f900000, 0x000000008fa00000, 0x000000008fa00000|100%| E|CS|TAMS 0x000000008f900000, 0x000000008f900000| Complete 
| 220|0x000000008fa00000, 0x000000008fb00000, 0x000000008fb00000|100%| E|CS|TAMS 0x000000008fa00000, 0x000000008fa00000| Complete 
| 221|0x000000008fb00000, 0x000000008fc00000, 0x000000008fc00000|100%| E|CS|TAMS 0x000000008fb00000, 0x000000008fb00000| Complete 
| 222|0x000000008fc00000, 0x000000008fd00000, 0x000000008fd00000|100%| E|CS|TAMS 0x000000008fc00000, 0x000000008fc00000| Complete 
| 223|0x000000008fd00000, 0x000000008fe00000, 0x000000008fe00000|100%| E|CS|TAMS 0x000000008fd00000, 0x000000008fd00000| Complete 
| 224|0x000000008fe00000, 0x000000008ff00000, 0x000000008ff00000|100%| E|CS|TAMS 0x000000008fe00000, 0x000000008fe00000| Complete 
| 225|0x000000008ff00000, 0x0000000090000000, 0x0000000090000000|100%| E|CS|TAMS 0x000000008ff00000, 0x000000008ff00000| Complete 
| 226|0x0000000090000000, 0x0000000090100000, 0x0000000090100000|100%| E|CS|TAMS 0x0000000090000000, 0x0000000090000000| Complete 
| 227|0x0000000090100000, 0x0000000090200000, 0x0000000090200000|100%| E|CS|TAMS 0x0000000090100000, 0x0000000090100000| Complete 
| 228|0x0000000090200000, 0x0000000090300000, 0x0000000090300000|100%| E|CS|TAMS 0x0000000090200000, 0x0000000090200000| Complete 
| 229|0x0000000090300000, 0x0000000090400000, 0x0000000090400000|100%| E|CS|TAMS 0x0000000090300000, 0x0000000090300000| Complete 
| 230|0x0000000090400000, 0x0000000090500000, 0x0000000090500000|100%| E|CS|TAMS 0x0000000090400000, 0x0000000090400000| Complete 
| 231|0x0000000090500000, 0x0000000090600000, 0x0000000090600000|100%| E|CS|TAMS 0x0000000090500000, 0x0000000090500000| Complete 
| 232|0x0000000090600000, 0x0000000090700000, 0x0000000090700000|100%| E|CS|TAMS 0x0000000090600000, 0x0000000090600000| Complete 
| 233|0x0000000090700000, 0x0000000090800000, 0x0000000090800000|100%| E|CS|TAMS 0x0000000090700000, 0x0000000090700000| Complete 
| 234|0x0000000090800000, 0x0000000090900000, 0x0000000090900000|100%| E|CS|TAMS 0x0000000090800000, 0x0000000090800000| Complete 
| 235|0x0000000090900000, 0x0000000090a00000, 0x0000000090a00000|100%| E|CS|TAMS 0x0000000090900000, 0x0000000090900000| Complete 
| 236|0x0000000090a00000, 0x0000000090b00000, 0x0000000090b00000|100%| E|CS|TAMS 0x0000000090a00000, 0x0000000090a00000| Complete 
| 237|0x0000000090b00000, 0x0000000090c00000, 0x0000000090c00000|100%| E|CS|TAMS 0x0000000090b00000, 0x0000000090b00000| Complete 
| 238|0x0000000090c00000, 0x0000000090d00000, 0x0000000090d00000|100%| E|CS|TAMS 0x0000000090c00000, 0x0000000090c00000| Complete 
| 239|0x0000000090d00000, 0x0000000090e00000, 0x0000000090e00000|100%| E|CS|TAMS 0x0000000090d00000, 0x0000000090d00000| Complete 
| 240|0x0000000090e00000, 0x0000000090f00000, 0x0000000090f00000|100%| E|CS|TAMS 0x0000000090e00000, 0x0000000090e00000| Complete 
| 241|0x0000000090f00000, 0x0000000091000000, 0x0000000091000000|100%| E|CS|TAMS 0x0000000090f00000, 0x0000000090f00000| Complete 
| 242|0x0000000091000000, 0x0000000091100000, 0x0000000091100000|100%| E|CS|TAMS 0x0000000091000000, 0x0000000091000000| Complete 
| 243|0x0000000091100000, 0x0000000091200000, 0x0000000091200000|100%| E|CS|TAMS 0x0000000091100000, 0x0000000091100000| Complete 
| 244|0x0000000091200000, 0x0000000091300000, 0x0000000091300000|100%| E|CS|TAMS 0x0000000091200000, 0x0000000091200000| Complete 
| 245|0x0000000091300000, 0x0000000091400000, 0x0000000091400000|100%| E|CS|TAMS 0x0000000091300000, 0x0000000091300000| Complete 
| 246|0x0000000091400000, 0x0000000091500000, 0x0000000091500000|100%| E|CS|TAMS 0x0000000091400000, 0x0000000091400000| Complete 
| 247|0x0000000091500000, 0x0000000091600000, 0x0000000091600000|100%| E|CS|TAMS 0x0000000091500000, 0x0000000091500000| Complete 
| 248|0x0000000091600000, 0x0000000091700000, 0x0000000091700000|100%| E|CS|TAMS 0x0000000091600000, 0x0000000091600000| Complete 
| 249|0x0000000091700000, 0x0000000091800000, 0x0000000091800000|100%| E|CS|TAMS 0x0000000091700000, 0x0000000091700000| Complete 
| 250|0x0000000091800000, 0x0000000091900000, 0x0000000091900000|100%| E|CS|TAMS 0x0000000091800000, 0x0000000091800000| Complete 
| 251|0x0000000091900000, 0x0000000091a00000, 0x0000000091a00000|100%| E|CS|TAMS 0x0000000091900000, 0x0000000091900000| Complete 
| 252|0x0000000091a00000, 0x0000000091b00000, 0x0000000091b00000|100%| E|CS|TAMS 0x0000000091a00000, 0x0000000091a00000| Complete 
| 253|0x0000000091b00000, 0x0000000091c00000, 0x0000000091c00000|100%| E|CS|TAMS 0x0000000091b00000, 0x0000000091b00000| Complete 
| 254|0x0000000091c00000, 0x0000000091d00000, 0x0000000091d00000|100%| E|CS|TAMS 0x0000000091c00000, 0x0000000091c00000| Complete 
| 255|0x0000000091d00000, 0x0000000091e00000, 0x0000000091e00000|100%| E|CS|TAMS 0x0000000091d00000, 0x0000000091d00000| Complete 
| 256|0x0000000091e00000, 0x0000000091f00000, 0x0000000091f00000|100%| E|CS|TAMS 0x0000000091e00000, 0x0000000091e00000| Complete 
| 257|0x0000000091f00000, 0x0000000092000000, 0x0000000092000000|100%| E|CS|TAMS 0x0000000091f00000, 0x0000000091f00000| Complete 
| 258|0x0000000092000000, 0x0000000092100000, 0x0000000092100000|100%| E|CS|TAMS 0x0000000092000000, 0x0000000092000000| Complete 
| 259|0x0000000092100000, 0x0000000092200000, 0x0000000092200000|100%| E|CS|TAMS 0x0000000092100000, 0x0000000092100000| Complete 
| 260|0x0000000092200000, 0x0000000092300000, 0x0000000092300000|100%| E|CS|TAMS 0x0000000092200000, 0x0000000092200000| Complete 
| 261|0x0000000092300000, 0x0000000092400000, 0x0000000092400000|100%| E|CS|TAMS 0x0000000092300000, 0x0000000092300000| Complete 
| 262|0x0000000092400000, 0x0000000092500000, 0x0000000092500000|100%| E|CS|TAMS 0x0000000092400000, 0x0000000092400000| Complete 
| 263|0x0000000092500000, 0x0000000092600000, 0x0000000092600000|100%| E|CS|TAMS 0x0000000092500000, 0x0000000092500000| Complete 
| 264|0x0000000092600000, 0x0000000092700000, 0x0000000092700000|100%| E|CS|TAMS 0x0000000092600000, 0x0000000092600000| Complete 
| 265|0x0000000092700000, 0x0000000092800000, 0x0000000092800000|100%| E|CS|TAMS 0x0000000092700000, 0x0000000092700000| Complete 
| 266|0x0000000092800000, 0x0000000092900000, 0x0000000092900000|100%| E|CS|TAMS 0x0000000092800000, 0x0000000092800000| Complete 
| 267|0x0000000092900000, 0x0000000092a00000, 0x0000000092a00000|100%| E|CS|TAMS 0x0000000092900000, 0x0000000092900000| Complete 
| 268|0x0000000092a00000, 0x0000000092b00000, 0x0000000092b00000|100%| E|CS|TAMS 0x0000000092a00000, 0x0000000092a00000| Complete 
| 269|0x0000000092b00000, 0x0000000092c00000, 0x0000000092c00000|100%| E|CS|TAMS 0x0000000092b00000, 0x0000000092b00000| Complete 
| 270|0x0000000092c00000, 0x0000000092d00000, 0x0000000092d00000|100%| E|CS|TAMS 0x0000000092c00000, 0x0000000092c00000| Complete 
| 271|0x0000000092d00000, 0x0000000092e00000, 0x0000000092e00000|100%| E|CS|TAMS 0x0000000092d00000, 0x0000000092d00000| Complete 
| 272|0x0000000092e00000, 0x0000000092f00000, 0x0000000092f00000|100%| E|CS|TAMS 0x0000000092e00000, 0x0000000092e00000| Complete 
| 273|0x0000000092f00000, 0x0000000093000000, 0x0000000093000000|100%| E|CS|TAMS 0x0000000092f00000, 0x0000000092f00000| Complete 
| 274|0x0000000093000000, 0x0000000093100000, 0x0000000093100000|100%| E|CS|TAMS 0x0000000093000000, 0x0000000093000000| Complete 
| 275|0x0000000093100000, 0x0000000093200000, 0x0000000093200000|100%| E|CS|TAMS 0x0000000093100000, 0x0000000093100000| Complete 
| 276|0x0000000093200000, 0x0000000093300000, 0x0000000093300000|100%| E|CS|TAMS 0x0000000093200000, 0x0000000093200000| Complete 
| 277|0x0000000093300000, 0x0000000093400000, 0x0000000093400000|100%| E|CS|TAMS 0x0000000093300000, 0x0000000093300000| Complete 
| 278|0x0000000093400000, 0x0000000093500000, 0x0000000093500000|100%| E|CS|TAMS 0x0000000093400000, 0x0000000093400000| Complete 
| 279|0x0000000093500000, 0x0000000093600000, 0x0000000093600000|100%| E|CS|TAMS 0x0000000093500000, 0x0000000093500000| Complete 
| 280|0x0000000093600000, 0x0000000093700000, 0x0000000093700000|100%| E|CS|TAMS 0x0000000093600000, 0x0000000093600000| Complete 

Card table byte_map: [0x0000020a7d5c0000,0x0000020a7d9c0000] _byte_map_base: 0x0000020a7d1b1000

Marking Bits (Prev, Next): (CMBitMap*) 0x0000020a668eef60, (CMBitMap*) 0x0000020a668eefa0
 Prev Bits: [0x0000020a7ddc0000, 0x0000020a7fd48000)
 Next Bits: [0x0000020a00000000, 0x0000020a01f88000)

Polling page: 0x0000020a64740000

Metaspace:

Usage:
  Non-class:     56.26 MB used.
      Class:      8.58 MB used.
       Both:     64.84 MB used.

Virtual space:
  Non-class space:       64.00 MB reserved,      56.62 MB ( 88%) committed,  1 nodes.
      Class space:        1.00 GB reserved,       8.88 MB ( <1%) committed,  1 nodes.
             Both:        1.06 GB reserved,      65.50 MB (  6%) committed. 

Chunk freelists:
   Non-Class:  2.45 MB
       Class:  2.94 MB
        Both:  5.40 MB

MaxMetaspaceSize: unlimited
CompressedClassSpaceSize: 1.00 GB
Initial GC threshold: 21.00 MB
Current GC threshold: 100.75 MB
CDS: on
MetaspaceReclaimPolicy: balanced
 - commit_granule_bytes: 65536.
 - commit_granule_words: 8192.
 - virtual_space_node_default_size: 8388608.
 - enlarge_chunks_in_place: 1.
 - new_chunks_are_fully_committed: 0.
 - uncommit_free_chunks: 1.
 - use_allocation_guard: 0.


Internal statistics:

num_allocs_failed_limit: 9.
num_arena_births: 1062.
num_arena_deaths: 0.
num_vsnodes_births: 2.
num_vsnodes_deaths: 0.
num_space_committed: 1048.
num_space_uncommitted: 0.
num_chunks_returned_to_freelist: 9.
num_chunks_taken_from_freelist: 3498.
num_chunk_merges: 9.
num_chunk_splits: 2478.
num_chunks_enlarged: 1962.
num_inconsistent_stats: 0.

CodeHeap 'non-profiled nmethods': size=120000Kb used=3804Kb max_used=3900Kb free=116195Kb
 bounds [0x0000020a75c90000, 0x0000020a76060000, 0x0000020a7d1c0000]
CodeHeap 'profiled nmethods': size=120000Kb used=13101Kb max_used=13101Kb free=106899Kb
 bounds [0x0000020a6e760000, 0x0000020a6f430000, 0x0000020a75c90000]
CodeHeap 'non-nmethods': size=5760Kb used=1327Kb max_used=1399Kb free=4432Kb
 bounds [0x0000020a6e1c0000, 0x0000020a6e430000, 0x0000020a6e760000]
 total_blobs=6428 nmethods=5779 adapters=561
 compilation: enabled
              stopped_count=0, restarted_count=0
 full_count=0

Compilation events (20 events):
Event: 20.326 Thread 0x0000020a04202870 nmethod 6959 0x0000020a6f427590 code [0x0000020a6f427800, 0x0000020a6f428518]
Event: 20.327 Thread 0x0000020a041ff850 nmethod 6960 0x0000020a75f11910 code [0x0000020a75f11a80, 0x0000020a75f11b18]
Event: 20.426 Thread 0x0000020a04202870 6961       1       org.apache.tomcat.util.http.MimeHeaderField::getValue (5 bytes)
Event: 20.426 Thread 0x0000020a04202870 nmethod 6961 0x0000020a75f11610 code [0x0000020a75f117a0, 0x0000020a75f11878]
Event: 20.427 Thread 0x0000020a04202870 6962       3       java.lang.Character::digit (6 bytes)
Event: 20.427 Thread 0x0000020a04202870 nmethod 6962 0x0000020a6f428790 code [0x0000020a6f428940, 0x0000020a6f428b98]
Event: 20.428 Thread 0x0000020a041ff850 6963       4       java.nio.Buffer::flip (20 bytes)
Event: 20.428 Thread 0x0000020a041ff850 nmethod 6963 0x0000020a75f11310 code [0x0000020a75f11480, 0x0000020a75f11518]
Event: 20.435 Thread 0x0000020a04202870 6964       3       org.apache.tomcat.util.http.MimeHeaders::getName (26 bytes)
Event: 20.436 Thread 0x0000020a04202870 nmethod 6964 0x0000020a6f428c90 code [0x0000020a6f428e40, 0x0000020a6f429058]
Event: 20.436 Thread 0x0000020a04202870 6967       3       java.nio.charset.CoderResult::isOverflow (14 bytes)
Event: 20.436 Thread 0x0000020a04202870 nmethod 6967 0x0000020a6f429190 code [0x0000020a6f429320, 0x0000020a6f429498]
Event: 20.436 Thread 0x0000020a04202870 6965       1       org.apache.tomcat.util.buf.ByteChunk::getBuffer (5 bytes)
Event: 20.436 Thread 0x0000020a04202870 nmethod 6965 0x0000020a75f11010 code [0x0000020a75f111a0, 0x0000020a75f11278]
Event: 20.436 Thread 0x0000020a04202870 6966       1       org.apache.tomcat.util.buf.MessageBytes::getByteChunk (5 bytes)
Event: 20.436 Thread 0x0000020a04202870 nmethod 6966 0x0000020a75f10d10 code [0x0000020a75f10ea0, 0x0000020a75f10f78]
Event: 20.436 Thread 0x0000020a04202870 6968       3       org.apache.tomcat.util.buf.ByteChunk::recycle (10 bytes)
Event: 20.436 Thread 0x0000020a04202870 nmethod 6968 0x0000020a6f429510 code [0x0000020a6f4296a0, 0x0000020a6f429858]
Event: 20.436 Thread 0x0000020a04202870 6969       3       org.apache.tomcat.util.buf.MessageBytes::recycle (40 bytes)
Event: 20.437 Thread 0x0000020a04202870 nmethod 6969 0x0000020a6f429910 code [0x0000020a6f429ac0, 0x0000020a6f429e18]

GC Heap History (20 events):
Event: 15.002 GC heap before
{Heap before GC invocations=21 (full 0):
 garbage-first heap   total 61440K, used 49105K [0x0000000081e00000, 0x0000000100000000)
  region size 1024K, 19 young (19456K), 3 survivors (3072K)
 Metaspace       used 58805K, committed 59392K, reserved 1114112K
  class space    used 7899K, committed 8192K, reserved 1048576K
}
Event: 15.010 GC heap after
{Heap after GC invocations=22 (full 0):
 garbage-first heap   total 61440K, used 34734K [0x0000000081e00000, 0x0000000100000000)
  region size 1024K, 2 young (2048K), 2 survivors (2048K)
 Metaspace       used 58805K, committed 59392K, reserved 1114112K
  class space    used 7899K, committed 8192K, reserved 1048576K
}
Event: 15.531 GC heap before
{Heap before GC invocations=22 (full 0):
 garbage-first heap   total 61440K, used 49070K [0x0000000081e00000, 0x0000000100000000)
  region size 1024K, 16 young (16384K), 2 survivors (2048K)
 Metaspace       used 60596K, committed 61184K, reserved 1114112K
  class space    used 8103K, committed 8384K, reserved 1048576K
}
Event: 15.541 GC heap after
{Heap after GC invocations=23 (full 0):
 garbage-first heap   total 61440K, used 36531K [0x0000000081e00000, 0x0000000100000000)
  region size 1024K, 2 young (2048K), 2 survivors (2048K)
 Metaspace       used 60596K, committed 61184K, reserved 1114112K
  class space    used 8103K, committed 8384K, reserved 1048576K
}
Event: 15.922 GC heap before
{Heap before GC invocations=24 (full 0):
 garbage-first heap   total 66560K, used 49843K [0x0000000081e00000, 0x0000000100000000)
  region size 1024K, 14 young (14336K), 2 survivors (2048K)
 Metaspace       used 61021K, committed 61504K, reserved 1114112K
  class space    used 8145K, committed 8384K, reserved 1048576K
}
Event: 15.929 GC heap after
{Heap after GC invocations=25 (full 0):
 garbage-first heap   total 66560K, used 38976K [0x0000000081e00000, 0x0000000100000000)
  region size 1024K, 2 young (2048K), 2 survivors (2048K)
 Metaspace       used 61021K, committed 61504K, reserved 1114112K
  class space    used 8145K, committed 8384K, reserved 1048576K
}
Event: 15.940 GC heap before
{Heap before GC invocations=25 (full 0):
 garbage-first heap   total 66560K, used 40000K [0x0000000081e00000, 0x0000000100000000)
  region size 1024K, 3 young (3072K), 2 survivors (2048K)
 Metaspace       used 61023K, committed 61568K, reserved 1114112K
  class space    used 8145K, committed 8384K, reserved 1048576K
}
Event: 15.948 GC heap after
{Heap after GC invocations=26 (full 0):
 garbage-first heap   total 79872K, used 39267K [0x0000000081e00000, 0x0000000100000000)
  region size 1024K, 1 young (1024K), 1 survivors (1024K)
 Metaspace       used 61023K, committed 61568K, reserved 1114112K
  class space    used 8145K, committed 8384K, reserved 1048576K
}
Event: 16.359 GC heap before
{Heap before GC invocations=26 (full 0):
 garbage-first heap   total 79872K, used 61795K [0x0000000081e00000, 0x0000000100000000)
  region size 1024K, 24 young (24576K), 1 survivors (1024K)
 Metaspace       used 61097K, committed 61632K, reserved 1114112K
  class space    used 8147K, committed 8384K, reserved 1048576K
}
Event: 16.368 GC heap after
{Heap after GC invocations=27 (full 0):
 garbage-first heap   total 79872K, used 45826K [0x0000000081e00000, 0x0000000100000000)
  region size 1024K, 3 young (3072K), 3 survivors (3072K)
 Metaspace       used 61097K, committed 61632K, reserved 1114112K
  class space    used 8147K, committed 8384K, reserved 1048576K
}
Event: 16.698 GC heap before
{Heap before GC invocations=28 (full 0):
 garbage-first heap   total 81920K, used 63234K [0x0000000081e00000, 0x0000000100000000)
  region size 1024K, 19 young (19456K), 3 survivors (3072K)
 Metaspace       used 61227K, committed 61760K, reserved 1114112K
  class space    used 8157K, committed 8384K, reserved 1048576K
}
Event: 16.704 GC heap after
{Heap after GC invocations=29 (full 0):
 garbage-first heap   total 81920K, used 49312K [0x0000000081e00000, 0x0000000100000000)
  region size 1024K, 3 young (3072K), 3 survivors (3072K)
 Metaspace       used 61227K, committed 61760K, reserved 1114112K
  class space    used 8157K, committed 8384K, reserved 1048576K
}
Event: 16.709 GC heap before
{Heap before GC invocations=29 (full 0):
 garbage-first heap   total 81920K, used 50336K [0x0000000081e00000, 0x0000000100000000)
  region size 1024K, 4 young (4096K), 3 survivors (3072K)
 Metaspace       used 61228K, committed 61760K, reserved 1114112K
  class space    used 8157K, committed 8384K, reserved 1048576K
}
Event: 16.715 GC heap after
{Heap after GC invocations=30 (full 0):
 garbage-first heap   total 81920K, used 49882K [0x0000000081e00000, 0x0000000100000000)
  region size 1024K, 1 young (1024K), 1 survivors (1024K)
 Metaspace       used 61228K, committed 61760K, reserved 1114112K
  class space    used 8157K, committed 8384K, reserved 1048576K
}
Event: 16.863 GC heap before
{Heap before GC invocations=30 (full 0):
 garbage-first heap   total 81920K, used 63194K [0x0000000081e00000, 0x0000000100000000)
  region size 1024K, 15 young (15360K), 1 survivors (1024K)
 Metaspace       used 61244K, committed 61824K, reserved 1114112K
  class space    used 8157K, committed 8384K, reserved 1048576K
}
Event: 16.869 GC heap after
{Heap after GC invocations=31 (full 0):
 garbage-first heap   total 81920K, used 52402K [0x0000000081e00000, 0x0000000100000000)
  region size 1024K, 2 young (2048K), 2 survivors (2048K)
 Metaspace       used 61244K, committed 61824K, reserved 1114112K
  class space    used 8157K, committed 8384K, reserved 1048576K
}
Event: 17.143 GC heap before
{Heap before GC invocations=32 (full 0):
 garbage-first heap   total 97280K, used 62642K [0x0000000081e00000, 0x0000000100000000)
  region size 1024K, 14 young (14336K), 2 survivors (2048K)
 Metaspace       used 61307K, committed 61888K, reserved 1114112K
  class space    used 8161K, committed 8448K, reserved 1048576K
}
Event: 17.151 GC heap after
{Heap after GC invocations=33 (full 0):
 garbage-first heap   total 97280K, used 54818K [0x0000000081e00000, 0x0000000100000000)
  region size 1024K, 2 young (2048K), 2 survivors (2048K)
 Metaspace       used 61307K, committed 61888K, reserved 1114112K
  class space    used 8161K, committed 8448K, reserved 1048576K
}
Event: 17.158 GC heap before
{Heap before GC invocations=33 (full 0):
 garbage-first heap   total 97280K, used 56866K [0x0000000081e00000, 0x0000000100000000)
  region size 1024K, 4 young (4096K), 2 survivors (2048K)
 Metaspace       used 61309K, committed 61888K, reserved 1114112K
  class space    used 8161K, committed 8448K, reserved 1048576K
}
Event: 17.165 GC heap after
{Heap after GC invocations=34 (full 0):
 garbage-first heap   total 287744K, used 50344K [0x0000000081e00000, 0x0000000100000000)
  region size 1024K, 1 young (1024K), 1 survivors (1024K)
 Metaspace       used 61309K, committed 61888K, reserved 1114112K
  class space    used 8161K, committed 8448K, reserved 1048576K
}

Deoptimization events (20 events):
Event: 20.114 Thread 0x0000020a08bfa860 Uncommon trap: trap_request=0xffffffde fr.pc=0x0000020a75f34184 relative=0x00000000000006e4
Event: 20.114 Thread 0x0000020a08bfa860 Uncommon trap: reason=class_check action=maybe_recompile pc=0x0000020a75f34184 method=org.springframework.core.ResolvableType.resolveType()Lorg/springframework/core/ResolvableType; @ 45 c2
Event: 20.114 Thread 0x0000020a08bfa860 DEOPT PACKING pc=0x0000020a75f34184 sp=0x00000021397fe860
Event: 20.115 Thread 0x0000020a08bfa860 DEOPT UNPACKING pc=0x0000020a6e2123a3 sp=0x00000021397fe790 mode 2
Event: 20.173 Thread 0x0000020a0b14f2d0 Uncommon trap: trap_request=0xffffffbe fr.pc=0x0000020a75e9f438 relative=0x00000000000007b8
Event: 20.174 Thread 0x0000020a0b14f2d0 Uncommon trap: reason=profile_predicate action=maybe_recompile pc=0x0000020a75e9f438 method=java.util.Properties.load0(Ljava/util/Properties$LineReader;)V @ 14 c2
Event: 20.174 Thread 0x0000020a0b14f2d0 DEOPT PACKING pc=0x0000020a75e9f438 sp=0x0000002139dfe810
Event: 20.174 Thread 0x0000020a0b14f2d0 DEOPT UNPACKING pc=0x0000020a6e2123a3 sp=0x0000002139dfe7c0 mode 2
Event: 20.216 Thread 0x0000020a0b14fc70 Uncommon trap: trap_request=0xffffff45 fr.pc=0x0000020a75ea03e4 relative=0x00000000000000c4
Event: 20.216 Thread 0x0000020a0b14fc70 Uncommon trap: reason=unstable_if action=reinterpret pc=0x0000020a75ea03e4 method=java.lang.CharacterDataLatin1.digit(II)I @ 7 c2
Event: 20.216 Thread 0x0000020a0b14fc70 DEOPT PACKING pc=0x0000020a75ea03e4 sp=0x0000002139ffdd20
Event: 20.216 Thread 0x0000020a0b14fc70 DEOPT UNPACKING pc=0x0000020a6e2123a3 sp=0x0000002139ffdbe0 mode 2
Event: 20.217 Thread 0x0000020a0b14fc70 Uncommon trap: trap_request=0xffffff45 fr.pc=0x0000020a75ea0834 relative=0x0000000000000094
Event: 20.217 Thread 0x0000020a0b14fc70 Uncommon trap: reason=unstable_if action=reinterpret pc=0x0000020a75ea0834 method=java.lang.CharacterDataLatin1.digit(II)I @ 7 c2
Event: 20.217 Thread 0x0000020a0b14fc70 DEOPT PACKING pc=0x0000020a75ea0834 sp=0x0000002139ffdc30
Event: 20.217 Thread 0x0000020a0b14fc70 DEOPT UNPACKING pc=0x0000020a6e2123a3 sp=0x0000002139ffdbb0 mode 2
Event: 20.245 Thread 0x0000020a0b14fc70 Uncommon trap: trap_request=0xffffffbe fr.pc=0x0000020a75e9f438 relative=0x00000000000007b8
Event: 20.245 Thread 0x0000020a0b14fc70 Uncommon trap: reason=profile_predicate action=maybe_recompile pc=0x0000020a75e9f438 method=java.util.Properties.load0(Ljava/util/Properties$LineReader;)V @ 14 c2
Event: 20.245 Thread 0x0000020a0b14fc70 DEOPT PACKING pc=0x0000020a75e9f438 sp=0x0000002139ffdb00
Event: 20.245 Thread 0x0000020a0b14fc70 DEOPT UNPACKING pc=0x0000020a6e2123a3 sp=0x0000002139ffdab0 mode 2

Classes loaded (20 events):
Event: 20.099 Loading class com/sun/jmx/mbeanserver/Repository$ObjectNamePattern done
Event: 20.099 Loading class sun/nio/cs/ThreadLocalCoders done
Event: 20.100 Loading class sun/nio/cs/ThreadLocalCoders$1
Event: 20.100 Loading class sun/nio/cs/ThreadLocalCoders$Cache
Event: 20.100 Loading class sun/nio/cs/ThreadLocalCoders$Cache done
Event: 20.100 Loading class sun/nio/cs/ThreadLocalCoders$1 done
Event: 20.100 Loading class sun/nio/cs/ThreadLocalCoders$2
Event: 20.100 Loading class sun/nio/cs/ThreadLocalCoders$2 done
Event: 20.101 Loading class com/sun/jmx/interceptor/DefaultMBeanServerInterceptor$ListenerWrapper
Event: 20.101 Loading class com/sun/jmx/interceptor/DefaultMBeanServerInterceptor$ListenerWrapper done
Event: 20.101 Loading class javax/management/NotificationBroadcasterSupport$ListenerInfo
Event: 20.101 Loading class javax/management/NotificationBroadcasterSupport$ListenerInfo done
Event: 20.175 Loading class java/net/BindException
Event: 20.175 Loading class java/net/BindException done
Event: 20.207 Loading class java/nio/StringCharBuffer
Event: 20.208 Loading class java/nio/StringCharBuffer done
Event: 20.230 Loading class sun/security/provider/SecureRandom
Event: 20.231 Loading class sun/security/provider/SecureRandom done
Event: 20.319 Loading class java/text/FieldPosition$Delegate
Event: 20.319 Loading class java/text/FieldPosition$Delegate done

Classes unloaded (0 events):
No events

Classes redefined (0 events):
No events

Internal exceptions (20 events):
Event: 19.730 Thread 0x0000020a08bfa860 Exception <a 'java/lang/ClassNotFoundException'{0x000000008e4d6fc0}: org/springframework/beans/factory/AwareCustomizer> (0x000000008e4d6fc0) 
thrown [s\open\src\hotspot\share\classfile\systemDictionary.cpp, line 255]
Event: 19.731 Thread 0x0000020a08bfa860 Exception <a 'java/lang/ClassNotFoundException'{0x000000008e4dac88}: org/springframework/web/context/ServletContextAwareCustomizer> (0x000000008e4dac88) 
thrown [s\open\src\hotspot\share\classfile\systemDictionary.cpp, line 255]
Event: 19.731 Thread 0x0000020a08bfa860 Exception <a 'java/lang/ClassNotFoundException'{0x000000008e4df588}: org/springframework/beans/factory/AwareCustomizer> (0x000000008e4df588) 
thrown [s\open\src\hotspot\share\classfile\systemDictionary.cpp, line 255]
Event: 19.732 Thread 0x0000020a08bfa860 Exception <a 'java/lang/ClassNotFoundException'{0x000000008e4e3268}: org/springframework/context/ApplicationContextAwareCustomizer> (0x000000008e4e3268) 
thrown [s\open\src\hotspot\share\classfile\systemDictionary.cpp, line 255]
Event: 19.733 Thread 0x0000020a08bfa860 Exception <a 'java/lang/ClassNotFoundException'{0x000000008e4e7fb8}: org/springframework/beans/factory/AwareCustomizer> (0x000000008e4e7fb8) 
thrown [s\open\src\hotspot\share\classfile\systemDictionary.cpp, line 255]
Event: 19.738 Thread 0x0000020a08bfa860 Exception <a 'java/lang/ClassNotFoundException'{0x000000008e3306a8}: java/lang/ObjectCustomizer> (0x000000008e3306a8) 
thrown [s\open\src\hotspot\share\classfile\systemDictionary.cpp, line 255]
Event: 19.739 Thread 0x0000020a08bfa860 Exception <a 'java/lang/ClassNotFoundException'{0x000000008e339668}: org/springframework/boot/actuate/autoconfigure/web/server/ManagementContextAutoConfiguration$SameManagementContextConfiguration$EnableSameManagementContextConfigurationCustomizer> (0x000000008e339668) 
thrown [s\open\src\hotspot\share\classfile\systemDictionary.cpp, line 255]
Event: 19.741 Thread 0x0000020a08bfa860 Exception <a 'java/lang/ClassNotFoundException'{0x000000008e344f48}: java/lang/ObjectCustomizer> (0x000000008e344f48) 
thrown [s\open\src\hotspot\share\classfile\systemDictionary.cpp, line 255]
Event: 19.742 Thread 0x0000020a08bfa860 Exception <a 'java/lang/ClassNotFoundException'{0x000000008e34d608}: org/springframework/boot/actuate/autoconfigure/web/server/ManagementContextAutoConfiguration$SameManagementContextConfigurationCustomizer> (0x000000008e34d608) 
thrown [s\open\src\hotspot\share\classfile\systemDictionary.cpp, line 255]
Event: 19.743 Thread 0x0000020a08bfa860 Exception <a 'java/lang/ClassNotFoundException'{0x000000008e353ad0}: org/springframework/beans/factory/SmartInitializingSingletonCustomizer> (0x000000008e353ad0) 
thrown [s\open\src\hotspot\share\classfile\systemDictionary.cpp, line 255]
Event: 19.746 Thread 0x0000020a08bfa860 Exception <a 'java/lang/ClassNotFoundException'{0x000000008e35a600}: java/lang/ObjectCustomizer> (0x000000008e35a600) 
thrown [s\open\src\hotspot\share\classfile\systemDictionary.cpp, line 255]
Event: 19.746 Thread 0x0000020a08bfa860 Exception <a 'java/lang/ClassNotFoundException'{0x000000008e362340}: org/springframework/boot/actuate/autoconfigure/web/server/ManagementContextAutoConfigurationCustomizer> (0x000000008e362340) 
thrown [s\open\src\hotspot\share\classfile\systemDictionary.cpp, line 255]
Event: 19.748 Thread 0x0000020a08bfa860 Exception <a 'java/lang/ClassNotFoundException'{0x000000008e36a4d0}: java/lang/ObjectCustomizer> (0x000000008e36a4d0) 
thrown [s\open\src\hotspot\share\classfile\systemDictionary.cpp, line 255]
Event: 19.749 Thread 0x0000020a08bfa860 Exception <a 'java/lang/ClassNotFoundException'{0x000000008e372078}: org/springframework/boot/actuate/autoconfigure/web/server/ManagementServerPropertiesCustomizer> (0x000000008e372078) 
thrown [s\open\src\hotspot\share\classfile\systemDictionary.cpp, line 255]
Event: 19.775 Thread 0x0000020a08bfa860 Exception <a 'java/lang/NoSuchMethodError'{0x000000008e2762d8}: 'java.lang.Object java.lang.invoke.DirectMethodHandle$Holder.invokeSpecial(java.lang.Object, java.lang.Object, int, java.lang.Object, int, java.lang.Object)'> (0x000000008e2762d8) 
thrown [s\open\src\hotspot\share\interpreter\linkResolver.cpp, line 766]
Event: 19.776 Thread 0x0000020a08bfa860 Exception <a 'java/lang/NoSuchMethodError'{0x000000008e27e5e8}: 'java.lang.Object java.lang.invoke.DirectMethodHandle$Holder.newInvokeSpecial(java.lang.Object, java.lang.Object, int, java.lang.Object, int)'> (0x000000008e27e5e8) 
thrown [s\open\src\hotspot\share\interpreter\linkResolver.cpp, line 766]
Event: 19.776 Thread 0x0000020a08bfa860 Exception <a 'java/lang/NoSuchMethodError'{0x000000008e2826f0}: 'java.lang.Object java.lang.invoke.DirectMethodHandle$Holder.invokeSpecial(java.lang.Object, java.lang.Object, java.lang.Object, int, java.lang.Object, int)'> (0x000000008e2826f0) 
thrown [s\open\src\hotspot\share\interpreter\linkResolver.cpp, line 766]
Event: 20.028 Thread 0x0000020a08bfa860 Exception <a 'java/lang/IncompatibleClassChangeError'{0x000000008dcf4fb0}: Found class java.lang.Object, but interface was expected> (0x000000008dcf4fb0) 
thrown [s\open\src\hotspot\share\interpreter\linkResolver.cpp, line 833]
Event: 20.073 Thread 0x0000020a08bfa860 Implicit null exception at 0x0000020a75e82595 to 0x0000020a75e82818
Event: 20.203 Thread 0x0000020a0b14f2d0 Exception <a 'java/lang/NoSuchMethodError'{0x000000008d8db020}: 'java.lang.Object java.lang.invoke.Invokers$Holder.linkToTargetMethod(java.lang.Object, java.lang.Object, java.lang.Object, java.lang.Object, java.lang.Object, java.lang.Object, java.lang.Object)'> (0x000000008d8db020) 
thrown [s\open\src\hotspot\share\interpreter\linkResolver.cpp, line 766]

VM Operations (20 events):
Event: 18.592 Executing VM operation: HandshakeAllThreads
Event: 18.592 Executing VM operation: HandshakeAllThreads done
Event: 19.603 Executing VM operation: Cleanup
Event: 19.604 Executing VM operation: Cleanup done
Event: 19.783 Executing VM operation: HandshakeAllThreads
Event: 19.783 Executing VM operation: HandshakeAllThreads done
Event: 19.789 Executing VM operation: HandshakeAllThreads
Event: 19.789 Executing VM operation: HandshakeAllThreads done
Event: 19.989 Executing VM operation: HandshakeAllThreads
Event: 19.993 Executing VM operation: HandshakeAllThreads done
Event: 20.010 Executing VM operation: HandshakeAllThreads
Event: 20.010 Executing VM operation: HandshakeAllThreads done
Event: 20.138 Executing VM operation: HandshakeAllThreads
Event: 20.138 Executing VM operation: HandshakeAllThreads done
Event: 20.196 Executing VM operation: HandshakeAllThreads
Event: 20.196 Executing VM operation: HandshakeAllThreads done
Event: 20.208 Executing VM operation: HandshakeAllThreads
Event: 20.208 Executing VM operation: HandshakeAllThreads done
Event: 20.319 Executing VM operation: HandshakeAllThreads
Event: 20.319 Executing VM operation: HandshakeAllThreads done

Events (20 events):
Event: 19.657 Thread 0x0000020a0b14f2d0 Thread exited: 0x0000020a0b14f2d0
Event: 19.657 Thread 0x0000020a0b14df90 Thread added: 0x0000020a0b14df90
Event: 19.796 Thread 0x0000020a0b14f2d0 Thread added: 0x0000020a0b14f2d0
Event: 19.796 Thread 0x0000020a0b14fc70 Thread added: 0x0000020a0b14fc70
Event: 19.796 Thread 0x0000020a0b150140 Thread added: 0x0000020a0b150140
Event: 19.796 Thread 0x0000020a0b150610 Thread added: 0x0000020a0b150610
Event: 19.796 Thread 0x0000020a0c2a2530 Thread added: 0x0000020a0c2a2530
Event: 19.796 Thread 0x0000020a0c2a4210 Thread added: 0x0000020a0c2a4210
Event: 19.797 Thread 0x0000020a0c2a46e0 Thread added: 0x0000020a0c2a46e0
Event: 19.797 Thread 0x0000020a0c29f040 Thread added: 0x0000020a0c29f040
Event: 19.797 Thread 0x0000020a0c29e1d0 Thread added: 0x0000020a0c29e1d0
Event: 19.797 Thread 0x0000020a0c29f510 Thread added: 0x0000020a0c29f510
Event: 19.894 Thread 0x0000020a0c29dd00 Thread added: 0x0000020a0c29dd00
Event: 19.899 Thread 0x0000020a0c2a2060 Thread added: 0x0000020a0c2a2060
Event: 20.115 Thread 0x0000020a08bfa860 Thread exited: 0x0000020a08bfa860
Event: 20.120 Thread 0x0000020a08e22640 Thread exited: 0x0000020a08e22640
Event: 20.120 Thread 0x0000020a6688eda0 Thread exited: 0x0000020a6688eda0
Event: 20.121 Thread 0x0000020a0c29feb0 Thread added: 0x0000020a0c29feb0
Event: 20.232 Thread 0x0000020a0c2a2ed0 Thread added: 0x0000020a0c2a2ed0
Event: 20.234 Thread 0x0000020a0c2a2ed0 Thread exited: 0x0000020a0c2a2ed0


Dynamic libraries:
0x00007ff77ac80000 - 0x00007ff77ac90000 	C:\Program Files\Java\jdk-18.0.1\bin\java.exe
0x00007fffe5770000 - 0x00007fffe5965000 	C:\WINDOWS\SYSTEM32\ntdll.dll
0x00007fffe52d0000 - 0x00007fffe538e000 	C:\WINDOWS\System32\KERNEL32.DLL
0x00007fffe33a0000 - 0x00007fffe3668000 	C:\WINDOWS\System32\KERNELBASE.dll
0x00007fffe3040000 - 0x00007fffe3140000 	C:\WINDOWS\System32\ucrtbase.dll
0x00007fffdbb90000 - 0x00007fffdbba8000 	C:\Program Files\Java\jdk-18.0.1\bin\jli.dll
0x00007fffdbaf0000 - 0x00007fffdbb0a000 	C:\Program Files\Java\jdk-18.0.1\bin\VCRUNTIME140.dll
0x00007fffe4600000 - 0x00007fffe46ae000 	C:\WINDOWS\System32\ADVAPI32.dll
0x00007fffe5630000 - 0x00007fffe56ce000 	C:\WINDOWS\System32\msvcrt.dll
0x00007fffe4560000 - 0x00007fffe45fc000 	C:\WINDOWS\System32\sechost.dll
0x00007fffe51a0000 - 0x00007fffe52c5000 	C:\WINDOWS\System32\RPCRT4.dll
0x00007fffe3cf0000 - 0x00007fffe3e90000 	C:\WINDOWS\System32\USER32.dll
0x00007fffe32a0000 - 0x00007fffe32c2000 	C:\WINDOWS\System32\win32u.dll
0x00007fffe5520000 - 0x00007fffe554a000 	C:\WINDOWS\System32\GDI32.dll
0x00007fffe3190000 - 0x00007fffe329b000 	C:\WINDOWS\System32\gdi32full.dll
0x00007fffe3300000 - 0x00007fffe339d000 	C:\WINDOWS\System32\msvcp_win.dll
0x00007fffd31e0000 - 0x00007fffd347a000 	C:\WINDOWS\WinSxS\amd64_microsoft.windows.common-controls_6595b64144ccf1df_6.0.19041.1110_none_60b5254171f9507e\COMCTL32.dll
0x00007fffd57e0000 - 0x00007fffd57ea000 	C:\WINDOWS\SYSTEM32\VERSION.dll
0x00007fffe47c0000 - 0x00007fffe47f0000 	C:\WINDOWS\System32\IMM32.DLL
0x00007fffe01d0000 - 0x00007fffe01dc000 	C:\Program Files\Java\jdk-18.0.1\bin\vcruntime140_1.dll
0x00007fffd28f0000 - 0x00007fffd297d000 	C:\Program Files\Java\jdk-18.0.1\bin\msvcp140.dll
0x00007fffb2350000 - 0x00007fffb2f60000 	C:\Program Files\Java\jdk-18.0.1\bin\server\jvm.dll
0x00007fffe44f0000 - 0x00007fffe44f8000 	C:\WINDOWS\System32\PSAPI.DLL
0x00007fffdebc0000 - 0x00007fffdebc9000 	C:\WINDOWS\SYSTEM32\WSOCK32.dll
0x00007fffe54b0000 - 0x00007fffe551b000 	C:\WINDOWS\System32\WS2_32.dll
0x00007fffd4a70000 - 0x00007fffd4a97000 	C:\WINDOWS\SYSTEM32\WINMM.dll
0x00007fffe0db0000 - 0x00007fffe0dc2000 	C:\WINDOWS\SYSTEM32\kernel.appcore.dll
0x00007fffdd4a0000 - 0x00007fffdd4aa000 	C:\Program Files\Java\jdk-18.0.1\bin\jimage.dll
0x00007fffd1670000 - 0x00007fffd1854000 	C:\WINDOWS\SYSTEM32\DBGHELP.DLL
0x00007fffd1640000 - 0x00007fffd166c000 	C:\WINDOWS\SYSTEM32\dbgcore.DLL
0x00007fffe2e90000 - 0x00007fffe2f12000 	C:\WINDOWS\System32\bcryptPrimitives.dll
0x00007fffdbae0000 - 0x00007fffdbaee000 	C:\Program Files\Java\jdk-18.0.1\bin\instrument.dll
0x00007fffda5e0000 - 0x00007fffda605000 	C:\Program Files\Java\jdk-18.0.1\bin\java.dll
0x00007fffc30c0000 - 0x00007fffc3196000 	C:\Program Files\Java\jdk-18.0.1\bin\jsvml.dll
0x00007fffe47f0000 - 0x00007fffe4f34000 	C:\WINDOWS\System32\SHELL32.dll
0x00007fffe0fb0000 - 0x00007fffe1744000 	C:\WINDOWS\SYSTEM32\windows.storage.dll
0x00007fffe3e90000 - 0x00007fffe41e4000 	C:\WINDOWS\System32\combase.dll
0x00007fffe2830000 - 0x00007fffe285c000 	C:\WINDOWS\SYSTEM32\Wldp.dll
0x00007fffe37d0000 - 0x00007fffe387d000 	C:\WINDOWS\System32\SHCORE.dll
0x00007fffe4500000 - 0x00007fffe4555000 	C:\WINDOWS\System32\shlwapi.dll
0x00007fffe2dd0000 - 0x00007fffe2def000 	C:\WINDOWS\SYSTEM32\profapi.dll
0x00007fffd7050000 - 0x00007fffd7068000 	C:\Program Files\Java\jdk-18.0.1\bin\zip.dll
0x00007fffd7bd0000 - 0x00007fffd7be3000 	C:\Program Files\Java\jdk-18.0.1\bin\net.dll
0x00007fffd7db0000 - 0x00007fffd7eba000 	C:\WINDOWS\SYSTEM32\WINHTTP.dll
0x00007fffe2590000 - 0x00007fffe25fa000 	C:\WINDOWS\system32\mswsock.dll
0x00007fffd7b90000 - 0x00007fffd7ba6000 	C:\Program Files\Java\jdk-18.0.1\bin\nio.dll
0x00007fffd6ff0000 - 0x00007fffd700a000 	C:\Program Files\JetBrains\IntelliJ IDEA 2022.1\bin\breakgen64.dll
0x00007fffd93b0000 - 0x00007fffd93c0000 	C:\Program Files\Java\jdk-18.0.1\bin\verify.dll
0x00007fffd8890000 - 0x00007fffd8899000 	C:\Program Files\Java\jdk-18.0.1\bin\management.dll
0x00007fffd7bc0000 - 0x00007fffd7bcb000 	C:\Program Files\Java\jdk-18.0.1\bin\management_ext.dll
0x00007fffcd2e0000 - 0x00007fffcd2f7000 	C:\WINDOWS\system32\napinsp.dll
0x00007fffccc20000 - 0x00007fffccc3b000 	C:\WINDOWS\system32\pnrpnsp.dll
0x00007fffc8730000 - 0x00007fffc8745000 	C:\WINDOWS\system32\wshbth.dll
0x00007fffde6a0000 - 0x00007fffde6bd000 	C:\WINDOWS\system32\NLAapi.dll
0x00007fffe2280000 - 0x00007fffe22bb000 	C:\WINDOWS\SYSTEM32\IPHLPAPI.DLL
0x00007fffe22c0000 - 0x00007fffe238b000 	C:\WINDOWS\SYSTEM32\DNSAPI.dll
0x00007fffe4350000 - 0x00007fffe4358000 	C:\WINDOWS\System32\NSI.dll
0x00007fffcae70000 - 0x00007fffcae82000 	C:\WINDOWS\System32\winrnr.dll
0x00007fffd6860000 - 0x00007fffd686a000 	C:\Windows\System32\rasadhlp.dll
0x00007fffd6c60000 - 0x00007fffd6cdf000 	C:\WINDOWS\System32\fwpuclnt.dll
0x00007fffe32d0000 - 0x00007fffe32f7000 	C:\WINDOWS\System32\bcrypt.dll
0x00007fffe2790000 - 0x00007fffe27a8000 	C:\WINDOWS\SYSTEM32\CRYPTSP.dll
0x00007fffe1f10000 - 0x00007fffe1f44000 	C:\WINDOWS\system32\rsaenh.dll
0x00007fffe2d90000 - 0x00007fffe2dbe000 	C:\WINDOWS\SYSTEM32\USERENV.dll
0x00007fffe2780000 - 0x00007fffe278c000 	C:\WINDOWS\SYSTEM32\CRYPTBASE.dll
0x00007fffdd070000 - 0x00007fffdd087000 	C:\WINDOWS\SYSTEM32\dhcpcsvc6.DLL
0x00007fffdd790000 - 0x00007fffdd7ad000 	C:\WINDOWS\SYSTEM32\dhcpcsvc.DLL
0x00007fffd6fe0000 - 0x00007fffd6fee000 	C:\Program Files\Java\jdk-18.0.1\bin\sunmscapi.dll
0x00007fffe3670000 - 0x00007fffe37c6000 	C:\WINDOWS\System32\CRYPT32.dll
0x00007fffe28a0000 - 0x00007fffe28c7000 	C:\WINDOWS\SYSTEM32\ncrypt.dll
0x00007fffe2860000 - 0x00007fffe289b000 	C:\WINDOWS\SYSTEM32\NTASN1.dll

dbghelp: loaded successfully - version: 4.0.5 - missing functions: none
symbol engine: initialized successfully - sym options: 0x614 - pdb path: .;C:\Program Files\Java\jdk-18.0.1\bin;C:\WINDOWS\SYSTEM32;C:\WINDOWS\WinSxS\amd64_microsoft.windows.common-controls_6595b64144ccf1df_6.0.19041.1110_none_60b5254171f9507e;C:\Program Files\Java\jdk-18.0.1\bin\server;C:\Program Files\JetBrains\IntelliJ IDEA 2022.1\bin

VM Arguments:
jvm_args: -javaagent:C:\Program Files\JetBrains\IntelliJ IDEA 2022.1\lib\idea_rt.jar=55775:C:\Program Files\JetBrains\IntelliJ IDEA 2022.1\bin -Dfile.encoding=UTF-8 
java_command: com.training.rest.webservices.restfulwebservices.RestfulWebServicesApplication
java_class_path (initial): C:\Users\nikkie\IdeaProjects\restful-web-services\target\classes;C:\Users\nikkie\.m2\repository\org\springframework\boot\spring-boot-starter-data-jpa\2.6.7\spring-boot-starter-data-jpa-2.6.7.jar;C:\Users\nikkie\.m2\repository\org\springframework\boot\spring-boot-starter-aop\2.6.7\spring-boot-starter-aop-2.6.7.jar;C:\Users\nikkie\.m2\repository\org\springframework\spring-aop\5.3.19\spring-aop-5.3.19.jar;C:\Users\nikkie\.m2\repository\org\aspectj\aspectjweaver\1.9.7\aspectjweaver-1.9.7.jar;C:\Users\nikkie\.m2\repository\org\springframework\boot\spring-boot-starter-jdbc\2.6.7\spring-boot-starter-jdbc-2.6.7.jar;C:\Users\nikkie\.m2\repository\com\zaxxer\HikariCP\4.0.3\HikariCP-4.0.3.jar;C:\Users\nikkie\.m2\repository\org\springframework\spring-jdbc\5.3.19\spring-jdbc-5.3.19.jar;C:\Users\nikkie\.m2\repository\jakarta\transaction\jakarta.transaction-api\1.3.3\jakarta.transaction-api-1.3.3.jar;C:\Users\nikkie\.m2\repository\jakarta\persistence\jakarta.persistence-api\2.2.3\jakarta.persistence-api-2.2.3.jar;C:\Users\nikkie\.m2\repository\org\hibernate\hibernate-core\5.6.8.Final\hibernate-core-5.6.8.Final.jar;C:\Users\nikkie\.m2\repository\org\jboss\logging\jboss-logging\3.4.3.Final\jboss-logging-3.4.3.Final.jar;C:\Users\nikkie\.m2\repository\net\bytebuddy\byte-buddy\1.11.22\byte-buddy-1.11.22.jar;C:\Users\nikkie\.m2\repository\antlr\antlr\2.7.7\antlr-2.7.7.jar;C:\Users\nikkie\.m2\repository\org\jboss\jandex\2.4.2.Final\jandex-2.4.2.Final.jar;C:\Users\nikkie\.m2\repository\com\fasterxml\classmate\1.5.1\classmate-1.5.1.jar;C:\Users\nikkie\.m2\repository\org\hibernate\common\hibernate-commons-annotations\5.1.2.Final\hibernate-commons-annotations-5.1.2.Final.jar;C:\Users\nikkie\.m2\repository\org\glassfish\jaxb\jaxb-runtime\2.3.6\jaxb-runtime-2.3.6.jar;C:\Users\nikkie\.m2\repository\org\glassfish\jaxb\txw2\2.3.6\txw2-2.3.6.jar;C:\Users\nikkie\.m2\repository\com\sun\istack\istack-commons-runtime\3.0.12\istack-commons-runtime-3.0.12.jar;C:\Users\nikkie\.m2\repository\com\sun\activation\jakarta.activation\1.2.2\jakarta.activation-1.2.2.jar;C:\Users\nikkie\.m2\repository\org\springframework\data\spring-data-jpa\2.6.4\spring-data-jpa-2.6.4.jar;C:\Users\nikkie\.m2\repository\org\springframework\data\spring-data-commons\2.6.4\spring-data-commons-2.6.4.jar;C:\Users\nikkie\.m2\repository\org\springframework\spring-orm\5.3.19\spring-orm-5.3.19.jar;C:\Users\nikkie\.m2\repository\org\springframework\spring-context\5.3.19\spring-context-5.3.19.jar;C:\Users\nikkie\.m2\repository\org\springframework\spring-tx\5.3.19\spring-tx-5.3.19.jar;C:\Users\nikkie\.m2\repository\org\springframework\spring-beans\5.3.19\spring-beans-5.3.19.jar;C:\Users\nikkie\.m2\repository\org\springframework\spring-aspects\5.3.19\spring-aspects-5.3.19.jar;C:\Users\nikkie\.m2\repository\com\h2database\h2\1.4.200\h2-1.4.200.jar;C:\Users\nikkie\.m2\repository\org\springframework\boot\spring-boot-starter-web\2.6.7\spring-boot-starter-web-2.6.7.jar;C:\Users\nikkie\.m2\repository\org\springframework\boot\spring-boot-starter\2.6.7\spring-boot-starter-2.6.7.jar;C:\Users\nikkie\.m2\repository\org\springframework\boot\spring-boot-starter-logging\2.6.7\spring-boot-starter-logging-2.6.7.jar;C:\Users\nikkie\.m2\repository\ch\qos\logback\logback-classic\1.2.11\logback-classic-1.2.11.jar;C:\Users\nikkie\.m2\repository\ch\qos\logback\logback-core\1.2.11\logback-core-1.2.11.jar;C:\Users\nikkie\.m2\repository\org\apache\logging\log4j\log4j-to-slf4j\2.17.2\log4j-to-slf4j-2.17.2.jar;C:\Users\nikkie\.m2\repository\org\apache\logging\log4j\log4j-api\2.17.2\log4j-api-2.17.2.jar;C:\Users\nikkie\.m2\repository\org\slf4j\jul-to-slf4j\1.7.36\jul-to-slf4j-1.7.36.jar;C:\Users\nikkie\.m2\repository\jakarta\annotation\jakarta.annotation-api\1.3.5\jakarta.annotation-api-1.3.5.jar;C:\Users\nikkie\.m2\repository\org\yaml\snakeyaml\1.29\snakeyaml-1.29.jar;C:\Users\nikkie\.m2\repository\org\springframework\boot\spring-boot-starter-json\2.6.7\spring-boot-starter-json-2.6.7.jar;C:\Users\nikkie\.m2\repository\com\fasterxml\jackson\core\jackson-databind\2.13.2.1\jackson-databind-2.13.2.1.jar;C:\Users\nikkie\.m2\repository\com\fasterxml\jackson\datatype\jackson-datatype-jdk8\2.13.2\jackson-datatype-jdk8-2.13.2.jar;C:\Users\nikkie\.m2\repository\com\fasterxml\jackson\datatype\jackson-datatype-jsr310\2.13.2\jackson-datatype-jsr310-2.13.2.jar;C:\Users\nikkie\.m2\repository\com\fasterxml\jackson\module\jackson-module-parameter-names\2.13.2\jackson-module-parameter-names-2.13.2.jar;C:\Users\nikkie\.m2\repository\org\springframework\boot\spring-boot-starter-tomcat\2.6.7\spring-boot-starter-tomcat-2.6.7.jar;C:\Users\nikkie\.m2\repository\org\apache\tomcat\embed\tomcat-embed-core\9.0.62\tomcat-embed-core-9.0.62.jar;C:\Users\nikkie\.m2\repository\org\apache\tomcat\embed\tomcat-embed-websocket\9.0.62\tomcat-embed-websocket-9.0.62.jar;C:\Users\nikkie\.m2\repository\org\springframework\spring-web\5.3.19\spring-web-5.3.19.jar;C:\Users\nikkie\.m2\repository\org\springframework\spring-webmvc\5.3.19\spring-webmvc-5.3.19.jar;C:\Users\nikkie\.m2\repository\org\springframework\spring-expression\5.3.19\spring-expression-5.3.19.jar;C:\Users\nikkie\.m2\repository\org\springframework\boot\spring-boot-starter-validation\2.6.7\spring-boot-starter-validation-2.6.7.jar;C:\Users\nikkie\.m2\repository\org\apache\tomcat\embed\tomcat-embed-el\9.0.62\tomcat-embed-el-9.0.62.jar;C:\Users\nikkie\.m2\repository\org\hibernate\validator\hibernate-validator\6.2.3.Final\hibernate-validator-6.2.3.Final.jar;C:\Users\nikkie\.m2\repository\jakarta\validation\jakarta.validation-api\2.0.2\jakarta.validation-api-2.0.2.jar;C:\Users\nikkie\.m2\repository\org\springframework\boot\spring-boot-starter-hateoas\2.6.7\spring-boot-starter-hateoas-2.6.7.jar;C:\Users\nikkie\.m2\repository\org\springframework\hateoas\spring-hateoas\1.4.2\spring-hateoas-1.4.2.jar;C:\Users\nikkie\.m2\repository\org\springframework\plugin\spring-plugin-core\2.0.0.RELEASE\spring-plugin-core-2.0.0.RELEASE.jar;C:\Users\nikkie\.m2\repository\org\springframework\boot\spring-boot-starter-actuator\2.6.7\spring-boot-starter-actuator-2.6.7.jar;C:\Users\nikkie\.m2\repository\org\springframework\boot\spring-boot-actuator-autoconfigure\2.6.7\spring-boot-actuator-autoconfigure-2.6.7.jar;C:\Users\nikkie\.m2\repository\org\springframework\boot\spring-boot-actuator\2.6.7\spring-boot-actuator-2.6.7.jar;C:\Users\nikkie\.m2\repository\io\micrometer\micrometer-core\1.8.5\micrometer-core-1.8.5.jar;C:\Users\nikkie\.m2\repository\org\hdrhistogram\HdrHistogram\2.1.12\HdrHistogram-2.1.12.jar;C:\Users\nikkie\.m2\repository\org\latencyutils\LatencyUtils\2.0.3\LatencyUtils-2.0.3.jar;C:\Users\nikkie\.m2\repository\org\springframework\data\spring-data-rest-hal-explorer\3.6.4\spring-data-rest-hal-explorer-3.6.4.jar;C:\Users\nikkie\.m2\repository\org\springframework\data\spring-data-rest-webmvc\3.6.4\spring-data-rest-webmvc-3.6.4.jar;C:\Users\nikkie\.m2\repository\org\springframework\data\spring-data-rest-core\3.6.4\spring-data-rest-core-3.6.4.jar;C:\Users\nikkie\.m2\repository\org\atteo\evo-inflector\1.3\evo-inflector-1.3.jar;C:\Users\nikkie\.m2\repository\com\fasterxml\jackson\core\jackson-annotations\2.13.2\jackson-annotations-2.13.2.jar;C:\Users\nikkie\.m2\repository\org\slf4j\slf4j-api\1.7.36\slf4j-api-1.7.36.jar;C:\Users\nikkie\.m2\repository\org\springdoc\springdoc-openapi-ui\1.6.8\springdoc-openapi-ui-1.6.8.jar;C:\Users\nikkie\.m2\repository\org\springdoc\springdoc-openapi-webmvc-core\1.6.8\springdoc-openapi-webmvc-core-1.6.8.jar;C:\Users\nikkie\.m2\repository\org\springdoc\springdoc-openapi-common\1.6.8\springdoc-openapi-common-1.6.8.jar;C:\Users\nikkie\.m2\repository\io\swagger\core\v3\swagger-core\2.2.0\swagger-core-2.2.0.jar;C:\Users\nikkie\.m2\repository\org\apache\commons\commons-lang3\3.12.0\commons-lang3-3.12.0.jar;C:\Users\nikkie\.m2\repository\com\fasterxml\jackson\dataformat\jackson-dataformat-yaml\2.13.2\jackson-dataformat-yaml-2.13.2.jar;C:\Users\nikkie\.m2\repository\io\swagger\core\v3\swagger-annotations\2.2.0\swagger-annotations-2.2.0.jar;C:\Users\nikkie\.m2\repository\io\swagger\core\v3\swagger-models\2.2.0\swagger-models-2.2.0.jar;C:\Users\nikkie\.m2\repository\org\webjars\swagger-ui\4.10.3\swagger-ui-4.10.3.jar;C:\Users\nikkie\.m2\repository\org\webjars\webjars-locator-core\0.48\webjars-locator-core-0.48.jar;C:\Users\nikkie\.m2\repository\com\fasterxml\jackson\core\jackson-core\2.13.2\jackson-core-2.13.2.jar;C:\Users\nikkie\.m2\repository\io\github\classgraph\classgraph\4.8.143\classgraph-4.8.143.jar;C:\Users\nikkie\.m2\repository\org\springframework\boot\spring-boot-devtools\2.6.7\spring-boot-devtools-2.6.7.jar;C:\Users\nikkie\.m2\repository\org\springframework\boot\spring-boot\2.6.7\spring-boot-2.6.7.jar;C:\Users\nikkie\.m2\repository\org\springframework\boot\spring-boot-autoconfigure\2.6.7\spring-boot-autoconfigure-2.6.7.jar;C:\Users\nikkie\.m2\repository\com\jayway\jsonpath\json-path\2.6.0\json-path-2.6.0.jar;C:\Users\nikkie\.m2\repository\net\minidev\json-smart\2.4.8\json-smart-2.4.8.jar;C:\Users\nikkie\.m2\repository\net\minidev\accessors-smart\2.4.8\accessors-smart-2.4.8.jar;C:\Users\nikkie\.m2\repository\org\ow2\asm\asm\9.1\asm-9.1.jar;C:\Users\nikkie\.m2\repository\jakarta\xml\bind\jakarta.xml.bind-api\2.3.3\jakarta.xml.bind-api-2.3.3.jar;C:\Users\nikkie\.m2\repository\jakarta\activation\jakarta.activation-api\1.2.2\jakarta.activation-api-1.2.2.jar;C:\Users\nikkie\.m2\repository\org\springframework\spring-core\5.3.19\spring-core-5.3.19.jar;C:\Users\nikkie\.m2\repository\org\springframework\spring-jcl\5.3.19\spring-jcl-5.3.19.jar
Launcher Type: SUN_STANDARD

[Global flags]
     intx CICompilerCount                          = 3                                         {product} {ergonomic}
     uint ConcGCThreads                            = 1                                         {product} {ergonomic}
     uint G1ConcRefinementThreads                  = 4                                         {product} {ergonomic}
   size_t G1HeapRegionSize                         = 1048576                                   {product} {ergonomic}
    uintx GCDrainStackTargetSize                   = 64                                        {product} {ergonomic}
   size_t InitialHeapSize                          = 134217728                                 {product} {ergonomic}
   size_t MarkStackSize                            = 4194304                                   {product} {ergonomic}
   size_t MaxHeapSize                              = 2116026368                                {product} {ergonomic}
   size_t MaxNewSize                               = 1268776960                                {product} {ergonomic}
   size_t MinHeapDeltaBytes                        = 1048576                                   {product} {ergonomic}
   size_t MinHeapSize                              = 8388608                                   {product} {ergonomic}
    uintx NonNMethodCodeHeapSize                   = 5832780                                {pd product} {ergonomic}
    uintx NonProfiledCodeHeapSize                  = 122912730                              {pd product} {ergonomic}
    uintx ProfiledCodeHeapSize                     = 122912730                              {pd product} {ergonomic}
    uintx ReservedCodeCacheSize                    = 251658240                              {pd product} {ergonomic}
     bool SegmentedCodeCache                       = true                                      {product} {ergonomic}
   size_t SoftMaxHeapSize                          = 2116026368                             {manageable} {ergonomic}
     bool UseCompressedClassPointers               = true                           {product lp64_product} {ergonomic}
     bool UseCompressedOops                        = true                           {product lp64_product} {ergonomic}
     bool UseG1GC                                  = true                                      {product} {ergonomic}
     bool UseLargePagesIndividualAllocation        = false                                  {pd product} {ergonomic}

Logging:
Log output configuration:
 #0: stdout all=warning uptime,level,tags foldmultilines=false
 #1: stderr all=off uptime,level,tags foldmultilines=false

Environment Variables:
JAVA_HOME=C:\Program Files\Java\jdk-18.0.1
PATH=E:\maven\apache-maven-3.8.5\bin;C:\Gradle\gradle-7.4.2\bin;C:\Users\nikkie\AppData\Local\Microsoft\WindowsApps;C:\Users\nikkie\AppData\Local\atom\bin;C:\Users\nikkie\AppData\Local\Microsoft\WindowsApps;C:\Users\nikkie\AppData\Local\Programs\Microsoft VS Code\bin;C:\Program Files\Azure Data Studio\bin;C:\Users\nikkie\AppData\Local\GitHubDesktop\bin;C:\Users\nikkie\AppData\Roaming\npm;C:\Program Files\JetBrains\IntelliJ IDEA Community Edition 2022.1\bin;
USERNAME=nikkie
OS=Windows_NT
PROCESSOR_IDENTIFIER=Intel64 Family 6 Model 58 Stepping 9, GenuineIntel



---------------  S Y S T E M  ---------------

OS:
 Windows 10 , 64 bit Build 19041 (10.0.19041.1566)
OS uptime: 10 days 2:32 hours

CPU: total 4 (initial active 4) (2 cores per cpu, 2 threads per core) family 6 model 58 stepping 9 microcode 0x21, cx8, cmov, fxsr, ht, mmx, sse, sse2, sse3, ssse3, sse4.1, sse4.2, popcnt, tsc, tscinvbit, avx, aes, erms, clmul, vzeroupper, clflush

Memory: 4k page, system-wide physical 8067M (1148M free)
TotalPageFile size 18307M (AvailPageFile size 89M)
current process WorkingSet (physical memory assigned to process): 373M, peak: 373M
current process commit charge ("private bytes"): 513M, peak: 519M

vm_info: Java HotSpot(TM) 64-Bit Server VM (18.0.1+10-24) for windows-amd64 JRE (18.0.1+10-24), built on Mar  9 2022 22:41:56 by "mach5one" with MS VC++ 16.8 / 16.9 (VS2019)

END.
