#
# There is insufficient memory for the Java Runtime Environment to continue.
# Native memory allocation (malloc) failed to allocate 1244160 bytes for Chunk::new
# Possible reasons:
#   The system is out of physical RAM or swap space
#   The process is running with CompressedOops enabled, and the Java Heap may be blocking the growth of the native heap
# Possible solutions:
#   Reduce memory load on the system
#   Increase physical memory or swap space
#   Check if swap backing store is full
#   Decrease Java heap size (-Xmx/-Xms)
#   Decrease number of Java threads
#   Decrease Java thread stack sizes (-Xss)
#   Set larger code cache with -XX:ReservedCodeCacheSize=
#   JVM is running with Unscaled Compressed Oops mode in which the Java heap is
#     placed in the first 4GB address space. The Java Heap base address is the
#     maximum limit for the native heap growth. Please use -XX:HeapBaseMinAddress
#     to set the Java Heap base and to place the Java Heap above 4GB virtual address.
# This output file may be truncated or incomplete.
#
#  Out of Memory Error (arena.cpp:184), pid=428, tid=11220
#
# JRE version: Java(TM) SE Runtime Environment (18.0.1+10) (build 18.0.1+10-24)
# Java VM: Java HotSpot(TM) 64-Bit Server VM (18.0.1+10-24, mixed mode, sharing, tiered, compressed oops, compressed class ptrs, g1 gc, windows-amd64)
# No core dump will be written. Minidumps are not enabled by default on client versions of Windows
#

---------------  S U M M A R Y ------------

Command Line: -javaagent:C:\Program Files\JetBrains\IntelliJ IDEA 2022.1\lib\idea_rt.jar=55987:C:\Program Files\JetBrains\IntelliJ IDEA 2022.1\bin -Dfile.encoding=UTF-8 com.training.rest.webservices.restfulwebservices.RestfulWebServicesApplication

Host: Intel(R) Core(TM) i5-3210M CPU @ 2.50GHz, 4 cores, 7G,  Windows 10 , 64 bit Build 19041 (10.0.19041.1566)
Time: Tue May  3 01:44:23 2022 India Standard Time elapsed time: 75.914500 seconds (0d 0h 1m 15s)

---------------  T H R E A D  ---------------

Current thread (0x000001edad1bfbc0):  JavaThread "C2 CompilerThread0" daemon [_thread_in_native, id=11220, stack(0x000000a2ce400000,0x000000a2ce500000)]


Current CompileTask:
C2:  75914 7474       4       jdk.internal.org.objectweb.asm.MethodWriter::computeAllFrames (510 bytes)

Stack: [0x000000a2ce400000,0x000000a2ce500000]
Native frames: (J=compiled Java code, j=interpreted, Vv=VM code, C=native code)
V  [jvm.dll+0x69887a]
V  [jvm.dll+0x7f38bd]
V  [jvm.dll+0x7f51ce]
V  [jvm.dll+0x7f5883]
V  [jvm.dll+0x25ca3f]
V  [jvm.dll+0xb8c2f]
V  [jvm.dll+0xb8fa5]
V  [jvm.dll+0x385a6b]
V  [jvm.dll+0x34f811]
V  [jvm.dll+0x34ecaa]
V  [jvm.dll+0x22fc21]
V  [jvm.dll+0x22eff1]
V  [jvm.dll+0x1b9cfc]
V  [jvm.dll+0x23e8ca]
V  [jvm.dll+0x23cbb5]
V  [jvm.dll+0x7a5fb1]
V  [jvm.dll+0x7a03ea]
V  [jvm.dll+0x697725]
C  [ucrtbase.dll+0x21bb2]
C  [KERNEL32.DLL+0x17034]
C  [ntdll.dll+0x52651]


---------------  P R O C E S S  ---------------

Threads class SMR info:
_java_thread_list=0x000001edb51d0150, length=31, elements={
0x000001edad1978d0, 0x000001edad198530, 0x000001edad1b50c0, 0x000001edad1b5a60,
0x000001edad1b6400, 0x000001edad1b6ee0, 0x000001edad1bfbc0, 0x000001edad1c4d30,
0x000001edad1d9030, 0x000001edb1421780, 0x000001edb19435b0, 0x000001edb1943a70,
0x000001edb2f68d30, 0x000001edb2f696d0, 0x000001edb2f69ba0, 0x000001edb3719100,
0x000001edb371ade0, 0x000001edb3719aa0, 0x000001edb37178f0, 0x000001edb371b2b0,
0x000001edb3718290, 0x000001edb3714400, 0x000001edb37148d0, 0x000001edb3717dc0,
0x000001edb3715270, 0x000001edb3714da0, 0x000001edb3715740, 0x000001edb3719f70,
0x000001edb37160e0, 0x000001edb3718760, 0x000001edb371a440
}

Java Threads: ( => current thread )
  0x000001edad1978d0 JavaThread "Reference Handler" daemon [_thread_blocked, id=11672, stack(0x000000a2cde00000,0x000000a2cdf00000)]
  0x000001edad198530 JavaThread "Finalizer" daemon [_thread_blocked, id=15972, stack(0x000000a2cdf00000,0x000000a2ce000000)]
  0x000001edad1b50c0 JavaThread "Signal Dispatcher" daemon [_thread_blocked, id=12772, stack(0x000000a2ce000000,0x000000a2ce100000)]
  0x000001edad1b5a60 JavaThread "Attach Listener" daemon [_thread_blocked, id=17352, stack(0x000000a2ce100000,0x000000a2ce200000)]
  0x000001edad1b6400 JavaThread "Service Thread" daemon [_thread_blocked, id=5012, stack(0x000000a2ce200000,0x000000a2ce300000)]
  0x000001edad1b6ee0 JavaThread "Monitor Deflation Thread" daemon [_thread_blocked, id=18080, stack(0x000000a2ce300000,0x000000a2ce400000)]
=>0x000001edad1bfbc0 JavaThread "C2 CompilerThread0" daemon [_thread_in_native, id=11220, stack(0x000000a2ce400000,0x000000a2ce500000)]
  0x000001edad1c4d30 JavaThread "C1 CompilerThread0" daemon [_thread_blocked, id=11428, stack(0x000000a2ce500000,0x000000a2ce600000)]
  0x000001edad1d9030 JavaThread "Sweeper thread" daemon [_thread_blocked, id=7708, stack(0x000000a2ce600000,0x000000a2ce700000)]
  0x000001edb1421780 JavaThread "Common-Cleaner" daemon [_thread_blocked, id=2208, stack(0x000000a2ce700000,0x000000a2ce800000)]
  0x000001edb19435b0 JavaThread "Monitor Ctrl-Break" daemon [_thread_in_native, id=18204, stack(0x000000a2ce800000,0x000000a2ce900000)]
  0x000001edb1943a70 JavaThread "Notification Thread" daemon [_thread_blocked, id=9836, stack(0x000000a2ce900000,0x000000a2cea00000)]
  0x000001edb2f68d30 JavaThread "HikariPool-1 housekeeper" daemon [_thread_blocked, id=5712, stack(0x000000a2cf300000,0x000000a2cf400000)]
  0x000001edb2f696d0 JavaThread "Catalina-utility-1" [_thread_blocked, id=6980, stack(0x000000a2cf500000,0x000000a2cf600000)]
  0x000001edb2f69ba0 JavaThread "Catalina-utility-2" [_thread_blocked, id=12892, stack(0x000000a2cf600000,0x000000a2cf700000)]
  0x000001edb3719100 JavaThread "container-0" [_thread_blocked, id=3116, stack(0x000000a2cf700000,0x000000a2cf800000)]
  0x000001edb371ade0 JavaThread "File Watcher" daemon [_thread_blocked, id=7936, stack(0x000000a2ceb00000,0x000000a2cec00000)]
  0x000001edb3719aa0 JavaThread "Live Reload Server" daemon [_thread_in_native, id=6620, stack(0x000000a2cf800000,0x000000a2cf900000)]
  0x000001edb37178f0 JavaThread "http-nio-8080-exec-1" daemon [_thread_blocked, id=14796, stack(0x000000a2cf900000,0x000000a2cfa00000)]
  0x000001edb371b2b0 JavaThread "http-nio-8080-exec-2" daemon [_thread_blocked, id=10960, stack(0x000000a2cfa00000,0x000000a2cfb00000)]
  0x000001edb3718290 JavaThread "http-nio-8080-exec-3" daemon [_thread_blocked, id=1392, stack(0x000000a2cfb00000,0x000000a2cfc00000)]
  0x000001edb3714400 JavaThread "http-nio-8080-exec-4" daemon [_thread_blocked, id=17196, stack(0x000000a2cfc00000,0x000000a2cfd00000)]
  0x000001edb37148d0 JavaThread "http-nio-8080-exec-5" daemon [_thread_blocked, id=1536, stack(0x000000a2cfd00000,0x000000a2cfe00000)]
  0x000001edb3717dc0 JavaThread "http-nio-8080-exec-6" daemon [_thread_blocked, id=7964, stack(0x000000a2cfe00000,0x000000a2cff00000)]
  0x000001edb3715270 JavaThread "http-nio-8080-exec-7" daemon [_thread_blocked, id=2644, stack(0x000000a2cff00000,0x000000a2d0000000)]
  0x000001edb3714da0 JavaThread "http-nio-8080-exec-8" daemon [_thread_blocked, id=16256, stack(0x000000a2d0000000,0x000000a2d0100000)]
  0x000001edb3715740 JavaThread "http-nio-8080-exec-9" daemon [_thread_blocked, id=17908, stack(0x000000a2d0100000,0x000000a2d0200000)]
  0x000001edb3719f70 JavaThread "http-nio-8080-exec-10" daemon [_thread_blocked, id=9756, stack(0x000000a2d0200000,0x000000a2d0300000)]
  0x000001edb37160e0 JavaThread "http-nio-8080-Poller" daemon [_thread_in_native, id=4400, stack(0x000000a2d0300000,0x000000a2d0400000)]
  0x000001edb3718760 JavaThread "http-nio-8080-Acceptor" daemon [_thread_in_native, id=15872, stack(0x000000a2d0400000,0x000000a2d0500000)]
  0x000001edb371a440 JavaThread "DestroyJavaVM" [_thread_blocked, id=2696, stack(0x000000a2cd700000,0x000000a2cd800000)]

Other Threads:
  0x000001edad1938c0 VMThread "VM Thread" [stack: 0x000000a2cdd00000,0x000000a2cde00000] [id=9968]
  0x000001edb18d3730 WatcherThread "VM Periodic Task Thread" [stack: 0x000000a2cea00000,0x000000a2ceb00000] [id=14780]
  0x000001ed8f92d4a0 WorkerThread "GC Thread#0" [stack: 0x000000a2cd800000,0x000000a2cd900000] [id=12788]
  0x000001edb1a72e50 WorkerThread "GC Thread#1" [stack: 0x000000a2cec00000,0x000000a2ced00000] [id=15644]
  0x000001edb1a730f0 WorkerThread "GC Thread#2" [stack: 0x000000a2ced00000,0x000000a2cee00000] [id=2764]
  0x000001edb1afc180 WorkerThread "GC Thread#3" [stack: 0x000000a2cee00000,0x000000a2cef00000] [id=12028]
  0x000001ed8f93f020 ConcurrentGCThread "G1 Main Marker" [stack: 0x000000a2cd900000,0x000000a2cda00000] [id=4524]
  0x000001ed8f93fa10 WorkerThread "G1 Conc#0" [stack: 0x000000a2cda00000,0x000000a2cdb00000] [id=8512]
  0x000001ed8f9828a0 ConcurrentGCThread "G1 Refine#0" [stack: 0x000000a2cdb00000,0x000000a2cdc00000] [id=11532]
  0x000001edb1afbda0 ConcurrentGCThread "G1 Refine#1" [stack: 0x000000a2cef00000,0x000000a2cf000000] [id=7748]
  0x000001edb3c5c220 ConcurrentGCThread "G1 Refine#2" [stack: 0x000000a2cf200000,0x000000a2cf300000] [id=17256]
  0x000001ed8f9831b0 ConcurrentGCThread "G1 Service" [stack: 0x000000a2cdc00000,0x000000a2cdd00000] [id=5548]

Threads with active compile tasks:
C2 CompilerThread0    75951 7474       4       jdk.internal.org.objectweb.asm.MethodWriter::computeAllFrames (510 bytes)

VM state: not at safepoint (normal execution)

VM Mutex/Monitor currently owned by a thread: None

Heap address: 0x0000000081e00000, size: 2018 MB, Compressed Oops mode: 32-bit

CDS archive(s) mapped at: [0x0000000800000000-0x0000000800ba0000-0x0000000800ba0000), size 12189696, SharedBaseAddress: 0x0000000800000000, ArchiveRelocationMode: 0.
Compressed class space mapped at: 0x0000000800c00000-0x0000000840c00000, reserved size: 1073741824
Narrow klass base: 0x0000000800000000, Narrow klass shift: 0, Narrow klass range: 0x100000000

GC Precious Log:
 CardTable entry size: 512
 Card Set container configuration: InlinePtr #cards 5 size 8 Array Of Cards #cards 12 size 40 Howl #buckets 4 coarsen threshold 1843 Howl Bitmap #cards 512 size 80 coarsen threshold 460 Card regions per heap region 1 cards per card region 2048
 CPUs: 4 total, 4 available
 Memory: 8067M
 Large Page Support: Disabled
 NUMA Support: Disabled
 Compressed Oops: Enabled (32-bit)
 Heap Region Size: 1M
 Heap Min Capacity: 8M
 Heap Initial Capacity: 128M
 Heap Max Capacity: 2018M
 Pre-touch: Disabled
 Parallel Workers: 4
 Concurrent Workers: 1
 Concurrent Refinement Workers: 4
 Periodic GC: Disabled

Heap:
 garbage-first heap   total 225280K, used 120996K [0x0000000081e00000, 0x0000000100000000)
  region size 1024K, 70 young (71680K), 1 survivors (1024K)
 Metaspace       used 70396K, committed 71104K, reserved 1114112K
  class space    used 9196K, committed 9536K, reserved 1048576K

Heap Regions: E=young(eden), S=young(survivor), O=old, HS=humongous(starts), HC=humongous(continues), CS=collection set, F=free, OA=open archive, CA=closed archive, TAMS=top-at-mark-start (previous, next)
|   0|0x0000000081e00000, 0x0000000081f00000, 0x0000000081f00000|100%|HS|  |TAMS 0x0000000081f00000, 0x0000000081e00000| Complete 
|   1|0x0000000081f00000, 0x0000000082000000, 0x0000000082000000|100%| O|  |TAMS 0x0000000082000000, 0x0000000081f00000| Untracked 
|   2|0x0000000082000000, 0x0000000082100000, 0x0000000082100000|100%| O|  |TAMS 0x0000000082100000, 0x0000000082000000| Untracked 
|   3|0x0000000082100000, 0x0000000082200000, 0x0000000082200000|100%| O|  |TAMS 0x0000000082200000, 0x0000000082100000| Untracked 
|   4|0x0000000082200000, 0x0000000082300000, 0x0000000082300000|100%| O|  |TAMS 0x0000000082300000, 0x0000000082200000| Untracked 
|   5|0x0000000082300000, 0x0000000082400000, 0x0000000082400000|100%| O|  |TAMS 0x0000000082400000, 0x0000000082300000| Untracked 
|   6|0x0000000082400000, 0x0000000082500000, 0x0000000082500000|100%| O|  |TAMS 0x0000000082500000, 0x0000000082400000| Untracked 
|   7|0x0000000082500000, 0x0000000082600000, 0x0000000082600000|100%| O|  |TAMS 0x0000000082600000, 0x0000000082500000| Untracked 
|   8|0x0000000082600000, 0x0000000082700000, 0x0000000082700000|100%| O|  |TAMS 0x0000000082700000, 0x0000000082600000| Untracked 
|   9|0x0000000082700000, 0x0000000082800000, 0x0000000082800000|100%| O|  |TAMS 0x0000000082800000, 0x0000000082700000| Untracked 
|  10|0x0000000082800000, 0x0000000082900000, 0x0000000082900000|100%| O|  |TAMS 0x0000000082900000, 0x0000000082800000| Untracked 
|  11|0x0000000082900000, 0x0000000082a00000, 0x0000000082a00000|100%| O|  |TAMS 0x0000000082a00000, 0x0000000082900000| Untracked 
|  12|0x0000000082a00000, 0x0000000082b00000, 0x0000000082b00000|100%| O|  |TAMS 0x0000000082b00000, 0x0000000082a00000| Untracked 
|  13|0x0000000082b00000, 0x0000000082c00000, 0x0000000082c00000|100%| O|  |TAMS 0x0000000082c00000, 0x0000000082b00000| Untracked 
|  14|0x0000000082c00000, 0x0000000082d00000, 0x0000000082d00000|100%| O|  |TAMS 0x0000000082d00000, 0x0000000082c00000| Untracked 
|  15|0x0000000082d00000, 0x0000000082e00000, 0x0000000082e00000|100%| O|  |TAMS 0x0000000082e00000, 0x0000000082d00000| Untracked 
|  16|0x0000000082e00000, 0x0000000082f00000, 0x0000000082f00000|100%| O|  |TAMS 0x0000000082f00000, 0x0000000082e00000| Untracked 
|  17|0x0000000082f00000, 0x0000000083000000, 0x0000000083000000|100%| O|  |TAMS 0x0000000083000000, 0x0000000082f00000| Untracked 
|  18|0x0000000083000000, 0x0000000083100000, 0x0000000083100000|100%| O|  |TAMS 0x0000000083100000, 0x0000000083000000| Untracked 
|  19|0x0000000083100000, 0x0000000083200000, 0x0000000083200000|100%| O|  |TAMS 0x0000000083200000, 0x0000000083100000| Untracked 
|  20|0x0000000083200000, 0x0000000083300000, 0x0000000083300000|100%| O|  |TAMS 0x0000000083300000, 0x0000000083200000| Untracked 
|  21|0x0000000083300000, 0x0000000083400000, 0x0000000083400000|100%| O|  |TAMS 0x0000000083400000, 0x0000000083300000| Untracked 
|  22|0x0000000083400000, 0x0000000083500000, 0x0000000083500000|100%| O|  |TAMS 0x0000000083500000, 0x0000000083400000| Untracked 
|  23|0x0000000083500000, 0x0000000083600000, 0x0000000083600000|100%| O|  |TAMS 0x0000000083600000, 0x0000000083500000| Untracked 
|  24|0x0000000083600000, 0x0000000083700000, 0x0000000083700000|100%| O|  |TAMS 0x0000000083700000, 0x0000000083600000| Untracked 
|  25|0x0000000083700000, 0x0000000083800000, 0x0000000083800000|100%| O|  |TAMS 0x0000000083800000, 0x0000000083700000| Untracked 
|  26|0x0000000083800000, 0x0000000083900000, 0x0000000083900000|100%| O|  |TAMS 0x0000000083900000, 0x0000000083800000| Untracked 
|  27|0x0000000083900000, 0x0000000083a00000, 0x0000000083a00000|100%| O|  |TAMS 0x0000000083a00000, 0x0000000083900000| Untracked 
|  28|0x0000000083a00000, 0x0000000083b00000, 0x0000000083b00000|100%| O|  |TAMS 0x0000000083b00000, 0x0000000083a00000| Untracked 
|  29|0x0000000083b00000, 0x0000000083c00000, 0x0000000083c00000|100%| O|  |TAMS 0x0000000083c00000, 0x0000000083b00000| Untracked 
|  30|0x0000000083c00000, 0x0000000083d00000, 0x0000000083d00000|100%| O|  |TAMS 0x0000000083d00000, 0x0000000083c00000| Untracked 
|  31|0x0000000083d00000, 0x0000000083e00000, 0x0000000083e00000|100%| O|  |TAMS 0x0000000083e00000, 0x0000000083d00000| Untracked 
|  32|0x0000000083e00000, 0x0000000083f00000, 0x0000000083f00000|100%| O|  |TAMS 0x0000000083f00000, 0x0000000083e00000| Untracked 
|  33|0x0000000083f00000, 0x0000000084000000, 0x0000000084000000|100%| O|  |TAMS 0x0000000084000000, 0x0000000083f00000| Untracked 
|  34|0x0000000084000000, 0x0000000084100000, 0x0000000084100000|100%| O|  |TAMS 0x0000000084100000, 0x0000000084000000| Untracked 
|  35|0x0000000084100000, 0x0000000084129000, 0x0000000084200000| 16%| O|  |TAMS 0x0000000084100000, 0x0000000084100000| Untracked 
|  36|0x0000000084200000, 0x0000000084300000, 0x0000000084300000|100%| O|  |TAMS 0x0000000084300000, 0x0000000084200000| Untracked 
|  37|0x0000000084300000, 0x0000000084400000, 0x0000000084400000|100%| O|  |TAMS 0x0000000084400000, 0x0000000084300000| Untracked 
|  38|0x0000000084400000, 0x0000000084400000, 0x0000000084500000|  0%| F|  |TAMS 0x0000000084400000, 0x0000000084400000| Untracked 
|  39|0x0000000084500000, 0x0000000084600000, 0x0000000084600000|100%| O|  |TAMS 0x0000000084500000, 0x0000000084500000| Untracked 
|  40|0x0000000084600000, 0x0000000084700000, 0x0000000084700000|100%| O|  |TAMS 0x0000000084600000, 0x0000000084600000| Untracked 
|  41|0x0000000084700000, 0x0000000084800000, 0x0000000084800000|100%| O|  |TAMS 0x0000000084700000, 0x0000000084700000| Untracked 
|  42|0x0000000084800000, 0x0000000084800000, 0x0000000084900000|  0%| F|  |TAMS 0x0000000084800000, 0x0000000084800000| Untracked 
|  43|0x0000000084900000, 0x0000000084900000, 0x0000000084a00000|  0%| F|  |TAMS 0x0000000084900000, 0x0000000084900000| Untracked 
|  44|0x0000000084a00000, 0x0000000084a00000, 0x0000000084b00000|  0%| F|  |TAMS 0x0000000084a00000, 0x0000000084a00000| Untracked 
|  45|0x0000000084b00000, 0x0000000084b00000, 0x0000000084c00000|  0%| F|  |TAMS 0x0000000084b00000, 0x0000000084b00000| Untracked 
|  46|0x0000000084c00000, 0x0000000084d00000, 0x0000000084d00000|100%| O|  |TAMS 0x0000000084c00000, 0x0000000084c00000| Untracked 
|  47|0x0000000084d00000, 0x0000000084d00000, 0x0000000084e00000|  0%| F|  |TAMS 0x0000000084d00000, 0x0000000084d00000| Untracked 
|  48|0x0000000084e00000, 0x0000000084e00000, 0x0000000084f00000|  0%| F|  |TAMS 0x0000000084e00000, 0x0000000084e00000| Untracked 
|  49|0x0000000084f00000, 0x0000000084f00000, 0x0000000085000000|  0%| F|  |TAMS 0x0000000084f00000, 0x0000000084f00000| Untracked 
|  50|0x0000000085000000, 0x0000000085000000, 0x0000000085100000|  0%| F|  |TAMS 0x0000000085000000, 0x0000000085000000| Untracked 
|  51|0x0000000085100000, 0x0000000085200000, 0x0000000085200000|100%| O|  |TAMS 0x0000000085200000, 0x0000000085100000| Untracked 
|  52|0x0000000085200000, 0x0000000085300000, 0x0000000085300000|100%| O|  |TAMS 0x0000000085300000, 0x0000000085200000| Untracked 
|  53|0x0000000085300000, 0x0000000085400000, 0x0000000085400000|100%| O|  |TAMS 0x0000000085400000, 0x0000000085300000| Untracked 
|  54|0x0000000085400000, 0x0000000085400000, 0x0000000085500000|  0%| F|  |TAMS 0x0000000085400000, 0x0000000085400000| Untracked 
|  55|0x0000000085500000, 0x0000000085500000, 0x0000000085600000|  0%| F|  |TAMS 0x0000000085500000, 0x0000000085500000| Untracked 
|  56|0x0000000085600000, 0x0000000085700000, 0x0000000085700000|100%| O|  |TAMS 0x0000000085660c00, 0x0000000085600000| Untracked 
|  57|0x0000000085700000, 0x0000000085800000, 0x0000000085800000|100%| O|  |TAMS 0x0000000085700000, 0x0000000085700000| Untracked 
|  58|0x0000000085800000, 0x0000000085900000, 0x0000000085900000|100%| O|  |TAMS 0x0000000085800000, 0x0000000085800000| Untracked 
|  59|0x0000000085900000, 0x0000000085a00000, 0x0000000085a00000|100%| O|  |TAMS 0x0000000085900000, 0x0000000085900000| Untracked 
|  60|0x0000000085a00000, 0x0000000085b00000, 0x0000000085b00000|100%| O|  |TAMS 0x0000000085a00000, 0x0000000085a00000| Untracked 
|  61|0x0000000085b00000, 0x0000000085c00000, 0x0000000085c00000|100%| O|  |TAMS 0x0000000085b00000, 0x0000000085b00000| Untracked 
|  62|0x0000000085c00000, 0x0000000085c00000, 0x0000000085d00000|  0%| F|  |TAMS 0x0000000085c00000, 0x0000000085c00000| Untracked 
|  63|0x0000000085d00000, 0x0000000085d00000, 0x0000000085e00000|  0%| F|  |TAMS 0x0000000085d00000, 0x0000000085d00000| Untracked 
|  64|0x0000000085e00000, 0x0000000085e00000, 0x0000000085f00000|  0%| F|  |TAMS 0x0000000085e00000, 0x0000000085e00000| Untracked 
|  65|0x0000000085f00000, 0x0000000085f00000, 0x0000000086000000|  0%| F|  |TAMS 0x0000000085f00000, 0x0000000085f00000| Untracked 
|  66|0x0000000086000000, 0x0000000086000000, 0x0000000086100000|  0%| F|  |TAMS 0x0000000086000000, 0x0000000086000000| Untracked 
|  67|0x0000000086100000, 0x0000000086100000, 0x0000000086200000|  0%| F|  |TAMS 0x0000000086100000, 0x0000000086100000| Untracked 
|  68|0x0000000086200000, 0x0000000086200000, 0x0000000086300000|  0%| F|  |TAMS 0x0000000086200000, 0x0000000086200000| Untracked 
|  69|0x0000000086300000, 0x0000000086300000, 0x0000000086400000|  0%| F|  |TAMS 0x0000000086300000, 0x0000000086300000| Untracked 
|  70|0x0000000086400000, 0x0000000086400000, 0x0000000086500000|  0%| F|  |TAMS 0x0000000086400000, 0x0000000086400000| Untracked 
|  71|0x0000000086500000, 0x0000000086500000, 0x0000000086600000|  0%| F|  |TAMS 0x0000000086500000, 0x0000000086500000| Untracked 
|  72|0x0000000086600000, 0x0000000086600000, 0x0000000086700000|  0%| F|  |TAMS 0x0000000086600000, 0x0000000086600000| Untracked 
|  73|0x0000000086700000, 0x0000000086700000, 0x0000000086800000|  0%| F|  |TAMS 0x0000000086700000, 0x0000000086700000| Untracked 
|  74|0x0000000086800000, 0x0000000086800000, 0x0000000086900000|  0%| F|  |TAMS 0x0000000086800000, 0x0000000086800000| Untracked 
|  75|0x0000000086900000, 0x0000000086900000, 0x0000000086a00000|  0%| F|  |TAMS 0x0000000086900000, 0x0000000086900000| Untracked 
|  76|0x0000000086a00000, 0x0000000086a00000, 0x0000000086b00000|  0%| F|  |TAMS 0x0000000086a00000, 0x0000000086a00000| Untracked 
|  77|0x0000000086b00000, 0x0000000086b00000, 0x0000000086c00000|  0%| F|  |TAMS 0x0000000086b00000, 0x0000000086b00000| Untracked 
|  78|0x0000000086c00000, 0x0000000086c00000, 0x0000000086d00000|  0%| F|  |TAMS 0x0000000086c00000, 0x0000000086c00000| Untracked 
|  79|0x0000000086d00000, 0x0000000086d00000, 0x0000000086e00000|  0%| F|  |TAMS 0x0000000086d00000, 0x0000000086d00000| Untracked 
|  80|0x0000000086e00000, 0x0000000086e00000, 0x0000000086f00000|  0%| F|  |TAMS 0x0000000086e00000, 0x0000000086e00000| Untracked 
|  81|0x0000000086f00000, 0x0000000086f00000, 0x0000000087000000|  0%| F|  |TAMS 0x0000000086f00000, 0x0000000086f00000| Untracked 
|  82|0x0000000087000000, 0x0000000087000000, 0x0000000087100000|  0%| F|  |TAMS 0x0000000087000000, 0x0000000087000000| Untracked 
|  83|0x0000000087100000, 0x0000000087100000, 0x0000000087200000|  0%| F|  |TAMS 0x0000000087100000, 0x0000000087100000| Untracked 
|  84|0x0000000087200000, 0x0000000087200000, 0x0000000087300000|  0%| F|  |TAMS 0x0000000087200000, 0x0000000087200000| Untracked 
|  85|0x0000000087300000, 0x0000000087300000, 0x0000000087400000|  0%| F|  |TAMS 0x0000000087300000, 0x0000000087300000| Untracked 
|  86|0x0000000087400000, 0x0000000087400000, 0x0000000087500000|  0%| F|  |TAMS 0x0000000087400000, 0x0000000087400000| Untracked 
|  87|0x0000000087500000, 0x0000000087500000, 0x0000000087600000|  0%| F|  |TAMS 0x0000000087500000, 0x0000000087500000| Untracked 
|  88|0x0000000087600000, 0x0000000087600000, 0x0000000087700000|  0%| F|  |TAMS 0x0000000087600000, 0x0000000087600000| Untracked 
|  89|0x0000000087700000, 0x0000000087700000, 0x0000000087800000|  0%| F|  |TAMS 0x0000000087700000, 0x0000000087700000| Untracked 
|  90|0x0000000087800000, 0x0000000087800000, 0x0000000087900000|  0%| F|  |TAMS 0x0000000087800000, 0x0000000087800000| Untracked 
|  91|0x0000000087900000, 0x0000000087900000, 0x0000000087a00000|  0%| F|  |TAMS 0x0000000087900000, 0x0000000087900000| Untracked 
|  92|0x0000000087a00000, 0x0000000087a00000, 0x0000000087b00000|  0%| F|  |TAMS 0x0000000087a00000, 0x0000000087a00000| Untracked 
|  93|0x0000000087b00000, 0x0000000087b00000, 0x0000000087c00000|  0%| F|  |TAMS 0x0000000087b00000, 0x0000000087b00000| Untracked 
|  94|0x0000000087c00000, 0x0000000087c00000, 0x0000000087d00000|  0%| F|  |TAMS 0x0000000087c00000, 0x0000000087c00000| Untracked 
|  95|0x0000000087d00000, 0x0000000087d00000, 0x0000000087e00000|  0%| F|  |TAMS 0x0000000087d00000, 0x0000000087d00000| Untracked 
|  96|0x0000000087e00000, 0x0000000087e00000, 0x0000000087f00000|  0%| F|  |TAMS 0x0000000087e00000, 0x0000000087e00000| Untracked 
|  97|0x0000000087f00000, 0x0000000087f00000, 0x0000000088000000|  0%| F|  |TAMS 0x0000000087f00000, 0x0000000087f00000| Untracked 
|  98|0x0000000088000000, 0x0000000088000000, 0x0000000088100000|  0%| F|  |TAMS 0x0000000088000000, 0x0000000088000000| Untracked 
|  99|0x0000000088100000, 0x0000000088100000, 0x0000000088200000|  0%| F|  |TAMS 0x0000000088100000, 0x0000000088100000| Untracked 
| 100|0x0000000088200000, 0x0000000088200000, 0x0000000088300000|  0%| F|  |TAMS 0x0000000088200000, 0x0000000088200000| Untracked 
| 101|0x0000000088300000, 0x0000000088300000, 0x0000000088400000|  0%| F|  |TAMS 0x0000000088300000, 0x0000000088300000| Untracked 
| 102|0x0000000088400000, 0x0000000088400000, 0x0000000088500000|  0%| F|  |TAMS 0x0000000088400000, 0x0000000088400000| Untracked 
| 103|0x0000000088500000, 0x0000000088500000, 0x0000000088600000|  0%| F|  |TAMS 0x0000000088500000, 0x0000000088500000| Untracked 
| 104|0x0000000088600000, 0x0000000088700000, 0x0000000088700000|100%| S|CS|TAMS 0x0000000088600000, 0x0000000088600000| Complete 
| 105|0x0000000088700000, 0x0000000088700000, 0x0000000088800000|  0%| F|  |TAMS 0x0000000088700000, 0x0000000088700000| Untracked 
| 106|0x0000000088800000, 0x0000000088800000, 0x0000000088900000|  0%| F|  |TAMS 0x0000000088800000, 0x0000000088800000| Untracked 
| 107|0x0000000088900000, 0x0000000088900000, 0x0000000088a00000|  0%| F|  |TAMS 0x0000000088900000, 0x0000000088900000| Untracked 
| 108|0x0000000088a00000, 0x0000000088a00000, 0x0000000088b00000|  0%| F|  |TAMS 0x0000000088a00000, 0x0000000088a00000| Untracked 
| 109|0x0000000088b00000, 0x0000000088b00000, 0x0000000088c00000|  0%| F|  |TAMS 0x0000000088b00000, 0x0000000088b00000| Untracked 
| 110|0x0000000088c00000, 0x0000000088c00000, 0x0000000088d00000|  0%| F|  |TAMS 0x0000000088c00000, 0x0000000088c00000| Untracked 
| 111|0x0000000088d00000, 0x0000000088d00000, 0x0000000088e00000|  0%| F|  |TAMS 0x0000000088d00000, 0x0000000088d00000| Untracked 
| 112|0x0000000088e00000, 0x0000000088e00000, 0x0000000088f00000|  0%| F|  |TAMS 0x0000000088e00000, 0x0000000088e00000| Untracked 
| 113|0x0000000088f00000, 0x0000000088f00000, 0x0000000089000000|  0%| F|  |TAMS 0x0000000088f00000, 0x0000000088f00000| Untracked 
| 114|0x0000000089000000, 0x0000000089000000, 0x0000000089100000|  0%| F|  |TAMS 0x0000000089000000, 0x0000000089000000| Untracked 
| 115|0x0000000089100000, 0x0000000089100000, 0x0000000089200000|  0%| F|  |TAMS 0x0000000089100000, 0x0000000089100000| Untracked 
| 116|0x0000000089200000, 0x0000000089200000, 0x0000000089300000|  0%| F|  |TAMS 0x0000000089200000, 0x0000000089200000| Untracked 
| 117|0x0000000089300000, 0x0000000089300000, 0x0000000089400000|  0%| F|  |TAMS 0x0000000089300000, 0x0000000089300000| Untracked 
| 118|0x0000000089400000, 0x0000000089400000, 0x0000000089500000|  0%| F|  |TAMS 0x0000000089400000, 0x0000000089400000| Untracked 
| 119|0x0000000089500000, 0x0000000089500000, 0x0000000089600000|  0%| F|  |TAMS 0x0000000089500000, 0x0000000089500000| Untracked 
| 120|0x0000000089600000, 0x0000000089600000, 0x0000000089700000|  0%| F|  |TAMS 0x0000000089600000, 0x0000000089600000| Untracked 
| 121|0x0000000089700000, 0x0000000089700000, 0x0000000089800000|  0%| F|  |TAMS 0x0000000089700000, 0x0000000089700000| Untracked 
| 122|0x0000000089800000, 0x0000000089800000, 0x0000000089900000|  0%| F|  |TAMS 0x0000000089800000, 0x0000000089800000| Untracked 
| 123|0x0000000089900000, 0x0000000089900000, 0x0000000089a00000|  0%| F|  |TAMS 0x0000000089900000, 0x0000000089900000| Untracked 
| 124|0x0000000089a00000, 0x0000000089a00000, 0x0000000089b00000|  0%| F|  |TAMS 0x0000000089a00000, 0x0000000089a00000| Untracked 
| 125|0x0000000089b00000, 0x0000000089b00000, 0x0000000089c00000|  0%| F|  |TAMS 0x0000000089b00000, 0x0000000089b00000| Untracked 
| 126|0x0000000089c00000, 0x0000000089c00000, 0x0000000089d00000|  0%| F|  |TAMS 0x0000000089c00000, 0x0000000089c00000| Untracked 
| 127|0x0000000089d00000, 0x0000000089d00000, 0x0000000089e00000|  0%| F|  |TAMS 0x0000000089d00000, 0x0000000089d00000| Untracked 
| 128|0x0000000089e00000, 0x0000000089e00000, 0x0000000089f00000|  0%| F|  |TAMS 0x0000000089e00000, 0x0000000089e00000| Untracked 
| 129|0x0000000089f00000, 0x0000000089f00000, 0x000000008a000000|  0%| F|  |TAMS 0x0000000089f00000, 0x0000000089f00000| Untracked 
| 130|0x000000008a000000, 0x000000008a000000, 0x000000008a100000|  0%| F|  |TAMS 0x000000008a000000, 0x000000008a000000| Untracked 
| 131|0x000000008a100000, 0x000000008a100000, 0x000000008a200000|  0%| F|  |TAMS 0x000000008a100000, 0x000000008a100000| Untracked 
| 132|0x000000008a200000, 0x000000008a200000, 0x000000008a300000|  0%| F|  |TAMS 0x000000008a200000, 0x000000008a200000| Untracked 
| 133|0x000000008a300000, 0x000000008a300000, 0x000000008a400000|  0%| F|  |TAMS 0x000000008a300000, 0x000000008a300000| Untracked 
| 134|0x000000008a400000, 0x000000008a400000, 0x000000008a500000|  0%| F|  |TAMS 0x000000008a400000, 0x000000008a400000| Untracked 
| 135|0x000000008a500000, 0x000000008a500000, 0x000000008a600000|  0%| F|  |TAMS 0x000000008a500000, 0x000000008a500000| Untracked 
| 136|0x000000008a600000, 0x000000008a600000, 0x000000008a700000|  0%| F|  |TAMS 0x000000008a600000, 0x000000008a600000| Untracked 
| 137|0x000000008a700000, 0x000000008a700000, 0x000000008a800000|  0%| F|  |TAMS 0x000000008a700000, 0x000000008a700000| Untracked 
| 138|0x000000008a800000, 0x000000008a800000, 0x000000008a900000|  0%| F|  |TAMS 0x000000008a800000, 0x000000008a800000| Untracked 
| 139|0x000000008a900000, 0x000000008a900000, 0x000000008aa00000|  0%| F|  |TAMS 0x000000008a900000, 0x000000008a900000| Untracked 
| 140|0x000000008aa00000, 0x000000008aa00000, 0x000000008ab00000|  0%| F|  |TAMS 0x000000008aa00000, 0x000000008aa00000| Untracked 
| 141|0x000000008ab00000, 0x000000008ab00000, 0x000000008ac00000|  0%| F|  |TAMS 0x000000008ab00000, 0x000000008ab00000| Untracked 
| 142|0x000000008ac00000, 0x000000008ac00000, 0x000000008ad00000|  0%| F|  |TAMS 0x000000008ac00000, 0x000000008ac00000| Untracked 
| 143|0x000000008ad00000, 0x000000008ad00000, 0x000000008ae00000|  0%| F|  |TAMS 0x000000008ad00000, 0x000000008ad00000| Untracked 
| 144|0x000000008ae00000, 0x000000008ae00000, 0x000000008af00000|  0%| F|  |TAMS 0x000000008ae00000, 0x000000008ae00000| Untracked 
| 145|0x000000008af00000, 0x000000008af00000, 0x000000008b000000|  0%| F|  |TAMS 0x000000008af00000, 0x000000008af00000| Untracked 
| 146|0x000000008b000000, 0x000000008b000000, 0x000000008b100000|  0%| F|  |TAMS 0x000000008b000000, 0x000000008b000000| Untracked 
| 147|0x000000008b100000, 0x000000008b100000, 0x000000008b200000|  0%| F|  |TAMS 0x000000008b100000, 0x000000008b100000| Untracked 
| 148|0x000000008b200000, 0x000000008b200000, 0x000000008b300000|  0%| F|  |TAMS 0x000000008b200000, 0x000000008b200000| Untracked 
| 149|0x000000008b300000, 0x000000008b300000, 0x000000008b400000|  0%| F|  |TAMS 0x000000008b300000, 0x000000008b300000| Untracked 
| 150|0x000000008b400000, 0x000000008b400000, 0x000000008b500000|  0%| F|  |TAMS 0x000000008b400000, 0x000000008b400000| Untracked 
| 151|0x000000008b500000, 0x000000008b5ec0c0, 0x000000008b600000| 92%| E|  |TAMS 0x000000008b500000, 0x000000008b500000| Complete 
| 152|0x000000008b600000, 0x000000008b700000, 0x000000008b700000|100%| E|CS|TAMS 0x000000008b600000, 0x000000008b600000| Complete 
| 153|0x000000008b700000, 0x000000008b800000, 0x000000008b800000|100%| E|CS|TAMS 0x000000008b700000, 0x000000008b700000| Complete 
| 154|0x000000008b800000, 0x000000008b900000, 0x000000008b900000|100%| E|CS|TAMS 0x000000008b800000, 0x000000008b800000| Complete 
| 155|0x000000008b900000, 0x000000008ba00000, 0x000000008ba00000|100%| E|CS|TAMS 0x000000008b900000, 0x000000008b900000| Complete 
| 156|0x000000008ba00000, 0x000000008bb00000, 0x000000008bb00000|100%| E|CS|TAMS 0x000000008ba00000, 0x000000008ba00000| Complete 
| 157|0x000000008bb00000, 0x000000008bc00000, 0x000000008bc00000|100%| E|CS|TAMS 0x000000008bb00000, 0x000000008bb00000| Complete 
| 158|0x000000008bc00000, 0x000000008bd00000, 0x000000008bd00000|100%| E|CS|TAMS 0x000000008bc00000, 0x000000008bc00000| Complete 
| 159|0x000000008bd00000, 0x000000008be00000, 0x000000008be00000|100%| E|  |TAMS 0x000000008bd00000, 0x000000008bd00000| Complete 
| 160|0x000000008be00000, 0x000000008bf00000, 0x000000008bf00000|100%| E|CS|TAMS 0x000000008be00000, 0x000000008be00000| Complete 
| 161|0x000000008bf00000, 0x000000008c000000, 0x000000008c000000|100%| E|CS|TAMS 0x000000008bf00000, 0x000000008bf00000| Complete 
| 162|0x000000008c000000, 0x000000008c100000, 0x000000008c100000|100%| E|CS|TAMS 0x000000008c000000, 0x000000008c000000| Complete 
| 163|0x000000008c100000, 0x000000008c200000, 0x000000008c200000|100%| E|CS|TAMS 0x000000008c100000, 0x000000008c100000| Complete 
| 164|0x000000008c200000, 0x000000008c300000, 0x000000008c300000|100%| E|CS|TAMS 0x000000008c200000, 0x000000008c200000| Complete 
| 165|0x000000008c300000, 0x000000008c400000, 0x000000008c400000|100%| E|CS|TAMS 0x000000008c300000, 0x000000008c300000| Complete 
| 166|0x000000008c400000, 0x000000008c500000, 0x000000008c500000|100%| E|CS|TAMS 0x000000008c400000, 0x000000008c400000| Complete 
| 167|0x000000008c500000, 0x000000008c600000, 0x000000008c600000|100%| E|CS|TAMS 0x000000008c500000, 0x000000008c500000| Complete 
| 168|0x000000008c600000, 0x000000008c700000, 0x000000008c700000|100%| E|CS|TAMS 0x000000008c600000, 0x000000008c600000| Complete 
| 169|0x000000008c700000, 0x000000008c800000, 0x000000008c800000|100%| E|CS|TAMS 0x000000008c700000, 0x000000008c700000| Complete 
| 170|0x000000008c800000, 0x000000008c900000, 0x000000008c900000|100%| E|CS|TAMS 0x000000008c800000, 0x000000008c800000| Complete 
| 171|0x000000008c900000, 0x000000008ca00000, 0x000000008ca00000|100%| E|CS|TAMS 0x000000008c900000, 0x000000008c900000| Complete 
| 172|0x000000008ca00000, 0x000000008cb00000, 0x000000008cb00000|100%| E|CS|TAMS 0x000000008ca00000, 0x000000008ca00000| Complete 
| 173|0x000000008cb00000, 0x000000008cc00000, 0x000000008cc00000|100%| E|CS|TAMS 0x000000008cb00000, 0x000000008cb00000| Complete 
| 174|0x000000008cc00000, 0x000000008cd00000, 0x000000008cd00000|100%| E|CS|TAMS 0x000000008cc00000, 0x000000008cc00000| Complete 
| 175|0x000000008cd00000, 0x000000008ce00000, 0x000000008ce00000|100%| E|CS|TAMS 0x000000008cd00000, 0x000000008cd00000| Complete 
| 176|0x000000008ce00000, 0x000000008cf00000, 0x000000008cf00000|100%| E|CS|TAMS 0x000000008ce00000, 0x000000008ce00000| Complete 
| 177|0x000000008cf00000, 0x000000008d000000, 0x000000008d000000|100%| E|CS|TAMS 0x000000008cf00000, 0x000000008cf00000| Complete 
| 178|0x000000008d000000, 0x000000008d100000, 0x000000008d100000|100%| E|CS|TAMS 0x000000008d000000, 0x000000008d000000| Complete 
| 179|0x000000008d100000, 0x000000008d200000, 0x000000008d200000|100%| E|CS|TAMS 0x000000008d100000, 0x000000008d100000| Complete 
| 180|0x000000008d200000, 0x000000008d300000, 0x000000008d300000|100%| E|CS|TAMS 0x000000008d200000, 0x000000008d200000| Complete 
| 181|0x000000008d300000, 0x000000008d400000, 0x000000008d400000|100%| E|CS|TAMS 0x000000008d300000, 0x000000008d300000| Complete 
| 182|0x000000008d400000, 0x000000008d500000, 0x000000008d500000|100%| E|CS|TAMS 0x000000008d400000, 0x000000008d400000| Complete 
| 183|0x000000008d500000, 0x000000008d600000, 0x000000008d600000|100%| E|CS|TAMS 0x000000008d500000, 0x000000008d500000| Complete 
| 184|0x000000008d600000, 0x000000008d700000, 0x000000008d700000|100%| E|CS|TAMS 0x000000008d600000, 0x000000008d600000| Complete 
| 185|0x000000008d700000, 0x000000008d800000, 0x000000008d800000|100%| E|CS|TAMS 0x000000008d700000, 0x000000008d700000| Complete 
| 186|0x000000008d800000, 0x000000008d900000, 0x000000008d900000|100%| E|CS|TAMS 0x000000008d800000, 0x000000008d800000| Complete 
| 187|0x000000008d900000, 0x000000008da00000, 0x000000008da00000|100%| E|CS|TAMS 0x000000008d900000, 0x000000008d900000| Complete 
| 188|0x000000008da00000, 0x000000008db00000, 0x000000008db00000|100%| E|CS|TAMS 0x000000008da00000, 0x000000008da00000| Complete 
| 189|0x000000008db00000, 0x000000008dc00000, 0x000000008dc00000|100%| E|CS|TAMS 0x000000008db00000, 0x000000008db00000| Complete 
| 190|0x000000008dc00000, 0x000000008dd00000, 0x000000008dd00000|100%| E|CS|TAMS 0x000000008dc00000, 0x000000008dc00000| Complete 
| 191|0x000000008dd00000, 0x000000008de00000, 0x000000008de00000|100%| E|CS|TAMS 0x000000008dd00000, 0x000000008dd00000| Complete 
| 192|0x000000008de00000, 0x000000008df00000, 0x000000008df00000|100%| E|CS|TAMS 0x000000008de00000, 0x000000008de00000| Complete 
| 193|0x000000008df00000, 0x000000008e000000, 0x000000008e000000|100%| E|CS|TAMS 0x000000008df00000, 0x000000008df00000| Complete 
| 194|0x000000008e000000, 0x000000008e100000, 0x000000008e100000|100%| E|CS|TAMS 0x000000008e000000, 0x000000008e000000| Complete 
| 195|0x000000008e100000, 0x000000008e200000, 0x000000008e200000|100%| E|CS|TAMS 0x000000008e100000, 0x000000008e100000| Complete 
| 196|0x000000008e200000, 0x000000008e300000, 0x000000008e300000|100%| E|CS|TAMS 0x000000008e200000, 0x000000008e200000| Complete 
| 197|0x000000008e300000, 0x000000008e400000, 0x000000008e400000|100%| E|CS|TAMS 0x000000008e300000, 0x000000008e300000| Complete 
| 198|0x000000008e400000, 0x000000008e500000, 0x000000008e500000|100%| E|CS|TAMS 0x000000008e400000, 0x000000008e400000| Complete 
| 199|0x000000008e500000, 0x000000008e600000, 0x000000008e600000|100%| E|CS|TAMS 0x000000008e500000, 0x000000008e500000| Complete 
| 200|0x000000008e600000, 0x000000008e700000, 0x000000008e700000|100%| E|CS|TAMS 0x000000008e600000, 0x000000008e600000| Complete 
| 201|0x000000008e700000, 0x000000008e800000, 0x000000008e800000|100%| E|CS|TAMS 0x000000008e700000, 0x000000008e700000| Complete 
| 202|0x000000008e800000, 0x000000008e900000, 0x000000008e900000|100%| E|CS|TAMS 0x000000008e800000, 0x000000008e800000| Complete 
| 203|0x000000008e900000, 0x000000008ea00000, 0x000000008ea00000|100%| E|CS|TAMS 0x000000008e900000, 0x000000008e900000| Complete 
| 204|0x000000008ea00000, 0x000000008eb00000, 0x000000008eb00000|100%| E|CS|TAMS 0x000000008ea00000, 0x000000008ea00000| Complete 
| 205|0x000000008eb00000, 0x000000008ec00000, 0x000000008ec00000|100%| E|CS|TAMS 0x000000008eb00000, 0x000000008eb00000| Complete 
| 206|0x000000008ec00000, 0x000000008ed00000, 0x000000008ed00000|100%| E|CS|TAMS 0x000000008ec00000, 0x000000008ec00000| Complete 
| 207|0x000000008ed00000, 0x000000008ee00000, 0x000000008ee00000|100%| E|CS|TAMS 0x000000008ed00000, 0x000000008ed00000| Complete 
| 208|0x000000008ee00000, 0x000000008ef00000, 0x000000008ef00000|100%| E|CS|TAMS 0x000000008ee00000, 0x000000008ee00000| Complete 
| 209|0x000000008ef00000, 0x000000008f000000, 0x000000008f000000|100%| E|CS|TAMS 0x000000008ef00000, 0x000000008ef00000| Complete 
| 210|0x000000008f000000, 0x000000008f100000, 0x000000008f100000|100%| E|CS|TAMS 0x000000008f000000, 0x000000008f000000| Complete 
| 211|0x000000008f100000, 0x000000008f200000, 0x000000008f200000|100%| E|CS|TAMS 0x000000008f100000, 0x000000008f100000| Complete 
| 212|0x000000008f200000, 0x000000008f300000, 0x000000008f300000|100%| E|CS|TAMS 0x000000008f200000, 0x000000008f200000| Complete 
| 213|0x000000008f300000, 0x000000008f400000, 0x000000008f400000|100%| E|CS|TAMS 0x000000008f300000, 0x000000008f300000| Complete 
| 214|0x000000008f400000, 0x000000008f500000, 0x000000008f500000|100%| E|CS|TAMS 0x000000008f400000, 0x000000008f400000| Complete 
| 215|0x000000008f500000, 0x000000008f600000, 0x000000008f600000|100%| E|CS|TAMS 0x000000008f500000, 0x000000008f500000| Complete 
| 216|0x000000008f600000, 0x000000008f700000, 0x000000008f700000|100%| E|CS|TAMS 0x000000008f600000, 0x000000008f600000| Complete 
| 217|0x000000008f700000, 0x000000008f800000, 0x000000008f800000|100%| E|CS|TAMS 0x000000008f700000, 0x000000008f700000| Complete 
| 218|0x000000008f800000, 0x000000008f900000, 0x000000008f900000|100%| E|CS|TAMS 0x000000008f800000, 0x000000008f800000| Complete 
| 219|0x000000008f900000, 0x000000008fa00000, 0x000000008fa00000|100%| E|CS|TAMS 0x000000008f900000, 0x000000008f900000| Complete 

Card table byte_map: [0x000001eda6600000,0x000001eda6a00000] _byte_map_base: 0x000001eda61f1000

Marking Bits (Prev, Next): (CMBitMap*) 0x000001ed8f92eaf0, (CMBitMap*) 0x000001ed8f92eab0
 Prev Bits: [0x000001eda8d90000, 0x000001edaad18000)
 Next Bits: [0x000001eda6e00000, 0x000001eda8d88000)

Polling page: 0x000001ed8d850000

Metaspace:

Usage:
  Non-class:     59.77 MB used.
      Class:      8.98 MB used.
       Both:     68.75 MB used.

Virtual space:
  Non-class space:       64.00 MB reserved,      60.12 MB ( 94%) committed,  1 nodes.
      Class space:        1.00 GB reserved,       9.31 MB ( <1%) committed,  1 nodes.
             Both:        1.06 GB reserved,      69.44 MB (  6%) committed. 

Chunk freelists:
   Non-Class:  3.06 MB
       Class:  2.52 MB
        Both:  5.58 MB

MaxMetaspaceSize: unlimited
CompressedClassSpaceSize: 1.00 GB
Initial GC threshold: 21.00 MB
Current GC threshold: 100.94 MB
CDS: on
MetaspaceReclaimPolicy: balanced
 - commit_granule_bytes: 65536.
 - commit_granule_words: 8192.
 - virtual_space_node_default_size: 8388608.
 - enlarge_chunks_in_place: 1.
 - new_chunks_are_fully_committed: 0.
 - uncommit_free_chunks: 1.
 - use_allocation_guard: 0.


Internal statistics:

num_allocs_failed_limit: 9.
num_arena_births: 1116.
num_arena_deaths: 0.
num_vsnodes_births: 2.
num_vsnodes_deaths: 0.
num_space_committed: 1111.
num_space_uncommitted: 0.
num_chunks_returned_to_freelist: 9.
num_chunks_taken_from_freelist: 3675.
num_chunk_merges: 9.
num_chunk_splits: 2634.
num_chunks_enlarged: 2107.
num_inconsistent_stats: 0.

CodeHeap 'non-profiled nmethods': size=120000Kb used=3827Kb max_used=4333Kb free=116173Kb
 bounds [0x000001ed9ecd0000, 0x000001ed9f110000, 0x000001eda6200000]
CodeHeap 'profiled nmethods': size=120000Kb used=13931Kb max_used=14114Kb free=106068Kb
 bounds [0x000001ed977a0000, 0x000001ed98570000, 0x000001ed9ecd0000]
CodeHeap 'non-nmethods': size=5760Kb used=1342Kb max_used=1369Kb free=4417Kb
 bounds [0x000001ed97200000, 0x000001ed97470000, 0x000001ed977a0000]
 total_blobs=6890 nmethods=6223 adapters=579
 compilation: enabled
              stopped_count=0, restarted_count=0
 full_count=0

Compilation events (20 events):
Event: 75.845 Thread 0x000001edad1c4d30 7502       1       org.h2.table.PlanItem::getIndex (5 bytes)
Event: 75.845 Thread 0x000001edad1c4d30 nmethod 7502 0x000001ed9ef7b390 code [0x000001ed9ef7b520, 0x000001ed9ef7b5f8]
Event: 75.858 Thread 0x000001edad1c4d30 7503       3       sun.invoke.util.VerifyType::isNullReferenceConversion (45 bytes)
Event: 75.858 Thread 0x000001edad1c4d30 nmethod 7503 0x000001ed980e9b90 code [0x000001ed980e9d60, 0x000001ed980ea0b8]
Event: 75.864 Thread 0x000001edad1c4d30 7504       3       org.h2.expression.Alias::isEverything (9 bytes)
Event: 75.864 Thread 0x000001edad1c4d30 nmethod 7504 0x000001ed97edc990 code [0x000001ed97edcb40, 0x000001ed97edcd08]
Event: 75.864 Thread 0x000001edad1c4d30 7505       3       org.h2.engine.Session::transitionToState (47 bytes)
Event: 75.866 Thread 0x000001edad1c4d30 nmethod 7505 0x000001ed97edae90 code [0x000001ed97edb1a0, 0x000001ed97edc348]
Event: 75.866 Thread 0x000001edad1c4d30 7506       3       org.h2.engine.Session::isOpen (30 bytes)
Event: 75.867 Thread 0x000001edad1c4d30 nmethod 7506 0x000001ed97eda710 code [0x000001ed97eda8e0, 0x000001ed97edacf8]
Event: 75.867 Thread 0x000001edad1c4d30 7507       1       org.hibernate.tuple.AbstractAttribute::getType (5 bytes)
Event: 75.867 Thread 0x000001edad1c4d30 nmethod 7507 0x000001ed9ef7b090 code [0x000001ed9ef7b220, 0x000001ed9ef7b2f8]
Event: 75.868 Thread 0x000001edad1c4d30 7508       1       org.h2.index.IndexCondition::getColumn (5 bytes)
Event: 75.868 Thread 0x000001edad1c4d30 nmethod 7508 0x000001ed9ef7ad90 code [0x000001ed9ef7af20, 0x000001ed9ef7aff8]
Event: 75.869 Thread 0x000001edad1c4d30 7509       1       org.hibernate.internal.AbstractSharedSessionContract::getFactory (5 bytes)
Event: 75.869 Thread 0x000001edad1c4d30 nmethod 7509 0x000001ed9ef7aa90 code [0x000001ed9ef7ac20, 0x000001ed9ef7acf8]
Event: 75.874 Thread 0x000001edad1c4d30 7510       3       org.springframework.context.event.GenericApplicationListenerAdapter::resolveDeclaredEventType (57 bytes)
Event: 75.875 Thread 0x000001edad1c4d30 nmethod 7510 0x000001ed97ed9c10 code [0x000001ed97ed9e20, 0x000001ed97eda4e8]
Event: 75.879 Thread 0x000001edad1c4d30 7511       3       java.util.concurrent.locks.LockSupport::park (9 bytes)
Event: 75.880 Thread 0x000001edad1c4d30 nmethod 7511 0x000001ed97ed9890 code [0x000001ed97ed9a20, 0x000001ed97ed9b68]

GC Heap History (20 events):
Event: 16.510 GC heap before
{Heap before GC invocations=26 (full 0):
 garbage-first heap   total 76800K, used 49944K [0x0000000081e00000, 0x0000000100000000)
  region size 1024K, 14 young (14336K), 2 survivors (2048K)
 Metaspace       used 61078K, committed 61632K, reserved 1114112K
  class space    used 8144K, committed 8384K, reserved 1048576K
}
Event: 16.518 GC heap after
{Heap after GC invocations=27 (full 0):
 garbage-first heap   total 76800K, used 39877K [0x0000000081e00000, 0x0000000100000000)
  region size 1024K, 2 young (2048K), 2 survivors (2048K)
 Metaspace       used 61078K, committed 61632K, reserved 1114112K
  class space    used 8144K, committed 8384K, reserved 1048576K
}
Event: 16.921 GC heap before
{Heap before GC invocations=27 (full 0):
 garbage-first heap   total 76800K, used 58309K [0x0000000081e00000, 0x0000000100000000)
  region size 1024K, 21 young (21504K), 2 survivors (2048K)
 Metaspace       used 61181K, committed 61760K, reserved 1114112K
  class space    used 8152K, committed 8448K, reserved 1048576K
}
Event: 16.932 GC heap after
{Heap after GC invocations=28 (full 0):
 garbage-first heap   total 76800K, used 45834K [0x0000000081e00000, 0x0000000100000000)
  region size 1024K, 3 young (3072K), 3 survivors (3072K)
 Metaspace       used 61181K, committed 61760K, reserved 1114112K
  class space    used 8152K, committed 8448K, reserved 1048576K
}
Event: 17.333 GC heap before
{Heap before GC invocations=29 (full 0):
 garbage-first heap   total 78848K, used 50954K [0x0000000081e00000, 0x0000000100000000)
  region size 1024K, 10 young (10240K), 3 survivors (3072K)
 Metaspace       used 61264K, committed 61824K, reserved 1114112K
  class space    used 8157K, committed 8448K, reserved 1048576K
}
Event: 17.340 GC heap after
{Heap after GC invocations=30 (full 0):
 garbage-first heap   total 78848K, used 47379K [0x0000000081e00000, 0x0000000100000000)
  region size 1024K, 2 young (2048K), 2 survivors (2048K)
 Metaspace       used 61264K, committed 61824K, reserved 1114112K
  class space    used 8157K, committed 8448K, reserved 1048576K
}
Event: 17.472 GC heap before
{Heap before GC invocations=30 (full 0):
 garbage-first heap   total 78848K, used 62739K [0x0000000081e00000, 0x0000000100000000)
  region size 1024K, 16 young (16384K), 2 survivors (2048K)
 Metaspace       used 61276K, committed 61888K, reserved 1114112K
  class space    used 8157K, committed 8448K, reserved 1048576K
}
Event: 17.478 GC heap after
{Heap after GC invocations=31 (full 0):
 garbage-first heap   total 98304K, used 50340K [0x0000000081e00000, 0x0000000100000000)
  region size 1024K, 2 young (2048K), 2 survivors (2048K)
 Metaspace       used 61276K, committed 61888K, reserved 1114112K
  class space    used 8157K, committed 8448K, reserved 1048576K
}
Event: 17.973 GC heap before
{Heap before GC invocations=32 (full 0):
 garbage-first heap   total 98304K, used 73892K [0x0000000081e00000, 0x0000000100000000)
  region size 1024K, 26 young (26624K), 2 survivors (2048K)
 Metaspace       used 61326K, committed 61952K, reserved 1114112K
  class space    used 8161K, committed 8448K, reserved 1048576K
}
Event: 17.986 GC heap after
{Heap after GC invocations=33 (full 0):
 garbage-first heap   total 98304K, used 57025K [0x0000000081e00000, 0x0000000100000000)
  region size 1024K, 4 young (4096K), 4 survivors (4096K)
 Metaspace       used 61326K, committed 61952K, reserved 1114112K
  class space    used 8161K, committed 8448K, reserved 1048576K
}
Event: 18.000 GC heap before
{Heap before GC invocations=33 (full 0):
 garbage-first heap   total 98304K, used 58049K [0x0000000081e00000, 0x0000000100000000)
  region size 1024K, 5 young (5120K), 4 survivors (4096K)
 Metaspace       used 61331K, committed 61952K, reserved 1114112K
  class space    used 8161K, committed 8448K, reserved 1048576K
}
Event: 18.005 GC heap after
{Heap after GC invocations=34 (full 0):
 garbage-first heap   total 98304K, used 56387K [0x0000000081e00000, 0x0000000100000000)
  region size 1024K, 1 young (1024K), 1 survivors (1024K)
 Metaspace       used 61331K, committed 61952K, reserved 1114112K
  class space    used 8161K, committed 8448K, reserved 1048576K
}
Event: 18.246 GC heap before
{Heap before GC invocations=34 (full 0):
 garbage-first heap   total 98304K, used 73795K [0x0000000081e00000, 0x0000000100000000)
  region size 1024K, 19 young (19456K), 1 survivors (1024K)
 Metaspace       used 61372K, committed 61952K, reserved 1114112K
  class space    used 8161K, committed 8448K, reserved 1048576K
}
Event: 18.251 GC heap after
{Heap after GC invocations=35 (full 0):
 garbage-first heap   total 98304K, used 60155K [0x0000000081e00000, 0x0000000100000000)
  region size 1024K, 3 young (3072K), 3 survivors (3072K)
 Metaspace       used 61372K, committed 61952K, reserved 1114112K
  class space    used 8161K, committed 8448K, reserved 1048576K
}
Event: 18.776 GC heap before
{Heap before GC invocations=36 (full 0):
 garbage-first heap   total 112640K, used 73467K [0x0000000081e00000, 0x0000000100000000)
  region size 1024K, 19 young (19456K), 3 survivors (3072K)
 Metaspace       used 61987K, committed 62592K, reserved 1114112K
  class space    used 8226K, committed 8512K, reserved 1048576K
}
Event: 18.795 GC heap after
{Heap after GC invocations=37 (full 0):
 garbage-first heap   total 112640K, used 62713K [0x0000000081e00000, 0x0000000100000000)
  region size 1024K, 3 young (3072K), 3 survivors (3072K)
 Metaspace       used 61987K, committed 62592K, reserved 1114112K
  class space    used 8226K, committed 8512K, reserved 1048576K
}
Event: 18.897 GC heap before
{Heap before GC invocations=37 (full 0):
 garbage-first heap   total 112640K, used 64761K [0x0000000081e00000, 0x0000000100000000)
  region size 1024K, 5 young (5120K), 3 survivors (3072K)
 Metaspace       used 62142K, committed 62784K, reserved 1114112K
  class space    used 8247K, committed 8576K, reserved 1048576K
}
Event: 18.905 GC heap after
{Heap after GC invocations=38 (full 0):
 garbage-first heap   total 112640K, used 52676K [0x0000000081e00000, 0x0000000100000000)
  region size 1024K, 1 young (1024K), 1 survivors (1024K)
 Metaspace       used 62142K, committed 62784K, reserved 1114112K
  class space    used 8247K, committed 8576K, reserved 1048576K
}
Event: 19.115 GC heap before
{Heap before GC invocations=38 (full 0):
 garbage-first heap   total 112640K, used 56772K [0x0000000081e00000, 0x0000000100000000)
  region size 1024K, 5 young (5120K), 1 survivors (1024K)
 Metaspace       used 62302K, committed 62912K, reserved 1114112K
  class space    used 8275K, committed 8576K, reserved 1048576K
}
Event: 19.120 GC heap after
{Heap after GC invocations=39 (full 0):
 garbage-first heap   total 225280K, used 52388K [0x0000000081e00000, 0x0000000100000000)
  region size 1024K, 1 young (1024K), 1 survivors (1024K)
 Metaspace       used 62302K, committed 62912K, reserved 1114112K
  class space    used 8275K, committed 8576K, reserved 1048576K
}

Deoptimization events (20 events):
Event: 75.541 Thread 0x000001edb3718290 Uncommon trap: trap_request=0xffffffde fr.pc=0x000001ed9efb4b94 relative=0x00000000000002d4
Event: 75.541 Thread 0x000001edb3718290 Uncommon trap: reason=class_check action=maybe_recompile pc=0x000001ed9efb4b94 method=java.util.Hashtable.addEntry(ILjava/lang/Object;Ljava/lang/Object;I)V @ 28 c2
Event: 75.541 Thread 0x000001edb3718290 DEOPT PACKING pc=0x000001ed9efb4b94 sp=0x000000a2cfbfabb0
Event: 75.541 Thread 0x000001edb3718290 DEOPT UNPACKING pc=0x000001ed972523a3 sp=0x000000a2cfbfab90 mode 2
Event: 75.553 Thread 0x000001edb3718290 Uncommon trap: trap_request=0xffffff45 fr.pc=0x000001ed9f05a980 relative=0x0000000000000260
Event: 75.553 Thread 0x000001edb3718290 Uncommon trap: reason=unstable_if action=reinterpret pc=0x000001ed9f05a980 method=java.util.regex.Matcher.search(I)Z @ 76 c2
Event: 75.553 Thread 0x000001edb3718290 DEOPT PACKING pc=0x000001ed9f05a980 sp=0x000000a2cfbfad10
Event: 75.553 Thread 0x000001edb3718290 DEOPT UNPACKING pc=0x000001ed972523a3 sp=0x000000a2cfbfac28 mode 2
Event: 75.704 Thread 0x000001edb3718290 Uncommon trap: trap_request=0xffffff45 fr.pc=0x000001ed9efdb650 relative=0x0000000000000910
Event: 75.704 Thread 0x000001edb3718290 Uncommon trap: reason=unstable_if action=reinterpret pc=0x000001ed9efdb650 method=org.h2.value.Value.convertTo(ILorg/h2/value/ExtTypeInfo;Lorg/h2/engine/CastDataProvider;ZLjava/lang/Object;)Lorg/h2/value/Value; @ 21 c2
Event: 75.704 Thread 0x000001edb3718290 DEOPT PACKING pc=0x000001ed9efdb650 sp=0x000000a2cfbfb4d0
Event: 75.704 Thread 0x000001edb3718290 DEOPT UNPACKING pc=0x000001ed972523a3 sp=0x000000a2cfbfb4c8 mode 2
Event: 75.826 Thread 0x000001edb3718290 Uncommon trap: trap_request=0xffffff45 fr.pc=0x000001ed9ede666c relative=0x000000000000020c
Event: 75.826 Thread 0x000001edb3718290 Uncommon trap: reason=unstable_if action=reinterpret pc=0x000001ed9ede666c method=java.util.HashMap.getNode(Ljava/lang/Object;)Ljava/util/HashMap$Node; @ 66 c2
Event: 75.826 Thread 0x000001edb3718290 DEOPT PACKING pc=0x000001ed9ede666c sp=0x000000a2cfbfc0d0
Event: 75.826 Thread 0x000001edb3718290 DEOPT UNPACKING pc=0x000001ed972523a3 sp=0x000000a2cfbfbff0 mode 2
Event: 75.826 Thread 0x000001edb3718290 Uncommon trap: trap_request=0xffffff45 fr.pc=0x000001ed9ed11394 relative=0x00000000000001d4
Event: 75.826 Thread 0x000001edb3718290 Uncommon trap: reason=unstable_if action=reinterpret pc=0x000001ed9ed11394 method=java.util.HashMap.getNode(Ljava/lang/Object;)Ljava/util/HashMap$Node; @ 131 c2
Event: 75.826 Thread 0x000001edb3718290 DEOPT PACKING pc=0x000001ed9ed11394 sp=0x000000a2cfbfc070
Event: 75.826 Thread 0x000001edb3718290 DEOPT UNPACKING pc=0x000001ed972523a3 sp=0x000000a2cfbfbff0 mode 2

Classes loaded (20 events):
Event: 31.613 Loading class java/net/BindException
Event: 31.613 Loading class java/net/BindException done
Event: 31.639 Loading class java/nio/StringCharBuffer
Event: 31.639 Loading class java/nio/StringCharBuffer done
Event: 31.660 Loading class sun/security/provider/SecureRandom
Event: 31.661 Loading class sun/security/provider/SecureRandom done
Event: 31.755 Loading class java/text/FieldPosition$Delegate
Event: 31.755 Loading class java/text/FieldPosition$Delegate done
Event: 33.440 Loading class java/io/FileOutputStream$1
Event: 33.440 Loading class java/io/FileOutputStream$1 done
Event: 33.748 Loading class java/net/URLEncoder
Event: 33.749 Loading class java/net/URLEncoder done
Event: 33.750 Loading class java/io/CharArrayWriter
Event: 33.750 Loading class java/io/CharArrayWriter done
Event: 75.731 Loading class java/time/format/DateTimeFormatterBuilder$ZoneTextPrinterParser
Event: 75.731 Loading class java/time/format/DateTimeFormatterBuilder$ZoneTextPrinterParser done
Event: 75.731 Loading class java/time/format/DateTimeFormatterBuilder$ReducedPrinterParser
Event: 75.732 Loading class java/time/format/DateTimeFormatterBuilder$ReducedPrinterParser done
Event: 75.801 Loading class org/w3c/dom/Document
Event: 75.802 Loading class org/w3c/dom/Document done

Classes unloaded (0 events):
No events

Classes redefined (0 events):
No events

Internal exceptions (20 events):
Event: 21.256 Thread 0x000001edb1f30d50 Exception <a 'java/lang/ClassNotFoundException'{0x000000008d5d81b0}: org/springframework/boot/actuate/autoconfigure/web/server/ManagementContextAutoConfiguration$SameManagementContextConfiguration$EnableSameManagementContextConfigurationCustomizer> (0x000000008d5d81b0) 
thrown [s\open\src\hotspot\share\classfile\systemDictionary.cpp, line 255]
Event: 21.259 Thread 0x000001edb1f30d50 Exception <a 'java/lang/ClassNotFoundException'{0x000000008d5e3880}: java/lang/ObjectCustomizer> (0x000000008d5e3880) 
thrown [s\open\src\hotspot\share\classfile\systemDictionary.cpp, line 255]
Event: 21.259 Thread 0x000001edb1f30d50 Exception <a 'java/lang/ClassNotFoundException'{0x000000008d5ebc50}: org/springframework/boot/actuate/autoconfigure/web/server/ManagementContextAutoConfiguration$SameManagementContextConfigurationCustomizer> (0x000000008d5ebc50) 
thrown [s\open\src\hotspot\share\classfile\systemDictionary.cpp, line 255]
Event: 21.260 Thread 0x000001edb1f30d50 Exception <a 'java/lang/ClassNotFoundException'{0x000000008d5f1e78}: org/springframework/beans/factory/SmartInitializingSingletonCustomizer> (0x000000008d5f1e78) 
thrown [s\open\src\hotspot\share\classfile\systemDictionary.cpp, line 255]
Event: 21.262 Thread 0x000001edb1f30d50 Exception <a 'java/lang/ClassNotFoundException'{0x000000008d5f89f0}: java/lang/ObjectCustomizer> (0x000000008d5f89f0) 
thrown [s\open\src\hotspot\share\classfile\systemDictionary.cpp, line 255]
Event: 21.263 Thread 0x000001edb1f30d50 Exception <a 'java/lang/ClassNotFoundException'{0x000000008d400568}: org/springframework/boot/actuate/autoconfigure/web/server/ManagementContextAutoConfigurationCustomizer> (0x000000008d400568) 
thrown [s\open\src\hotspot\share\classfile\systemDictionary.cpp, line 255]
Event: 21.265 Thread 0x000001edb1f30d50 Exception <a 'java/lang/ClassNotFoundException'{0x000000008d408df0}: java/lang/ObjectCustomizer> (0x000000008d408df0) 
thrown [s\open\src\hotspot\share\classfile\systemDictionary.cpp, line 255]
Event: 21.266 Thread 0x000001edb1f30d50 Exception <a 'java/lang/ClassNotFoundException'{0x000000008d410720}: org/springframework/boot/actuate/autoconfigure/web/server/ManagementServerPropertiesCustomizer> (0x000000008d410720) 
thrown [s\open\src\hotspot\share\classfile\systemDictionary.cpp, line 255]
Event: 21.298 Thread 0x000001edb1f30d50 Exception <a 'java/lang/NoSuchMethodError'{0x000000008d310868}: 'java.lang.Object java.lang.invoke.DirectMethodHandle$Holder.invokeSpecial(java.lang.Object, java.lang.Object, int, java.lang.Object, int, java.lang.Object)'> (0x000000008d310868) 
thrown [s\open\src\hotspot\share\interpreter\linkResolver.cpp, line 766]
Event: 21.299 Thread 0x000001edb1f30d50 Exception <a 'java/lang/NoSuchMethodError'{0x000000008d318660}: 'java.lang.Object java.lang.invoke.DirectMethodHandle$Holder.newInvokeSpecial(java.lang.Object, java.lang.Object, int, java.lang.Object, int)'> (0x000000008d318660) 
thrown [s\open\src\hotspot\share\interpreter\linkResolver.cpp, line 766]
Event: 21.299 Thread 0x000001edb1f30d50 Exception <a 'java/lang/NoSuchMethodError'{0x000000008d31ca70}: 'java.lang.Object java.lang.invoke.DirectMethodHandle$Holder.invokeSpecial(java.lang.Object, java.lang.Object, java.lang.Object, int, java.lang.Object, int)'> (0x000000008d31ca70) 
thrown [s\open\src\hotspot\share\interpreter\linkResolver.cpp, line 766]
Event: 21.524 Thread 0x000001edb1f30d50 Exception <a 'java/lang/IncompatibleClassChangeError'{0x000000008cc1ef08}: Found class java.lang.Object, but interface was expected> (0x000000008cc1ef08) 
thrown [s\open\src\hotspot\share\interpreter\linkResolver.cpp, line 833]
Event: 21.570 Thread 0x000001edb1f30d50 Implicit null exception at 0x000001ed9ee6ad21 to 0x000001ed9ee6afa5
Event: 31.634 Thread 0x000001edb37178f0 Exception <a 'java/lang/NoSuchMethodError'{0x000000008c882ea0}: 'java.lang.Object java.lang.invoke.Invokers$Holder.linkToTargetMethod(java.lang.Object, java.lang.Object, java.lang.Object, java.lang.Object, java.lang.Object, java.lang.Object, java.lang.Object)'> (0x000000008c882ea0) 
thrown [s\open\src\hotspot\share\interpreter\linkResolver.cpp, line 766]
Event: 75.659 Thread 0x000001edb3718290 Exception <a 'java/lang/NoSuchMethodError'{0x000000008b80b950}: 'void java.lang.invoke.Invokers$Holder.invokeExact_MT(java.lang.Object, java.lang.Object, int, java.lang.Object)'> (0x000000008b80b950) 
thrown [s\open\src\hotspot\share\interpreter\linkResolver.cpp, line 766]
Event: 75.680 Thread 0x000001edb3718290 Exception <a 'java/lang/NoSuchMethodError'{0x000000008b85a6b8}: 'java.lang.Object java.lang.invoke.DirectMethodHandle$Holder.invokeStaticInit(java.lang.Object, java.lang.Object, java.lang.Object, java.lang.Object, java.lang.Object, java.lang.Object)'> (0x000000008b85a6b8) 
thrown [s\open\src\hotspot\share\interpreter\linkResolver.cpp, line 766]
Event: 75.714 Thread 0x000001edb3718290 Exception <a 'java/lang/NoSuchMethodError'{0x000000008b8f9998}: 'java.lang.Object java.lang.invoke.DirectMethodHandle$Holder.newInvokeSpecial(java.lang.Object, java.lang.Object, java.lang.Object, long)'> (0x000000008b8f9998) 
thrown [s\open\src\hotspot\share\interpreter\linkResolver.cpp, line 766]
Event: 75.715 Thread 0x000001edb3718290 Exception <a 'java/lang/NoSuchMethodError'{0x000000008b8fe1e8}: 'java.lang.Object java.lang.invoke.DirectMethodHandle$Holder.invokeSpecial(java.lang.Object, java.lang.Object, java.lang.Object, java.lang.Object, long)'> (0x000000008b8fe1e8) 
thrown [s\open\src\hotspot\share\interpreter\linkResolver.cpp, line 766]
Event: 75.715 Thread 0x000001edb3718290 Exception <a 'java/lang/NoSuchMethodError'{0x000000008b702920}: 'java.lang.Object java.lang.invoke.Invokers$Holder.linkToTargetMethod(java.lang.Object, java.lang.Object, long, java.lang.Object)'> (0x000000008b702920) 
thrown [s\open\src\hotspot\share\interpreter\linkResolver.cpp, line 766]
Event: 75.744 Thread 0x000001edb3718290 Exception <a 'java/lang/NoSuchMethodError'{0x000000008b78a298}: 'java.lang.Object java.lang.invoke.DirectMethodHandle$Holder.invokeSpecial(java.lang.Object, java.lang.Object, int, java.lang.Object, java.lang.Object)'> (0x000000008b78a298) 
thrown [s\open\src\hotspot\share\interpreter\linkResolver.cpp, line 766]

VM Operations (20 events):
Event: 31.640 Executing VM operation: HandshakeAllThreads
Event: 31.640 Executing VM operation: HandshakeAllThreads done
Event: 32.652 Executing VM operation: Cleanup
Event: 32.652 Executing VM operation: Cleanup done
Event: 33.667 Executing VM operation: Cleanup
Event: 33.668 Executing VM operation: Cleanup done
Event: 34.677 Executing VM operation: Cleanup
Event: 34.677 Executing VM operation: Cleanup done
Event: 37.711 Executing VM operation: Cleanup
Event: 37.711 Executing VM operation: Cleanup done
Event: 39.728 Executing VM operation: Cleanup
Event: 39.728 Executing VM operation: Cleanup done
Event: 48.803 Executing VM operation: Cleanup
Event: 48.803 Executing VM operation: Cleanup done
Event: 49.808 Executing VM operation: Cleanup
Event: 49.809 Executing VM operation: Cleanup done
Event: 75.723 Executing VM operation: HandshakeAllThreads
Event: 75.723 Executing VM operation: HandshakeAllThreads done
Event: 75.723 Executing VM operation: Cleanup
Event: 75.723 Executing VM operation: Cleanup done

Events (20 events):
Event: 21.325 Thread 0x000001edb3714400 Thread added: 0x000001edb3714400
Event: 21.325 Thread 0x000001edb37148d0 Thread added: 0x000001edb37148d0
Event: 21.325 Thread 0x000001edb3717dc0 Thread added: 0x000001edb3717dc0
Event: 21.325 Thread 0x000001edb3715270 Thread added: 0x000001edb3715270
Event: 21.326 Thread 0x000001edb3714da0 Thread added: 0x000001edb3714da0
Event: 21.326 Thread 0x000001edb3715740 Thread added: 0x000001edb3715740
Event: 21.326 Thread 0x000001edb3719f70 Thread added: 0x000001edb3719f70
Event: 21.396 Thread 0x000001edb37160e0 Thread added: 0x000001edb37160e0
Event: 21.398 Thread 0x000001edb3718760 Thread added: 0x000001edb3718760
Event: 21.628 Thread 0x000001edb1f30d50 Thread exited: 0x000001edb1f30d50
Event: 21.634 Thread 0x000001edb215eda0 Thread exited: 0x000001edb215eda0
Event: 21.635 Thread 0x000001ed8f8ce8f0 Thread exited: 0x000001ed8f8ce8f0
Event: 21.635 Thread 0x000001edb371a440 Thread added: 0x000001edb371a440
Event: 21.816 Thread 0x000001edb44576c0 Thread exited: 0x000001edb44576c0
Event: 31.662 Thread 0x000001edb3718c30 Thread added: 0x000001edb3718c30
Event: 31.663 Thread 0x000001edb3718c30 Thread exited: 0x000001edb3718c30
Event: 33.744 Thread 0x000001edb44576c0 Thread added: 0x000001edb44576c0
Event: 34.095 Thread 0x000001edb44576c0 Thread exited: 0x000001edb44576c0
Event: 34.352 Thread 0x000001edb44576c0 Thread added: 0x000001edb44576c0
Event: 37.259 Thread 0x000001edb44576c0 Thread exited: 0x000001edb44576c0


Dynamic libraries:
0x00007ff77ac80000 - 0x00007ff77ac90000 	C:\Program Files\Java\jdk-18.0.1\bin\java.exe
0x00007fffe5770000 - 0x00007fffe5965000 	C:\WINDOWS\SYSTEM32\ntdll.dll
0x00007fffe52d0000 - 0x00007fffe538e000 	C:\WINDOWS\System32\KERNEL32.DLL
0x00007fffe33a0000 - 0x00007fffe3668000 	C:\WINDOWS\System32\KERNELBASE.dll
0x00007fffe3040000 - 0x00007fffe3140000 	C:\WINDOWS\System32\ucrtbase.dll
0x00007fffdbaf0000 - 0x00007fffdbb08000 	C:\Program Files\Java\jdk-18.0.1\bin\jli.dll
0x00007fffe4600000 - 0x00007fffe46ae000 	C:\WINDOWS\System32\ADVAPI32.dll
0x00007fffe5630000 - 0x00007fffe56ce000 	C:\WINDOWS\System32\msvcrt.dll
0x00007fffe4560000 - 0x00007fffe45fc000 	C:\WINDOWS\System32\sechost.dll
0x00007fffe51a0000 - 0x00007fffe52c5000 	C:\WINDOWS\System32\RPCRT4.dll
0x00007fffe3cf0000 - 0x00007fffe3e90000 	C:\WINDOWS\System32\USER32.dll
0x00007fffe32a0000 - 0x00007fffe32c2000 	C:\WINDOWS\System32\win32u.dll
0x00007fffe5520000 - 0x00007fffe554a000 	C:\WINDOWS\System32\GDI32.dll
0x00007fffe3190000 - 0x00007fffe329b000 	C:\WINDOWS\System32\gdi32full.dll
0x00007fffd31e0000 - 0x00007fffd347a000 	C:\WINDOWS\WinSxS\amd64_microsoft.windows.common-controls_6595b64144ccf1df_6.0.19041.1110_none_60b5254171f9507e\COMCTL32.dll
0x00007fffe3300000 - 0x00007fffe339d000 	C:\WINDOWS\System32\msvcp_win.dll
0x00007fffd57e0000 - 0x00007fffd57ea000 	C:\WINDOWS\SYSTEM32\VERSION.dll
0x00007fffdbb90000 - 0x00007fffdbbaa000 	C:\Program Files\Java\jdk-18.0.1\bin\VCRUNTIME140.dll
0x00007fffe47c0000 - 0x00007fffe47f0000 	C:\WINDOWS\System32\IMM32.DLL
0x00007fffe01d0000 - 0x00007fffe01dc000 	C:\Program Files\Java\jdk-18.0.1\bin\vcruntime140_1.dll
0x00007fffd28f0000 - 0x00007fffd297d000 	C:\Program Files\Java\jdk-18.0.1\bin\msvcp140.dll
0x00007fffb2350000 - 0x00007fffb2f60000 	C:\Program Files\Java\jdk-18.0.1\bin\server\jvm.dll
0x00007fffe44f0000 - 0x00007fffe44f8000 	C:\WINDOWS\System32\PSAPI.DLL
0x00007fffdebc0000 - 0x00007fffdebc9000 	C:\WINDOWS\SYSTEM32\WSOCK32.dll
0x00007fffe54b0000 - 0x00007fffe551b000 	C:\WINDOWS\System32\WS2_32.dll
0x00007fffd4a70000 - 0x00007fffd4a97000 	C:\WINDOWS\SYSTEM32\WINMM.dll
0x00007fffe0db0000 - 0x00007fffe0dc2000 	C:\WINDOWS\SYSTEM32\kernel.appcore.dll
0x00007fffdd4a0000 - 0x00007fffdd4aa000 	C:\Program Files\Java\jdk-18.0.1\bin\jimage.dll
0x00007fffd1670000 - 0x00007fffd1854000 	C:\WINDOWS\SYSTEM32\DBGHELP.DLL
0x00007fffd1640000 - 0x00007fffd166c000 	C:\WINDOWS\SYSTEM32\dbgcore.DLL
0x00007fffe2e90000 - 0x00007fffe2f12000 	C:\WINDOWS\System32\bcryptPrimitives.dll
0x00007fffdbae0000 - 0x00007fffdbaee000 	C:\Program Files\Java\jdk-18.0.1\bin\instrument.dll
0x00007fffda5e0000 - 0x00007fffda605000 	C:\Program Files\Java\jdk-18.0.1\bin\java.dll
0x00007fffc30c0000 - 0x00007fffc3196000 	C:\Program Files\Java\jdk-18.0.1\bin\jsvml.dll
0x00007fffe47f0000 - 0x00007fffe4f34000 	C:\WINDOWS\System32\SHELL32.dll
0x00007fffe0fb0000 - 0x00007fffe1744000 	C:\WINDOWS\SYSTEM32\windows.storage.dll
0x00007fffe3e90000 - 0x00007fffe41e4000 	C:\WINDOWS\System32\combase.dll
0x00007fffe2830000 - 0x00007fffe285c000 	C:\WINDOWS\SYSTEM32\Wldp.dll
0x00007fffe37d0000 - 0x00007fffe387d000 	C:\WINDOWS\System32\SHCORE.dll
0x00007fffe4500000 - 0x00007fffe4555000 	C:\WINDOWS\System32\shlwapi.dll
0x00007fffe2dd0000 - 0x00007fffe2def000 	C:\WINDOWS\SYSTEM32\profapi.dll
0x00007fffd7050000 - 0x00007fffd7068000 	C:\Program Files\Java\jdk-18.0.1\bin\zip.dll
0x00007fffd7bd0000 - 0x00007fffd7be3000 	C:\Program Files\Java\jdk-18.0.1\bin\net.dll
0x00007fffd7db0000 - 0x00007fffd7eba000 	C:\WINDOWS\SYSTEM32\WINHTTP.dll
0x00007fffe2590000 - 0x00007fffe25fa000 	C:\WINDOWS\system32\mswsock.dll
0x00007fffd7b90000 - 0x00007fffd7ba6000 	C:\Program Files\Java\jdk-18.0.1\bin\nio.dll
0x00007fffd6ff0000 - 0x00007fffd700a000 	C:\Program Files\JetBrains\IntelliJ IDEA 2022.1\bin\breakgen64.dll
0x00007fffd93b0000 - 0x00007fffd93c0000 	C:\Program Files\Java\jdk-18.0.1\bin\verify.dll
0x00007fffd8890000 - 0x00007fffd8899000 	C:\Program Files\Java\jdk-18.0.1\bin\management.dll
0x00007fffd7bc0000 - 0x00007fffd7bcb000 	C:\Program Files\Java\jdk-18.0.1\bin\management_ext.dll
0x00007fffcd2e0000 - 0x00007fffcd2f7000 	C:\WINDOWS\system32\napinsp.dll
0x00007fffccc20000 - 0x00007fffccc3b000 	C:\WINDOWS\system32\pnrpnsp.dll
0x00007fffc8730000 - 0x00007fffc8745000 	C:\WINDOWS\system32\wshbth.dll
0x00007fffde6a0000 - 0x00007fffde6bd000 	C:\WINDOWS\system32\NLAapi.dll
0x00007fffe2280000 - 0x00007fffe22bb000 	C:\WINDOWS\SYSTEM32\IPHLPAPI.DLL
0x00007fffe22c0000 - 0x00007fffe238b000 	C:\WINDOWS\SYSTEM32\DNSAPI.dll
0x00007fffe4350000 - 0x00007fffe4358000 	C:\WINDOWS\System32\NSI.dll
0x00007fffcae70000 - 0x00007fffcae82000 	C:\WINDOWS\System32\winrnr.dll
0x00007fffd6860000 - 0x00007fffd686a000 	C:\Windows\System32\rasadhlp.dll
0x00007fffd6c60000 - 0x00007fffd6cdf000 	C:\WINDOWS\System32\fwpuclnt.dll
0x00007fffe32d0000 - 0x00007fffe32f7000 	C:\WINDOWS\System32\bcrypt.dll
0x00007fffe2790000 - 0x00007fffe27a8000 	C:\WINDOWS\SYSTEM32\CRYPTSP.dll
0x00007fffe1f10000 - 0x00007fffe1f44000 	C:\WINDOWS\system32\rsaenh.dll
0x00007fffe2d90000 - 0x00007fffe2dbe000 	C:\WINDOWS\SYSTEM32\USERENV.dll
0x00007fffe2780000 - 0x00007fffe278c000 	C:\WINDOWS\SYSTEM32\CRYPTBASE.dll
0x00007fffdd070000 - 0x00007fffdd087000 	C:\WINDOWS\SYSTEM32\dhcpcsvc6.DLL
0x00007fffdd790000 - 0x00007fffdd7ad000 	C:\WINDOWS\SYSTEM32\dhcpcsvc.DLL
0x00007fffd6fe0000 - 0x00007fffd6fee000 	C:\Program Files\Java\jdk-18.0.1\bin\sunmscapi.dll
0x00007fffe3670000 - 0x00007fffe37c6000 	C:\WINDOWS\System32\CRYPT32.dll
0x00007fffe28a0000 - 0x00007fffe28c7000 	C:\WINDOWS\SYSTEM32\ncrypt.dll
0x00007fffe2860000 - 0x00007fffe289b000 	C:\WINDOWS\SYSTEM32\NTASN1.dll

dbghelp: loaded successfully - version: 4.0.5 - missing functions: none
symbol engine: initialized successfully - sym options: 0x614 - pdb path: .;C:\Program Files\Java\jdk-18.0.1\bin;C:\WINDOWS\SYSTEM32;C:\WINDOWS\WinSxS\amd64_microsoft.windows.common-controls_6595b64144ccf1df_6.0.19041.1110_none_60b5254171f9507e;C:\Program Files\Java\jdk-18.0.1\bin\server;C:\Program Files\JetBrains\IntelliJ IDEA 2022.1\bin

VM Arguments:
jvm_args: -javaagent:C:\Program Files\JetBrains\IntelliJ IDEA 2022.1\lib\idea_rt.jar=55987:C:\Program Files\JetBrains\IntelliJ IDEA 2022.1\bin -Dfile.encoding=UTF-8 
java_command: com.training.rest.webservices.restfulwebservices.RestfulWebServicesApplication
java_class_path (initial): C:\Users\nikkie\IdeaProjects\restful-web-services\target\classes;C:\Users\nikkie\.m2\repository\org\springframework\boot\spring-boot-starter-data-jpa\2.6.7\spring-boot-starter-data-jpa-2.6.7.jar;C:\Users\nikkie\.m2\repository\org\springframework\boot\spring-boot-starter-aop\2.6.7\spring-boot-starter-aop-2.6.7.jar;C:\Users\nikkie\.m2\repository\org\springframework\spring-aop\5.3.19\spring-aop-5.3.19.jar;C:\Users\nikkie\.m2\repository\org\aspectj\aspectjweaver\1.9.7\aspectjweaver-1.9.7.jar;C:\Users\nikkie\.m2\repository\org\springframework\boot\spring-boot-starter-jdbc\2.6.7\spring-boot-starter-jdbc-2.6.7.jar;C:\Users\nikkie\.m2\repository\com\zaxxer\HikariCP\4.0.3\HikariCP-4.0.3.jar;C:\Users\nikkie\.m2\repository\org\springframework\spring-jdbc\5.3.19\spring-jdbc-5.3.19.jar;C:\Users\nikkie\.m2\repository\jakarta\transaction\jakarta.transaction-api\1.3.3\jakarta.transaction-api-1.3.3.jar;C:\Users\nikkie\.m2\repository\jakarta\persistence\jakarta.persistence-api\2.2.3\jakarta.persistence-api-2.2.3.jar;C:\Users\nikkie\.m2\repository\org\hibernate\hibernate-core\5.6.8.Final\hibernate-core-5.6.8.Final.jar;C:\Users\nikkie\.m2\repository\org\jboss\logging\jboss-logging\3.4.3.Final\jboss-logging-3.4.3.Final.jar;C:\Users\nikkie\.m2\repository\net\bytebuddy\byte-buddy\1.11.22\byte-buddy-1.11.22.jar;C:\Users\nikkie\.m2\repository\antlr\antlr\2.7.7\antlr-2.7.7.jar;C:\Users\nikkie\.m2\repository\org\jboss\jandex\2.4.2.Final\jandex-2.4.2.Final.jar;C:\Users\nikkie\.m2\repository\com\fasterxml\classmate\1.5.1\classmate-1.5.1.jar;C:\Users\nikkie\.m2\repository\org\hibernate\common\hibernate-commons-annotations\5.1.2.Final\hibernate-commons-annotations-5.1.2.Final.jar;C:\Users\nikkie\.m2\repository\org\glassfish\jaxb\jaxb-runtime\2.3.6\jaxb-runtime-2.3.6.jar;C:\Users\nikkie\.m2\repository\org\glassfish\jaxb\txw2\2.3.6\txw2-2.3.6.jar;C:\Users\nikkie\.m2\repository\com\sun\istack\istack-commons-runtime\3.0.12\istack-commons-runtime-3.0.12.jar;C:\Users\nikkie\.m2\repository\com\sun\activation\jakarta.activation\1.2.2\jakarta.activation-1.2.2.jar;C:\Users\nikkie\.m2\repository\org\springframework\data\spring-data-jpa\2.6.4\spring-data-jpa-2.6.4.jar;C:\Users\nikkie\.m2\repository\org\springframework\data\spring-data-commons\2.6.4\spring-data-commons-2.6.4.jar;C:\Users\nikkie\.m2\repository\org\springframework\spring-orm\5.3.19\spring-orm-5.3.19.jar;C:\Users\nikkie\.m2\repository\org\springframework\spring-context\5.3.19\spring-context-5.3.19.jar;C:\Users\nikkie\.m2\repository\org\springframework\spring-tx\5.3.19\spring-tx-5.3.19.jar;C:\Users\nikkie\.m2\repository\org\springframework\spring-beans\5.3.19\spring-beans-5.3.19.jar;C:\Users\nikkie\.m2\repository\org\springframework\spring-aspects\5.3.19\spring-aspects-5.3.19.jar;C:\Users\nikkie\.m2\repository\com\h2database\h2\1.4.200\h2-1.4.200.jar;C:\Users\nikkie\.m2\repository\org\springframework\boot\spring-boot-starter-web\2.6.7\spring-boot-starter-web-2.6.7.jar;C:\Users\nikkie\.m2\repository\org\springframework\boot\spring-boot-starter\2.6.7\spring-boot-starter-2.6.7.jar;C:\Users\nikkie\.m2\repository\org\springframework\boot\spring-boot-starter-logging\2.6.7\spring-boot-starter-logging-2.6.7.jar;C:\Users\nikkie\.m2\repository\ch\qos\logback\logback-classic\1.2.11\logback-classic-1.2.11.jar;C:\Users\nikkie\.m2\repository\ch\qos\logback\logback-core\1.2.11\logback-core-1.2.11.jar;C:\Users\nikkie\.m2\repository\org\apache\logging\log4j\log4j-to-slf4j\2.17.2\log4j-to-slf4j-2.17.2.jar;C:\Users\nikkie\.m2\repository\org\apache\logging\log4j\log4j-api\2.17.2\log4j-api-2.17.2.jar;C:\Users\nikkie\.m2\repository\org\slf4j\jul-to-slf4j\1.7.36\jul-to-slf4j-1.7.36.jar;C:\Users\nikkie\.m2\repository\jakarta\annotation\jakarta.annotation-api\1.3.5\jakarta.annotation-api-1.3.5.jar;C:\Users\nikkie\.m2\repository\org\yaml\snakeyaml\1.29\snakeyaml-1.29.jar;C:\Users\nikkie\.m2\repository\org\springframework\boot\spring-boot-starter-json\2.6.7\spring-boot-starter-json-2.6.7.jar;C:\Users\nikkie\.m2\repository\com\fasterxml\jackson\core\jackson-databind\2.13.2.1\jackson-databind-2.13.2.1.jar;C:\Users\nikkie\.m2\repository\com\fasterxml\jackson\datatype\jackson-datatype-jdk8\2.13.2\jackson-datatype-jdk8-2.13.2.jar;C:\Users\nikkie\.m2\repository\com\fasterxml\jackson\datatype\jackson-datatype-jsr310\2.13.2\jackson-datatype-jsr310-2.13.2.jar;C:\Users\nikkie\.m2\repository\com\fasterxml\jackson\module\jackson-module-parameter-names\2.13.2\jackson-module-parameter-names-2.13.2.jar;C:\Users\nikkie\.m2\repository\org\springframework\boot\spring-boot-starter-tomcat\2.6.7\spring-boot-starter-tomcat-2.6.7.jar;C:\Users\nikkie\.m2\repository\org\apache\tomcat\embed\tomcat-embed-core\9.0.62\tomcat-embed-core-9.0.62.jar;C:\Users\nikkie\.m2\repository\org\apache\tomcat\embed\tomcat-embed-websocket\9.0.62\tomcat-embed-websocket-9.0.62.jar;C:\Users\nikkie\.m2\repository\org\springframework\spring-web\5.3.19\spring-web-5.3.19.jar;C:\Users\nikkie\.m2\repository\org\springframework\spring-webmvc\5.3.19\spring-webmvc-5.3.19.jar;C:\Users\nikkie\.m2\repository\org\springframework\spring-expression\5.3.19\spring-expression-5.3.19.jar;C:\Users\nikkie\.m2\repository\org\springframework\boot\spring-boot-starter-validation\2.6.7\spring-boot-starter-validation-2.6.7.jar;C:\Users\nikkie\.m2\repository\org\apache\tomcat\embed\tomcat-embed-el\9.0.62\tomcat-embed-el-9.0.62.jar;C:\Users\nikkie\.m2\repository\org\hibernate\validator\hibernate-validator\6.2.3.Final\hibernate-validator-6.2.3.Final.jar;C:\Users\nikkie\.m2\repository\jakarta\validation\jakarta.validation-api\2.0.2\jakarta.validation-api-2.0.2.jar;C:\Users\nikkie\.m2\repository\org\springframework\boot\spring-boot-starter-hateoas\2.6.7\spring-boot-starter-hateoas-2.6.7.jar;C:\Users\nikkie\.m2\repository\org\springframework\hateoas\spring-hateoas\1.4.2\spring-hateoas-1.4.2.jar;C:\Users\nikkie\.m2\repository\org\springframework\plugin\spring-plugin-core\2.0.0.RELEASE\spring-plugin-core-2.0.0.RELEASE.jar;C:\Users\nikkie\.m2\repository\org\springframework\boot\spring-boot-starter-actuator\2.6.7\spring-boot-starter-actuator-2.6.7.jar;C:\Users\nikkie\.m2\repository\org\springframework\boot\spring-boot-actuator-autoconfigure\2.6.7\spring-boot-actuator-autoconfigure-2.6.7.jar;C:\Users\nikkie\.m2\repository\org\springframework\boot\spring-boot-actuator\2.6.7\spring-boot-actuator-2.6.7.jar;C:\Users\nikkie\.m2\repository\io\micrometer\micrometer-core\1.8.5\micrometer-core-1.8.5.jar;C:\Users\nikkie\.m2\repository\org\hdrhistogram\HdrHistogram\2.1.12\HdrHistogram-2.1.12.jar;C:\Users\nikkie\.m2\repository\org\latencyutils\LatencyUtils\2.0.3\LatencyUtils-2.0.3.jar;C:\Users\nikkie\.m2\repository\org\springframework\data\spring-data-rest-hal-explorer\3.6.4\spring-data-rest-hal-explorer-3.6.4.jar;C:\Users\nikkie\.m2\repository\org\springframework\data\spring-data-rest-webmvc\3.6.4\spring-data-rest-webmvc-3.6.4.jar;C:\Users\nikkie\.m2\repository\org\springframework\data\spring-data-rest-core\3.6.4\spring-data-rest-core-3.6.4.jar;C:\Users\nikkie\.m2\repository\org\atteo\evo-inflector\1.3\evo-inflector-1.3.jar;C:\Users\nikkie\.m2\repository\com\fasterxml\jackson\core\jackson-annotations\2.13.2\jackson-annotations-2.13.2.jar;C:\Users\nikkie\.m2\repository\org\slf4j\slf4j-api\1.7.36\slf4j-api-1.7.36.jar;C:\Users\nikkie\.m2\repository\org\springdoc\springdoc-openapi-ui\1.6.8\springdoc-openapi-ui-1.6.8.jar;C:\Users\nikkie\.m2\repository\org\springdoc\springdoc-openapi-webmvc-core\1.6.8\springdoc-openapi-webmvc-core-1.6.8.jar;C:\Users\nikkie\.m2\repository\org\springdoc\springdoc-openapi-common\1.6.8\springdoc-openapi-common-1.6.8.jar;C:\Users\nikkie\.m2\repository\io\swagger\core\v3\swagger-core\2.2.0\swagger-core-2.2.0.jar;C:\Users\nikkie\.m2\repository\org\apache\commons\commons-lang3\3.12.0\commons-lang3-3.12.0.jar;C:\Users\nikkie\.m2\repository\com\fasterxml\jackson\dataformat\jackson-dataformat-yaml\2.13.2\jackson-dataformat-yaml-2.13.2.jar;C:\Users\nikkie\.m2\repository\io\swagger\core\v3\swagger-annotations\2.2.0\swagger-annotations-2.2.0.jar;C:\Users\nikkie\.m2\repository\io\swagger\core\v3\swagger-models\2.2.0\swagger-models-2.2.0.jar;C:\Users\nikkie\.m2\repository\org\webjars\swagger-ui\4.10.3\swagger-ui-4.10.3.jar;C:\Users\nikkie\.m2\repository\org\webjars\webjars-locator-core\0.48\webjars-locator-core-0.48.jar;C:\Users\nikkie\.m2\repository\com\fasterxml\jackson\core\jackson-core\2.13.2\jackson-core-2.13.2.jar;C:\Users\nikkie\.m2\repository\io\github\classgraph\classgraph\4.8.143\classgraph-4.8.143.jar;C:\Users\nikkie\.m2\repository\org\springframework\boot\spring-boot-devtools\2.6.7\spring-boot-devtools-2.6.7.jar;C:\Users\nikkie\.m2\repository\org\springframework\boot\spring-boot\2.6.7\spring-boot-2.6.7.jar;C:\Users\nikkie\.m2\repository\org\springframework\boot\spring-boot-autoconfigure\2.6.7\spring-boot-autoconfigure-2.6.7.jar;C:\Users\nikkie\.m2\repository\com\jayway\jsonpath\json-path\2.6.0\json-path-2.6.0.jar;C:\Users\nikkie\.m2\repository\net\minidev\json-smart\2.4.8\json-smart-2.4.8.jar;C:\Users\nikkie\.m2\repository\net\minidev\accessors-smart\2.4.8\accessors-smart-2.4.8.jar;C:\Users\nikkie\.m2\repository\org\ow2\asm\asm\9.1\asm-9.1.jar;C:\Users\nikkie\.m2\repository\jakarta\xml\bind\jakarta.xml.bind-api\2.3.3\jakarta.xml.bind-api-2.3.3.jar;C:\Users\nikkie\.m2\repository\jakarta\activation\jakarta.activation-api\1.2.2\jakarta.activation-api-1.2.2.jar;C:\Users\nikkie\.m2\repository\org\springframework\spring-core\5.3.19\spring-core-5.3.19.jar;C:\Users\nikkie\.m2\repository\org\springframework\spring-jcl\5.3.19\spring-jcl-5.3.19.jar
Launcher Type: SUN_STANDARD

[Global flags]
     intx CICompilerCount                          = 3                                         {product} {ergonomic}
     uint ConcGCThreads                            = 1                                         {product} {ergonomic}
     uint G1ConcRefinementThreads                  = 4                                         {product} {ergonomic}
   size_t G1HeapRegionSize                         = 1048576                                   {product} {ergonomic}
    uintx GCDrainStackTargetSize                   = 64                                        {product} {ergonomic}
   size_t InitialHeapSize                          = 134217728                                 {product} {ergonomic}
   size_t MarkStackSize                            = 4194304                                   {product} {ergonomic}
   size_t MaxHeapSize                              = 2116026368                                {product} {ergonomic}
   size_t MaxNewSize                               = 1268776960                                {product} {ergonomic}
   size_t MinHeapDeltaBytes                        = 1048576                                   {product} {ergonomic}
   size_t MinHeapSize                              = 8388608                                   {product} {ergonomic}
    uintx NonNMethodCodeHeapSize                   = 5832780                                {pd product} {ergonomic}
    uintx NonProfiledCodeHeapSize                  = 122912730                              {pd product} {ergonomic}
    uintx ProfiledCodeHeapSize                     = 122912730                              {pd product} {ergonomic}
    uintx ReservedCodeCacheSize                    = 251658240                              {pd product} {ergonomic}
     bool SegmentedCodeCache                       = true                                      {product} {ergonomic}
   size_t SoftMaxHeapSize                          = 2116026368                             {manageable} {ergonomic}
     bool UseCompressedClassPointers               = true                           {product lp64_product} {ergonomic}
     bool UseCompressedOops                        = true                           {product lp64_product} {ergonomic}
     bool UseG1GC                                  = true                                      {product} {ergonomic}
     bool UseLargePagesIndividualAllocation        = false                                  {pd product} {ergonomic}

Logging:
Log output configuration:
 #0: stdout all=warning uptime,level,tags foldmultilines=false
 #1: stderr all=off uptime,level,tags foldmultilines=false

Environment Variables:
JAVA_HOME=C:\Program Files\Java\jdk-18.0.1
PATH=E:\maven\apache-maven-3.8.5\bin;C:\Gradle\gradle-7.4.2\bin;C:\Users\nikkie\AppData\Local\Microsoft\WindowsApps;C:\Users\nikkie\AppData\Local\atom\bin;C:\Users\nikkie\AppData\Local\Microsoft\WindowsApps;C:\Users\nikkie\AppData\Local\Programs\Microsoft VS Code\bin;C:\Program Files\Azure Data Studio\bin;C:\Users\nikkie\AppData\Local\GitHubDesktop\bin;C:\Users\nikkie\AppData\Roaming\npm;C:\Program Files\JetBrains\IntelliJ IDEA Community Edition 2022.1\bin;
USERNAME=nikkie
OS=Windows_NT
PROCESSOR_IDENTIFIER=Intel64 Family 6 Model 58 Stepping 9, GenuineIntel



---------------  S Y S T E M  ---------------

OS:
 Windows 10 , 64 bit Build 19041 (10.0.19041.1566)
OS uptime: 10 days 2:34 hours

CPU: total 4 (initial active 4) (2 cores per cpu, 2 threads per core) family 6 model 58 stepping 9 microcode 0x21, cx8, cmov, fxsr, ht, mmx, sse, sse2, sse3, ssse3, sse4.1, sse4.2, popcnt, tsc, tscinvbit, avx, aes, erms, clmul, vzeroupper, clflush

Memory: 4k page, system-wide physical 8067M (1036M free)
TotalPageFile size 18307M (AvailPageFile size 5M)
current process WorkingSet (physical memory assigned to process): 348M, peak: 348M
current process commit charge ("private bytes"): 433M, peak: 459M

vm_info: Java HotSpot(TM) 64-Bit Server VM (18.0.1+10-24) for windows-amd64 JRE (18.0.1+10-24), built on Mar  9 2022 22:41:56 by "mach5one" with MS VC++ 16.8 / 16.9 (VS2019)

END.
